{"/home/travis/build/wasdk/WebAssemblyStudio/src/config.ts": {"path":"/home/travis/build/wasdk/WebAssemblyStudio/src/config.ts","statementMap":{"0":{"start":{"line":22,"column":16},"end":{"line":29,"column":1}},"1":{"start":{"line":23,"column":4},"end":{"line":28,"column":7}},"2":{"start":{"line":24,"column":36},"end":{"line":24,"column":97}},"3":{"start":{"line":24,"column":42},"end":{"line":24,"column":70}},"4":{"start":{"line":24,"column":85},"end":{"line":24,"column":95}},"5":{"start":{"line":25,"column":35},"end":{"line":25,"column":100}},"6":{"start":{"line":25,"column":41},"end":{"line":25,"column":73}},"7":{"start":{"line":25,"column":88},"end":{"line":25,"column":98}},"8":{"start":{"line":26,"column":32},"end":{"line":26,"column":149}},"9":{"start":{"line":26,"column":97},"end":{"line":26,"column":119}},"10":{"start":{"line":27,"column":8},"end":{"line":27,"column":78}},"11":{"start":{"line":30,"column":0},"end":{"line":30,"column":62}},"12":{"start":{"line":31,"column":18},"end":{"line":31,"column":33}},"13":{"start":{"line":34,"column":4},"end":{"line":39,"column":7}},"14":{"start":{"line":35,"column":8},"end":{"line":37,"column":9}},"15":{"start":{"line":36,"column":12},"end":{"line":36,"column":70}},"16":{"start":{"line":36,"column":57},"end":{"line":36,"column":68}},"17":{"start":{"line":38,"column":8},"end":{"line":38,"column":22}},"18":{"start":{"line":41,"column":0},"end":{"line":41,"column":28}}},"fnMap":{"0":{"name":"(anonymous_0)","decl":{"start":{"line":22,"column":44},"end":{"line":22,"column":45}},"loc":{"start":{"line":22,"column":89},"end":{"line":29,"column":1}},"line":22},"1":{"name":"(anonymous_1)","decl":{"start":{"line":23,"column":36},"end":{"line":23,"column":37}},"loc":{"start":{"line":23,"column":63},"end":{"line":28,"column":5}},"line":23},"2":{"name":"fulfilled","decl":{"start":{"line":24,"column":17},"end":{"line":24,"column":26}},"loc":{"start":{"line":24,"column":34},"end":{"line":24,"column":99}},"line":24},"3":{"name":"rejected","decl":{"start":{"line":25,"column":17},"end":{"line":25,"column":25}},"loc":{"start":{"line":25,"column":33},"end":{"line":25,"column":102}},"line":25},"4":{"name":"step","decl":{"start":{"line":26,"column":17},"end":{"line":26,"column":21}},"loc":{"start":{"line":26,"column":30},"end":{"line":26,"column":151}},"line":26},"5":{"name":"(anonymous_5)","decl":{"start":{"line":26,"column":76},"end":{"line":26,"column":77}},"loc":{"start":{"line":26,"column":95},"end":{"line":26,"column":121}},"line":26},"6":{"name":"getConfig","decl":{"start":{"line":33,"column":9},"end":{"line":33,"column":18}},"loc":{"start":{"line":33,"column":21},"end":{"line":40,"column":1}},"line":33},"7":{"name":"(anonymous_7)","decl":{"start":{"line":34,"column":43},"end":{"line":34,"column":44}},"loc":{"start":{"line":34,"column":56},"end":{"line":39,"column":5}},"line":34},"8":{"name":"(anonymous_8)","decl":{"start":{"line":36,"column":49},"end":{"line":36,"column":50}},"loc":{"start":{"line":36,"column":57},"end":{"line":36,"column":68}},"line":36}},"branchMap":{"0":{"loc":{"start":{"line":22,"column":16},"end":{"line":29,"column":1}},"type":"binary-expr","locations":[{"start":{"line":22,"column":17},"end":{"line":22,"column":21}},{"start":{"line":22,"column":25},"end":{"line":22,"column":39}},{"start":{"line":22,"column":44},"end":{"line":29,"column":1}}],"line":22},"1":{"loc":{"start":{"line":23,"column":16},"end":{"line":23,"column":34}},"type":"binary-expr","locations":[{"start":{"line":23,"column":16},"end":{"line":23,"column":17}},{"start":{"line":23,"column":22},"end":{"line":23,"column":33}}],"line":23},"2":{"loc":{"start":{"line":26,"column":32},"end":{"line":26,"column":148}},"type":"cond-expr","locations":[{"start":{"line":26,"column":46},"end":{"line":26,"column":67}},{"start":{"line":26,"column":70},"end":{"line":26,"column":148}}],"line":26},"3":{"loc":{"start":{"line":27,"column":51},"end":{"line":27,"column":67}},"type":"binary-expr","locations":[{"start":{"line":27,"column":51},"end":{"line":27,"column":61}},{"start":{"line":27,"column":65},"end":{"line":27,"column":67}}],"line":27},"4":{"loc":{"start":{"line":35,"column":8},"end":{"line":37,"column":9}},"type":"if","locations":[{"start":{"line":35,"column":8},"end":{"line":37,"column":9}},{"start":{"line":35,"column":8},"end":{"line":37,"column":9}}],"line":35}},"s":{"0":7,"1":0,"2":0,"3":0,"4":0,"5":0,"6":0,"7":0,"8":0,"9":0,"10":0,"11":7,"12":7,"13":0,"14":0,"15":0,"16":0,"17":0,"18":7},"f":{"0":0,"1":0,"2":0,"3":0,"4":0,"5":0,"6":0,"7":0,"8":0},"b":{"0":[7,7,7],"1":[0,0],"2":[0,0],"3":[0,0],"4":[0,0]},"_coverageSchema":"332fd63041d2c1bcb487cc26dd0d5f7d97098a6c","hash":"b913738afbe09766e750757a437954d78676c8a2"}
,"/home/travis/build/wasdk/WebAssemblyStudio/src/dispatcher.ts": {"path":"/home/travis/build/wasdk/WebAssemblyStudio/src/dispatcher.ts","statementMap":{"0":{"start":{"line":22,"column":0},"end":{"line":22,"column":62}},"1":{"start":{"line":23,"column":15},"end":{"line":23,"column":30}},"2":{"start":{"line":24,"column":0},"end":{"line":24,"column":42}}},"fnMap":{},"branchMap":{},"s":{"0":4,"1":4,"2":4},"f":{},"b":{},"_coverageSchema":"332fd63041d2c1bcb487cc26dd0d5f7d97098a6c","hash":"96f2a1faa523861d7d9b087e3fde3530f0ba55df"}
,"/home/travis/build/wasdk/WebAssemblyStudio/src/errors.ts": {"path":"/home/travis/build/wasdk/WebAssemblyStudio/src/errors.ts","statementMap":{"0":{"start":{"line":22,"column":0},"end":{"line":22,"column":62}},"1":{"start":{"line":23,"column":0},"end":{"line":25,"column":2}}},"fnMap":{},"branchMap":{},"s":{"0":4,"1":4},"f":{},"b":{},"_coverageSchema":"332fd63041d2c1bcb487cc26dd0d5f7d97098a6c","hash":"d30d83ec41b8432144576dd85f3bc5c346eb948b"}
,"/home/travis/build/wasdk/WebAssemblyStudio/src/gulpy.ts": {"path":"/home/travis/build/wasdk/WebAssemblyStudio/src/gulpy.ts","statementMap":{"0":{"start":{"line":22,"column":16},"end":{"line":29,"column":1}},"1":{"start":{"line":23,"column":4},"end":{"line":28,"column":7}},"2":{"start":{"line":24,"column":36},"end":{"line":24,"column":97}},"3":{"start":{"line":24,"column":42},"end":{"line":24,"column":70}},"4":{"start":{"line":24,"column":85},"end":{"line":24,"column":95}},"5":{"start":{"line":25,"column":35},"end":{"line":25,"column":100}},"6":{"start":{"line":25,"column":41},"end":{"line":25,"column":73}},"7":{"start":{"line":25,"column":88},"end":{"line":25,"column":98}},"8":{"start":{"line":26,"column":32},"end":{"line":26,"column":149}},"9":{"start":{"line":26,"column":97},"end":{"line":26,"column":119}},"10":{"start":{"line":27,"column":8},"end":{"line":27,"column":78}},"11":{"start":{"line":30,"column":0},"end":{"line":30,"column":62}},"12":{"start":{"line":33,"column":8},"end":{"line":33,"column":41}},"13":{"start":{"line":34,"column":8},"end":{"line":34,"column":41}},"14":{"start":{"line":39,"column":8},"end":{"line":39,"column":25}},"15":{"start":{"line":40,"column":8},"end":{"line":40,"column":28}},"16":{"start":{"line":43,"column":8},"end":{"line":45,"column":9}},"17":{"start":{"line":44,"column":12},"end":{"line":44,"column":32}},"18":{"start":{"line":46,"column":8},"end":{"line":46,"column":55}},"19":{"start":{"line":51,"column":8},"end":{"line":51,"column":31}},"20":{"start":{"line":52,"column":8},"end":{"line":52,"column":27}},"21":{"start":{"line":55,"column":23},"end":{"line":55,"column":43}},"22":{"start":{"line":56,"column":8},"end":{"line":58,"column":9}},"23":{"start":{"line":57,"column":12},"end":{"line":57,"column":28}},"24":{"start":{"line":59,"column":8},"end":{"line":59,"column":42}},"25":{"start":{"line":60,"column":8},"end":{"line":60,"column":39}},"26":{"start":{"line":61,"column":8},"end":{"line":61,"column":24}},"27":{"start":{"line":64,"column":8},"end":{"line":68,"column":11}},"28":{"start":{"line":65,"column":33},"end":{"line":65,"column":92}},"29":{"start":{"line":65,"column":69},"end":{"line":65,"column":91}},"30":{"start":{"line":66,"column":12},"end":{"line":66,"column":74}},"31":{"start":{"line":66,"column":52},"end":{"line":66,"column":71}},"32":{"start":{"line":67,"column":12},"end":{"line":67,"column":42}},"33":{"start":{"line":71,"column":8},"end":{"line":73,"column":11}},"34":{"start":{"line":72,"column":12},"end":{"line":72,"column":63}},"35":{"start":{"line":78,"column":8},"end":{"line":78,"column":24}},"36":{"start":{"line":81,"column":27},"end":{"line":81,"column":29}},"37":{"start":{"line":82,"column":17},"end":{"line":82,"column":21}},"38":{"start":{"line":83,"column":8},"end":{"line":95,"column":9}},"39":{"start":{"line":84,"column":12},"end":{"line":84,"column":29}},"40":{"start":{"line":85,"column":12},"end":{"line":85,"column":19}},"41":{"start":{"line":87,"column":13},"end":{"line":95,"column":9}},"42":{"start":{"line":88,"column":12},"end":{"line":94,"column":13}},"43":{"start":{"line":89,"column":16},"end":{"line":89,"column":33}},"44":{"start":{"line":90,"column":16},"end":{"line":90,"column":38}},"45":{"start":{"line":93,"column":16},"end":{"line":93,"column":23}},"46":{"start":{"line":96,"column":8},"end":{"line":96,"column":78}},"47":{"start":{"line":96,"column":58},"end":{"line":96,"column":71}},"48":{"start":{"line":99,"column":8},"end":{"line":99,"column":20}},"49":{"start":{"line":102,"column":8},"end":{"line":102,"column":20}},"50":{"start":{"line":105,"column":8},"end":{"line":105,"column":34}},"51":{"start":{"line":108,"column":8},"end":{"line":111,"column":11}},"52":{"start":{"line":109,"column":28},"end":{"line":109,"column":50}},"53":{"start":{"line":110,"column":12},"end":{"line":110,"column":48}},"54":{"start":{"line":114,"column":0},"end":{"line":114,"column":22}},"55":{"start":{"line":116,"column":17},"end":{"line":116,"column":28}},"56":{"start":{"line":117,"column":4},"end":{"line":124,"column":7}},"57":{"start":{"line":118,"column":8},"end":{"line":123,"column":11}},"58":{"start":{"line":119,"column":12},"end":{"line":122,"column":19}},"59":{"start":{"line":120,"column":16},"end":{"line":120,"column":67}},"60":{"start":{"line":121,"column":16},"end":{"line":121,"column":26}},"61":{"start":{"line":125,"column":4},"end":{"line":132,"column":7}},"62":{"start":{"line":126,"column":8},"end":{"line":131,"column":11}},"63":{"start":{"line":127,"column":12},"end":{"line":130,"column":20}},"64":{"start":{"line":128,"column":16},"end":{"line":128,"column":67}},"65":{"start":{"line":129,"column":16},"end":{"line":129,"column":26}},"66":{"start":{"line":133,"column":4},"end":{"line":140,"column":7}},"67":{"start":{"line":134,"column":8},"end":{"line":139,"column":11}},"68":{"start":{"line":135,"column":12},"end":{"line":138,"column":20}},"69":{"start":{"line":136,"column":16},"end":{"line":136,"column":67}},"70":{"start":{"line":137,"column":16},"end":{"line":137,"column":26}},"71":{"start":{"line":141,"column":4},"end":{"line":141,"column":18}},"72":{"start":{"line":143,"column":0},"end":{"line":143,"column":30}}},"fnMap":{"0":{"name":"(anonymous_0)","decl":{"start":{"line":22,"column":44},"end":{"line":22,"column":45}},"loc":{"start":{"line":22,"column":89},"end":{"line":29,"column":1}},"line":22},"1":{"name":"(anonymous_1)","decl":{"start":{"line":23,"column":36},"end":{"line":23,"column":37}},"loc":{"start":{"line":23,"column":63},"end":{"line":28,"column":5}},"line":23},"2":{"name":"fulfilled","decl":{"start":{"line":24,"column":17},"end":{"line":24,"column":26}},"loc":{"start":{"line":24,"column":34},"end":{"line":24,"column":99}},"line":24},"3":{"name":"rejected","decl":{"start":{"line":25,"column":17},"end":{"line":25,"column":25}},"loc":{"start":{"line":25,"column":33},"end":{"line":25,"column":102}},"line":25},"4":{"name":"step","decl":{"start":{"line":26,"column":17},"end":{"line":26,"column":21}},"loc":{"start":{"line":26,"column":30},"end":{"line":26,"column":151}},"line":26},"5":{"name":"(anonymous_5)","decl":{"start":{"line":26,"column":76},"end":{"line":26,"column":77}},"loc":{"start":{"line":26,"column":95},"end":{"line":26,"column":121}},"line":26},"6":{"name":"(anonymous_6)","decl":{"start":{"line":32,"column":4},"end":{"line":32,"column":5}},"loc":{"start":{"line":32,"column":44},"end":{"line":35,"column":5}},"line":32},"7":{"name":"(anonymous_7)","decl":{"start":{"line":38,"column":4},"end":{"line":38,"column":5}},"loc":{"start":{"line":38,"column":22},"end":{"line":41,"column":5}},"line":38},"8":{"name":"(anonymous_8)","decl":{"start":{"line":42,"column":4},"end":{"line":42,"column":5}},"loc":{"start":{"line":42,"column":18},"end":{"line":47,"column":5}},"line":42},"9":{"name":"(anonymous_9)","decl":{"start":{"line":50,"column":4},"end":{"line":50,"column":5}},"loc":{"start":{"line":50,"column":23},"end":{"line":53,"column":5}},"line":50},"10":{"name":"(anonymous_10)","decl":{"start":{"line":54,"column":4},"end":{"line":54,"column":5}},"loc":{"start":{"line":54,"column":25},"end":{"line":62,"column":5}},"line":54},"11":{"name":"(anonymous_11)","decl":{"start":{"line":63,"column":4},"end":{"line":63,"column":5}},"loc":{"start":{"line":63,"column":26},"end":{"line":69,"column":5}},"line":63},"12":{"name":"(anonymous_12)","decl":{"start":{"line":64,"column":47},"end":{"line":64,"column":48}},"loc":{"start":{"line":64,"column":60},"end":{"line":68,"column":9}},"line":64},"13":{"name":"(anonymous_13)","decl":{"start":{"line":65,"column":64},"end":{"line":65,"column":65}},"loc":{"start":{"line":65,"column":69},"end":{"line":65,"column":91}},"line":65},"14":{"name":"(anonymous_14)","decl":{"start":{"line":66,"column":47},"end":{"line":66,"column":48}},"loc":{"start":{"line":66,"column":52},"end":{"line":66,"column":71}},"line":66},"15":{"name":"(anonymous_15)","decl":{"start":{"line":70,"column":4},"end":{"line":70,"column":5}},"loc":{"start":{"line":70,"column":14},"end":{"line":74,"column":5}},"line":70},"16":{"name":"(anonymous_16)","decl":{"start":{"line":71,"column":47},"end":{"line":71,"column":48}},"loc":{"start":{"line":71,"column":60},"end":{"line":73,"column":9}},"line":71},"17":{"name":"(anonymous_17)","decl":{"start":{"line":77,"column":4},"end":{"line":77,"column":5}},"loc":{"start":{"line":77,"column":18},"end":{"line":79,"column":5}},"line":77},"18":{"name":"(anonymous_18)","decl":{"start":{"line":80,"column":4},"end":{"line":80,"column":5}},"loc":{"start":{"line":80,"column":21},"end":{"line":97,"column":5}},"line":80},"19":{"name":"(anonymous_19)","decl":{"start":{"line":90,"column":27},"end":{"line":90,"column":28}},"loc":{"start":{"line":90,"column":33},"end":{"line":90,"column":36}},"line":90},"20":{"name":"(anonymous_20)","decl":{"start":{"line":96,"column":53},"end":{"line":96,"column":54}},"loc":{"start":{"line":96,"column":58},"end":{"line":96,"column":71}},"line":96},"21":{"name":"(anonymous_21)","decl":{"start":{"line":98,"column":4},"end":{"line":98,"column":5}},"loc":{"start":{"line":98,"column":18},"end":{"line":100,"column":5}},"line":98},"22":{"name":"(anonymous_22)","decl":{"start":{"line":101,"column":4},"end":{"line":101,"column":5}},"loc":{"start":{"line":101,"column":20},"end":{"line":103,"column":5}},"line":101},"23":{"name":"(anonymous_23)","decl":{"start":{"line":104,"column":4},"end":{"line":104,"column":5}},"loc":{"start":{"line":104,"column":18},"end":{"line":106,"column":5}},"line":104},"24":{"name":"(anonymous_24)","decl":{"start":{"line":107,"column":4},"end":{"line":107,"column":5}},"loc":{"start":{"line":107,"column":14},"end":{"line":112,"column":5}},"line":107},"25":{"name":"(anonymous_25)","decl":{"start":{"line":108,"column":47},"end":{"line":108,"column":48}},"loc":{"start":{"line":108,"column":60},"end":{"line":111,"column":9}},"line":108},"26":{"name":"testGulpy","decl":{"start":{"line":115,"column":9},"end":{"line":115,"column":18}},"loc":{"start":{"line":115,"column":21},"end":{"line":142,"column":1}},"line":115},"27":{"name":"(anonymous_27)","decl":{"start":{"line":117,"column":19},"end":{"line":117,"column":20}},"loc":{"start":{"line":117,"column":25},"end":{"line":124,"column":5}},"line":117},"28":{"name":"(anonymous_28)","decl":{"start":{"line":118,"column":27},"end":{"line":118,"column":28}},"loc":{"start":{"line":118,"column":48},"end":{"line":123,"column":9}},"line":118},"29":{"name":"(anonymous_29)","decl":{"start":{"line":119,"column":23},"end":{"line":119,"column":24}},"loc":{"start":{"line":119,"column":29},"end":{"line":122,"column":13}},"line":119},"30":{"name":"(anonymous_30)","decl":{"start":{"line":125,"column":23},"end":{"line":125,"column":24}},"loc":{"start":{"line":125,"column":29},"end":{"line":132,"column":5}},"line":125},"31":{"name":"(anonymous_31)","decl":{"start":{"line":126,"column":27},"end":{"line":126,"column":28}},"loc":{"start":{"line":126,"column":48},"end":{"line":131,"column":9}},"line":126},"32":{"name":"(anonymous_32)","decl":{"start":{"line":127,"column":23},"end":{"line":127,"column":24}},"loc":{"start":{"line":127,"column":29},"end":{"line":130,"column":13}},"line":127},"33":{"name":"(anonymous_33)","decl":{"start":{"line":133,"column":31},"end":{"line":133,"column":32}},"loc":{"start":{"line":133,"column":37},"end":{"line":140,"column":5}},"line":133},"34":{"name":"(anonymous_34)","decl":{"start":{"line":134,"column":27},"end":{"line":134,"column":28}},"loc":{"start":{"line":134,"column":48},"end":{"line":139,"column":9}},"line":134},"35":{"name":"(anonymous_35)","decl":{"start":{"line":135,"column":23},"end":{"line":135,"column":24}},"loc":{"start":{"line":135,"column":29},"end":{"line":138,"column":13}},"line":135}},"branchMap":{"0":{"loc":{"start":{"line":22,"column":16},"end":{"line":29,"column":1}},"type":"binary-expr","locations":[{"start":{"line":22,"column":17},"end":{"line":22,"column":21}},{"start":{"line":22,"column":25},"end":{"line":22,"column":39}},{"start":{"line":22,"column":44},"end":{"line":29,"column":1}}],"line":22},"1":{"loc":{"start":{"line":23,"column":16},"end":{"line":23,"column":34}},"type":"binary-expr","locations":[{"start":{"line":23,"column":16},"end":{"line":23,"column":17}},{"start":{"line":23,"column":22},"end":{"line":23,"column":33}}],"line":23},"2":{"loc":{"start":{"line":26,"column":32},"end":{"line":26,"column":148}},"type":"cond-expr","locations":[{"start":{"line":26,"column":46},"end":{"line":26,"column":67}},{"start":{"line":26,"column":70},"end":{"line":26,"column":148}}],"line":26},"3":{"loc":{"start":{"line":27,"column":51},"end":{"line":27,"column":67}},"type":"binary-expr","locations":[{"start":{"line":27,"column":51},"end":{"line":27,"column":61}},{"start":{"line":27,"column":65},"end":{"line":27,"column":67}}],"line":27},"4":{"loc":{"start":{"line":43,"column":8},"end":{"line":45,"column":9}},"type":"if","locations":[{"start":{"line":43,"column":8},"end":{"line":45,"column":9}},{"start":{"line":43,"column":8},"end":{"line":45,"column":9}}],"line":43},"5":{"loc":{"start":{"line":56,"column":8},"end":{"line":58,"column":9}},"type":"if","locations":[{"start":{"line":56,"column":8},"end":{"line":58,"column":9}},{"start":{"line":56,"column":8},"end":{"line":58,"column":9}}],"line":56},"6":{"loc":{"start":{"line":83,"column":8},"end":{"line":95,"column":9}},"type":"if","locations":[{"start":{"line":83,"column":8},"end":{"line":95,"column":9}},{"start":{"line":83,"column":8},"end":{"line":95,"column":9}}],"line":83},"7":{"loc":{"start":{"line":87,"column":13},"end":{"line":95,"column":9}},"type":"if","locations":[{"start":{"line":87,"column":13},"end":{"line":95,"column":9}},{"start":{"line":87,"column":13},"end":{"line":95,"column":9}}],"line":87},"8":{"loc":{"start":{"line":88,"column":12},"end":{"line":94,"column":13}},"type":"if","locations":[{"start":{"line":88,"column":12},"end":{"line":94,"column":13}},{"start":{"line":88,"column":12},"end":{"line":94,"column":13}}],"line":88},"9":{"loc":{"start":{"line":90,"column":21},"end":{"line":90,"column":37}},"type":"binary-expr","locations":[{"start":{"line":90,"column":21},"end":{"line":90,"column":22}},{"start":{"line":90,"column":27},"end":{"line":90,"column":36}}],"line":90}},"s":{"0":4,"1":0,"2":0,"3":0,"4":0,"5":0,"6":0,"7":0,"8":0,"9":0,"10":0,"11":4,"12":0,"13":0,"14":0,"15":0,"16":0,"17":0,"18":0,"19":0,"20":0,"21":0,"22":0,"23":0,"24":0,"25":0,"26":0,"27":0,"28":0,"29":0,"30":0,"31":0,"32":0,"33":0,"34":0,"35":0,"36":0,"37":0,"38":0,"39":0,"40":0,"41":0,"42":0,"43":0,"44":0,"45":0,"46":0,"47":0,"48":0,"49":0,"50":0,"51":0,"52":0,"53":0,"54":4,"55":0,"56":0,"57":0,"58":0,"59":0,"60":0,"61":0,"62":0,"63":0,"64":0,"65":0,"66":0,"67":0,"68":0,"69":0,"70":0,"71":0,"72":4},"f":{"0":0,"1":0,"2":0,"3":0,"4":0,"5":0,"6":0,"7":0,"8":0,"9":0,"10":0,"11":0,"12":0,"13":0,"14":0,"15":0,"16":0,"17":0,"18":0,"19":0,"20":0,"21":0,"22":0,"23":0,"24":0,"25":0,"26":0,"27":0,"28":0,"29":0,"30":0,"31":0,"32":0,"33":0,"34":0,"35":0},"b":{"0":[4,4,4],"1":[0,0],"2":[0,0],"3":[0,0],"4":[0,0],"5":[0,0],"6":[0,0],"7":[0,0],"8":[0,0],"9":[0,0]},"_coverageSchema":"332fd63041d2c1bcb487cc26dd0d5f7d97098a6c","hash":"7e90096302e9bbed65e1ad033c98651c0e0cbc44"}
,"/home/travis/build/wasdk/WebAssemblyStudio/src/index.tsx": {"path":"/home/travis/build/wasdk/WebAssemblyStudio/src/index.tsx","statementMap":{"0":{"start":{"line":22,"column":0},"end":{"line":22,"column":62}},"1":{"start":{"line":23,"column":14},"end":{"line":23,"column":30}},"2":{"start":{"line":24,"column":17},"end":{"line":24,"column":37}},"3":{"start":{"line":25,"column":14},"end":{"line":25,"column":41}},"4":{"start":{"line":26,"column":15},"end":{"line":26,"column":32}},"5":{"start":{"line":27,"column":23},"end":{"line":27,"column":48}},"6":{"start":{"line":28,"column":30},"end":{"line":28,"column":73}},"7":{"start":{"line":29,"column":0},"end":{"line":29,"column":56}},"8":{"start":{"line":31,"column":14},"end":{"line":31,"column":49}},"9":{"start":{"line":32,"column":4},"end":{"line":32,"column":33}},"10":{"start":{"line":33,"column":19},"end":{"line":33,"column":21}},"11":{"start":{"line":34,"column":4},"end":{"line":42,"column":7}},"12":{"start":{"line":35,"column":18},"end":{"line":35,"column":30}},"13":{"start":{"line":36,"column":8},"end":{"line":41,"column":9}},"14":{"start":{"line":37,"column":12},"end":{"line":37,"column":53}},"15":{"start":{"line":40,"column":12},"end":{"line":40,"column":33}},"16":{"start":{"line":44,"column":0},"end":{"line":44,"column":50}},"17":{"start":{"line":46,"column":19},"end":{"line":46,"column":21}},"18":{"start":{"line":47,"column":4},"end":{"line":49,"column":7}},"19":{"start":{"line":48,"column":8},"end":{"line":48,"column":28}},"20":{"start":{"line":50,"column":4},"end":{"line":50,"column":18}},"21":{"start":{"line":52,"column":0},"end":{"line":52,"column":44}},"22":{"start":{"line":53,"column":25},"end":{"line":55,"column":1}},"23":{"start":{"line":57,"column":4},"end":{"line":60,"column":5}},"24":{"start":{"line":58,"column":8},"end":{"line":58,"column":77}},"25":{"start":{"line":59,"column":8},"end":{"line":59,"column":15}},"26":{"start":{"line":61,"column":4},"end":{"line":61,"column":49}},"27":{"start":{"line":63,"column":0},"end":{"line":63,"column":66}},"28":{"start":{"line":64,"column":19},"end":{"line":64,"column":37}},"29":{"start":{"line":65,"column":14},"end":{"line":65,"column":87}},"30":{"start":{"line":66,"column":15},"end":{"line":66,"column":90}},"31":{"start":{"line":67,"column":15},"end":{"line":67,"column":54}},"32":{"start":{"line":68,"column":0},"end":{"line":76,"column":3}},"33":{"start":{"line":69,"column":4},"end":{"line":69,"column":51}},"34":{"start":{"line":70,"column":4},"end":{"line":75,"column":5}},"35":{"start":{"line":71,"column":8},"end":{"line":71,"column":126}},"36":{"start":{"line":74,"column":8},"end":{"line":74,"column":171}}},"fnMap":{"0":{"name":"forEachUrlParameter","decl":{"start":{"line":30,"column":9},"end":{"line":30,"column":28}},"loc":{"start":{"line":30,"column":39},"end":{"line":43,"column":1}},"line":30},"1":{"name":"(anonymous_1)","decl":{"start":{"line":34,"column":27},"end":{"line":34,"column":28}},"loc":{"start":{"line":34,"column":40},"end":{"line":42,"column":5}},"line":34},"2":{"name":"getUrlParameters","decl":{"start":{"line":45,"column":9},"end":{"line":45,"column":25}},"loc":{"start":{"line":45,"column":28},"end":{"line":51,"column":1}},"line":45},"3":{"name":"(anonymous_3)","decl":{"start":{"line":47,"column":24},"end":{"line":47,"column":25}},"loc":{"start":{"line":47,"column":40},"end":{"line":49,"column":5}},"line":47},"4":{"name":"unloadPageHandler","decl":{"start":{"line":56,"column":9},"end":{"line":56,"column":26}},"loc":{"start":{"line":56,"column":30},"end":{"line":62,"column":1}},"line":56},"5":{"name":"(anonymous_5)","decl":{"start":{"line":68,"column":58},"end":{"line":68,"column":59}},"loc":{"start":{"line":68,"column":74},"end":{"line":76,"column":1}},"line":68}},"branchMap":{"0":{"loc":{"start":{"line":36,"column":8},"end":{"line":41,"column":9}},"type":"if","locations":[{"start":{"line":36,"column":8},"end":{"line":41,"column":9}},{"start":{"line":36,"column":8},"end":{"line":41,"column":9}}],"line":36},"1":{"loc":{"start":{"line":57,"column":4},"end":{"line":60,"column":5}},"type":"if","locations":[{"start":{"line":57,"column":4},"end":{"line":60,"column":5}},{"start":{"line":57,"column":4},"end":{"line":60,"column":5}}],"line":57},"2":{"loc":{"start":{"line":65,"column":14},"end":{"line":65,"column":87}},"type":"cond-expr","locations":[{"start":{"line":65,"column":45},"end":{"line":65,"column":49}},{"start":{"line":65,"column":52},"end":{"line":65,"column":87}}],"line":65},"3":{"loc":{"start":{"line":66,"column":15},"end":{"line":66,"column":90}},"type":"cond-expr","locations":[{"start":{"line":66,"column":47},"end":{"line":66,"column":51}},{"start":{"line":66,"column":54},"end":{"line":66,"column":90}}],"line":66},"4":{"loc":{"start":{"line":67,"column":15},"end":{"line":67,"column":54}},"type":"binary-expr","locations":[{"start":{"line":67,"column":15},"end":{"line":67,"column":35}},{"start":{"line":67,"column":39},"end":{"line":67,"column":54}}],"line":67},"5":{"loc":{"start":{"line":70,"column":4},"end":{"line":75,"column":5}},"type":"if","locations":[{"start":{"line":70,"column":4},"end":{"line":75,"column":5}},{"start":{"line":70,"column":4},"end":{"line":75,"column":5}}],"line":70}},"s":{"0":0,"1":0,"2":0,"3":0,"4":0,"5":0,"6":0,"7":0,"8":0,"9":0,"10":0,"11":0,"12":0,"13":0,"14":0,"15":0,"16":0,"17":0,"18":0,"19":0,"20":0,"21":0,"22":0,"23":0,"24":0,"25":0,"26":0,"27":0,"28":0,"29":0,"30":0,"31":0,"32":0,"33":0,"34":0,"35":0,"36":0},"f":{"0":0,"1":0,"2":0,"3":0,"4":0,"5":0},"b":{"0":[0,0],"1":[0,0],"2":[0,0],"3":[0,0],"4":[0,0],"5":[0,0]}}
,"/home/travis/build/wasdk/WebAssemblyStudio/src/message.ts": {"path":"/home/travis/build/wasdk/WebAssemblyStudio/src/message.ts","statementMap":{"0":{"start":{"line":22,"column":0},"end":{"line":22,"column":62}},"1":{"start":{"line":24,"column":0},"end":{"line":34,"column":74}},"2":{"start":{"line":25,"column":4},"end":{"line":25,"column":94}},"3":{"start":{"line":26,"column":4},"end":{"line":26,"column":94}},"4":{"start":{"line":27,"column":4},"end":{"line":27,"column":108}},"5":{"start":{"line":28,"column":4},"end":{"line":28,"column":102}},"6":{"start":{"line":29,"column":4},"end":{"line":29,"column":100}},"7":{"start":{"line":30,"column":4},"end":{"line":30,"column":92}},"8":{"start":{"line":31,"column":4},"end":{"line":31,"column":92}},"9":{"start":{"line":32,"column":4},"end":{"line":32,"column":84}},"10":{"start":{"line":33,"column":4},"end":{"line":33,"column":66}}},"fnMap":{"0":{"name":"(anonymous_0)","decl":{"start":{"line":24,"column":1},"end":{"line":24,"column":2}},"loc":{"start":{"line":24,"column":26},"end":{"line":34,"column":1}},"line":24}},"branchMap":{"0":{"loc":{"start":{"line":34,"column":19},"end":{"line":34,"column":72}},"type":"binary-expr","locations":[{"start":{"line":34,"column":19},"end":{"line":34,"column":40}},{"start":{"line":34,"column":45},"end":{"line":34,"column":71}}],"line":34}},"s":{"0":7,"1":7,"2":7,"3":7,"4":7,"5":7,"6":7,"7":7,"8":7,"9":7,"10":7},"f":{"0":7},"b":{"0":[7,7]},"_coverageSchema":"332fd63041d2c1bcb487cc26dd0d5f7d97098a6c","hash":"5068117f5a1f81c1d3f7020f88a11422de17ae8e"}
,"/home/travis/build/wasdk/WebAssemblyStudio/src/model.ts": {"path":"/home/travis/build/wasdk/WebAssemblyStudio/src/model.ts","statementMap":{"0":{"start":{"line":22,"column":16},"end":{"line":29,"column":1}},"1":{"start":{"line":23,"column":4},"end":{"line":28,"column":7}},"2":{"start":{"line":24,"column":36},"end":{"line":24,"column":97}},"3":{"start":{"line":24,"column":42},"end":{"line":24,"column":70}},"4":{"start":{"line":24,"column":85},"end":{"line":24,"column":95}},"5":{"start":{"line":25,"column":35},"end":{"line":25,"column":100}},"6":{"start":{"line":25,"column":41},"end":{"line":25,"column":73}},"7":{"start":{"line":25,"column":88},"end":{"line":25,"column":98}},"8":{"start":{"line":26,"column":32},"end":{"line":26,"column":149}},"9":{"start":{"line":26,"column":97},"end":{"line":26,"column":119}},"10":{"start":{"line":27,"column":8},"end":{"line":27,"column":78}},"11":{"start":{"line":30,"column":0},"end":{"line":30,"column":62}},"12":{"start":{"line":31,"column":0},"end":{"line":31,"column":25}},"13":{"start":{"line":32,"column":15},"end":{"line":32,"column":32}},"14":{"start":{"line":33,"column":20},"end":{"line":33,"column":40}},"15":{"start":{"line":34,"column":18},"end":{"line":34,"column":38}},"16":{"start":{"line":36,"column":4},"end":{"line":38,"column":5}},"17":{"start":{"line":37,"column":8},"end":{"line":37,"column":20}},"18":{"start":{"line":39,"column":4},"end":{"line":41,"column":5}},"19":{"start":{"line":40,"column":8},"end":{"line":40,"column":21}},"20":{"start":{"line":42,"column":4},"end":{"line":46,"column":5}},"21":{"start":{"line":43,"column":8},"end":{"line":45,"column":9}},"22":{"start":{"line":44,"column":12},"end":{"line":44,"column":25}},"23":{"start":{"line":47,"column":4},"end":{"line":47,"column":16}},"24":{"start":{"line":49,"column":0},"end":{"line":49,"column":40}},"25":{"start":{"line":51,"column":0},"end":{"line":69,"column":59}},"26":{"start":{"line":52,"column":4},"end":{"line":52,"column":42}},"27":{"start":{"line":53,"column":4},"end":{"line":53,"column":42}},"28":{"start":{"line":54,"column":4},"end":{"line":54,"column":30}},"29":{"start":{"line":55,"column":4},"end":{"line":55,"column":28}},"30":{"start":{"line":56,"column":4},"end":{"line":56,"column":24}},"31":{"start":{"line":57,"column":4},"end":{"line":57,"column":28}},"32":{"start":{"line":58,"column":4},"end":{"line":58,"column":30}},"33":{"start":{"line":59,"column":4},"end":{"line":59,"column":28}},"34":{"start":{"line":60,"column":4},"end":{"line":60,"column":30}},"35":{"start":{"line":61,"column":4},"end":{"line":61,"column":40}},"36":{"start":{"line":62,"column":4},"end":{"line":62,"column":28}},"37":{"start":{"line":63,"column":4},"end":{"line":63,"column":28}},"38":{"start":{"line":64,"column":4},"end":{"line":64,"column":38}},"39":{"start":{"line":65,"column":4},"end":{"line":65,"column":38}},"40":{"start":{"line":66,"column":4},"end":{"line":66,"column":30}},"41":{"start":{"line":67,"column":4},"end":{"line":67,"column":28}},"42":{"start":{"line":68,"column":4},"end":{"line":68,"column":36}},"43":{"start":{"line":71,"column":4},"end":{"line":76,"column":5}},"44":{"start":{"line":73,"column":12},"end":{"line":73,"column":24}},"45":{"start":{"line":75,"column":12},"end":{"line":75,"column":25}},"46":{"start":{"line":78,"column":0},"end":{"line":78,"column":44}},"47":{"start":{"line":80,"column":4},"end":{"line":118,"column":5}},"48":{"start":{"line":81,"column":8},"end":{"line":81,"column":22}},"49":{"start":{"line":83,"column":9},"end":{"line":118,"column":5}},"50":{"start":{"line":84,"column":8},"end":{"line":84,"column":21}},"51":{"start":{"line":86,"column":9},"end":{"line":118,"column":5}},"52":{"start":{"line":87,"column":8},"end":{"line":87,"column":28}},"53":{"start":{"line":89,"column":9},"end":{"line":118,"column":5}},"54":{"start":{"line":90,"column":8},"end":{"line":90,"column":28}},"55":{"start":{"line":92,"column":9},"end":{"line":118,"column":5}},"56":{"start":{"line":93,"column":8},"end":{"line":93,"column":21}},"57":{"start":{"line":95,"column":9},"end":{"line":118,"column":5}},"58":{"start":{"line":96,"column":8},"end":{"line":96,"column":22}},"59":{"start":{"line":98,"column":9},"end":{"line":118,"column":5}},"60":{"start":{"line":99,"column":8},"end":{"line":99,"column":21}},"61":{"start":{"line":101,"column":9},"end":{"line":118,"column":5}},"62":{"start":{"line":102,"column":8},"end":{"line":102,"column":21}},"63":{"start":{"line":104,"column":9},"end":{"line":118,"column":5}},"64":{"start":{"line":105,"column":8},"end":{"line":105,"column":21}},"65":{"start":{"line":107,"column":9},"end":{"line":118,"column":5}},"66":{"start":{"line":108,"column":8},"end":{"line":108,"column":26}},"67":{"start":{"line":110,"column":9},"end":{"line":118,"column":5}},"68":{"start":{"line":111,"column":8},"end":{"line":111,"column":22}},"69":{"start":{"line":113,"column":9},"end":{"line":118,"column":5}},"70":{"start":{"line":114,"column":8},"end":{"line":114,"column":22}},"71":{"start":{"line":116,"column":9},"end":{"line":118,"column":5}},"72":{"start":{"line":117,"column":8},"end":{"line":117,"column":21}},"73":{"start":{"line":119,"column":4},"end":{"line":119,"column":14}},"74":{"start":{"line":121,"column":0},"end":{"line":121,"column":50}},"75":{"start":{"line":123,"column":4},"end":{"line":161,"column":5}},"76":{"start":{"line":124,"column":8},"end":{"line":124,"column":22}},"77":{"start":{"line":126,"column":9},"end":{"line":161,"column":5}},"78":{"start":{"line":127,"column":8},"end":{"line":127,"column":21}},"79":{"start":{"line":129,"column":9},"end":{"line":161,"column":5}},"80":{"start":{"line":130,"column":8},"end":{"line":130,"column":28}},"81":{"start":{"line":132,"column":9},"end":{"line":161,"column":5}},"82":{"start":{"line":133,"column":8},"end":{"line":133,"column":28}},"83":{"start":{"line":135,"column":9},"end":{"line":161,"column":5}},"84":{"start":{"line":136,"column":8},"end":{"line":136,"column":19}},"85":{"start":{"line":138,"column":9},"end":{"line":161,"column":5}},"86":{"start":{"line":139,"column":8},"end":{"line":139,"column":21}},"87":{"start":{"line":141,"column":9},"end":{"line":161,"column":5}},"88":{"start":{"line":142,"column":8},"end":{"line":142,"column":34}},"89":{"start":{"line":144,"column":9},"end":{"line":161,"column":5}},"90":{"start":{"line":145,"column":8},"end":{"line":145,"column":29}},"91":{"start":{"line":147,"column":9},"end":{"line":161,"column":5}},"92":{"start":{"line":148,"column":8},"end":{"line":148,"column":26}},"93":{"start":{"line":150,"column":9},"end":{"line":161,"column":5}},"94":{"start":{"line":151,"column":8},"end":{"line":151,"column":22}},"95":{"start":{"line":153,"column":9},"end":{"line":161,"column":5}},"96":{"start":{"line":154,"column":8},"end":{"line":154,"column":26}},"97":{"start":{"line":156,"column":9},"end":{"line":161,"column":5}},"98":{"start":{"line":157,"column":8},"end":{"line":157,"column":22}},"99":{"start":{"line":159,"column":9},"end":{"line":161,"column":5}},"100":{"start":{"line":160,"column":8},"end":{"line":160,"column":21}},"101":{"start":{"line":162,"column":4},"end":{"line":162,"column":14}},"102":{"start":{"line":164,"column":0},"end":{"line":164,"column":42}},"103":{"start":{"line":166,"column":4},"end":{"line":204,"column":5}},"104":{"start":{"line":167,"column":8},"end":{"line":167,"column":22}},"105":{"start":{"line":169,"column":9},"end":{"line":204,"column":5}},"106":{"start":{"line":170,"column":8},"end":{"line":170,"column":21}},"107":{"start":{"line":172,"column":9},"end":{"line":204,"column":5}},"108":{"start":{"line":173,"column":8},"end":{"line":173,"column":20}},"109":{"start":{"line":175,"column":9},"end":{"line":204,"column":5}},"110":{"start":{"line":176,"column":8},"end":{"line":176,"column":20}},"111":{"start":{"line":178,"column":9},"end":{"line":204,"column":5}},"112":{"start":{"line":179,"column":8},"end":{"line":179,"column":19}},"113":{"start":{"line":181,"column":9},"end":{"line":204,"column":5}},"114":{"start":{"line":182,"column":8},"end":{"line":182,"column":21}},"115":{"start":{"line":184,"column":9},"end":{"line":204,"column":5}},"116":{"start":{"line":185,"column":8},"end":{"line":185,"column":21}},"117":{"start":{"line":187,"column":9},"end":{"line":204,"column":5}},"118":{"start":{"line":188,"column":8},"end":{"line":188,"column":22}},"119":{"start":{"line":190,"column":9},"end":{"line":204,"column":5}},"120":{"start":{"line":191,"column":8},"end":{"line":191,"column":20}},"121":{"start":{"line":193,"column":9},"end":{"line":204,"column":5}},"122":{"start":{"line":194,"column":8},"end":{"line":194,"column":20}},"123":{"start":{"line":196,"column":9},"end":{"line":204,"column":5}},"124":{"start":{"line":197,"column":8},"end":{"line":197,"column":22}},"125":{"start":{"line":199,"column":9},"end":{"line":204,"column":5}},"126":{"start":{"line":200,"column":8},"end":{"line":200,"column":22}},"127":{"start":{"line":202,"column":9},"end":{"line":204,"column":5}},"128":{"start":{"line":203,"column":8},"end":{"line":203,"column":21}},"129":{"start":{"line":205,"column":4},"end":{"line":205,"column":14}},"130":{"start":{"line":207,"column":0},"end":{"line":207,"column":52}},"131":{"start":{"line":209,"column":4},"end":{"line":209,"column":55}},"132":{"start":{"line":211,"column":0},"end":{"line":211,"column":52}},"133":{"start":{"line":213,"column":4},"end":{"line":251,"column":5}},"134":{"start":{"line":214,"column":8},"end":{"line":214,"column":29}},"135":{"start":{"line":216,"column":9},"end":{"line":251,"column":5}},"136":{"start":{"line":217,"column":8},"end":{"line":217,"column":28}},"137":{"start":{"line":219,"column":9},"end":{"line":251,"column":5}},"138":{"start":{"line":220,"column":8},"end":{"line":220,"column":35}},"139":{"start":{"line":222,"column":9},"end":{"line":251,"column":5}},"140":{"start":{"line":223,"column":8},"end":{"line":223,"column":35}},"141":{"start":{"line":225,"column":9},"end":{"line":251,"column":5}},"142":{"start":{"line":226,"column":8},"end":{"line":226,"column":26}},"143":{"start":{"line":228,"column":9},"end":{"line":251,"column":5}},"144":{"start":{"line":229,"column":8},"end":{"line":229,"column":28}},"145":{"start":{"line":231,"column":9},"end":{"line":251,"column":5}},"146":{"start":{"line":232,"column":8},"end":{"line":232,"column":28}},"147":{"start":{"line":234,"column":9},"end":{"line":251,"column":5}},"148":{"start":{"line":235,"column":8},"end":{"line":235,"column":29}},"149":{"start":{"line":237,"column":9},"end":{"line":251,"column":5}},"150":{"start":{"line":238,"column":8},"end":{"line":238,"column":33}},"151":{"start":{"line":240,"column":9},"end":{"line":251,"column":5}},"152":{"start":{"line":241,"column":8},"end":{"line":241,"column":29}},"153":{"start":{"line":243,"column":9},"end":{"line":251,"column":5}},"154":{"start":{"line":244,"column":8},"end":{"line":244,"column":33}},"155":{"start":{"line":246,"column":9},"end":{"line":251,"column":5}},"156":{"start":{"line":247,"column":8},"end":{"line":247,"column":29}},"157":{"start":{"line":249,"column":9},"end":{"line":251,"column":5}},"158":{"start":{"line":250,"column":8},"end":{"line":250,"column":28}},"159":{"start":{"line":252,"column":4},"end":{"line":252,"column":16}},"160":{"start":{"line":254,"column":0},"end":{"line":254,"column":52}},"161":{"start":{"line":256,"column":4},"end":{"line":270,"column":5}},"162":{"start":{"line":257,"column":8},"end":{"line":257,"column":27}},"163":{"start":{"line":259,"column":9},"end":{"line":270,"column":5}},"164":{"start":{"line":260,"column":8},"end":{"line":260,"column":40}},"165":{"start":{"line":262,"column":9},"end":{"line":270,"column":5}},"166":{"start":{"line":263,"column":8},"end":{"line":263,"column":34}},"167":{"start":{"line":265,"column":9},"end":{"line":270,"column":5}},"168":{"start":{"line":266,"column":8},"end":{"line":266,"column":34}},"169":{"start":{"line":268,"column":9},"end":{"line":270,"column":5}},"170":{"start":{"line":269,"column":8},"end":{"line":269,"column":28}},"171":{"start":{"line":271,"column":4},"end":{"line":271,"column":14}},"172":{"start":{"line":273,"column":0},"end":{"line":273,"column":50}},"173":{"start":{"line":275,"column":4},"end":{"line":310,"column":5}},"174":{"start":{"line":276,"column":8},"end":{"line":276,"column":43}},"175":{"start":{"line":278,"column":9},"end":{"line":310,"column":5}},"176":{"start":{"line":279,"column":8},"end":{"line":279,"column":43}},"177":{"start":{"line":281,"column":9},"end":{"line":310,"column":5}},"178":{"start":{"line":282,"column":8},"end":{"line":282,"column":34}},"179":{"start":{"line":284,"column":9},"end":{"line":310,"column":5}},"180":{"start":{"line":285,"column":8},"end":{"line":285,"column":36}},"181":{"start":{"line":287,"column":9},"end":{"line":310,"column":5}},"182":{"start":{"line":288,"column":8},"end":{"line":288,"column":37}},"183":{"start":{"line":290,"column":9},"end":{"line":310,"column":5}},"184":{"start":{"line":291,"column":8},"end":{"line":291,"column":41}},"185":{"start":{"line":293,"column":9},"end":{"line":310,"column":5}},"186":{"start":{"line":294,"column":8},"end":{"line":294,"column":37}},"187":{"start":{"line":296,"column":9},"end":{"line":310,"column":5}},"188":{"start":{"line":297,"column":8},"end":{"line":297,"column":36}},"189":{"start":{"line":299,"column":9},"end":{"line":310,"column":5}},"190":{"start":{"line":300,"column":8},"end":{"line":300,"column":29}},"191":{"start":{"line":302,"column":9},"end":{"line":310,"column":5}},"192":{"start":{"line":303,"column":8},"end":{"line":303,"column":37}},"193":{"start":{"line":305,"column":9},"end":{"line":310,"column":5}},"194":{"start":{"line":306,"column":8},"end":{"line":306,"column":37}},"195":{"start":{"line":308,"column":9},"end":{"line":310,"column":5}},"196":{"start":{"line":309,"column":8},"end":{"line":309,"column":36}},"197":{"start":{"line":311,"column":4},"end":{"line":311,"column":31}},"198":{"start":{"line":313,"column":0},"end":{"line":313,"column":48}},"199":{"start":{"line":316,"column":8},"end":{"line":316,"column":28}},"200":{"start":{"line":317,"column":8},"end":{"line":317,"column":25}},"201":{"start":{"line":320,"column":8},"end":{"line":322,"column":9}},"202":{"start":{"line":321,"column":12},"end":{"line":321,"column":19}},"203":{"start":{"line":323,"column":8},"end":{"line":323,"column":38}},"204":{"start":{"line":326,"column":18},"end":{"line":326,"column":50}},"205":{"start":{"line":327,"column":8},"end":{"line":329,"column":9}},"206":{"start":{"line":328,"column":12},"end":{"line":328,"column":49}},"207":{"start":{"line":330,"column":8},"end":{"line":330,"column":36}},"208":{"start":{"line":334,"column":8},"end":{"line":336,"column":11}},"209":{"start":{"line":335,"column":12},"end":{"line":335,"column":29}},"210":{"start":{"line":339,"column":0},"end":{"line":339,"column":42}},"211":{"start":{"line":341,"column":4},"end":{"line":346,"column":5}},"212":{"start":{"line":342,"column":35},"end":{"line":342,"column":49}},"213":{"start":{"line":343,"column":38},"end":{"line":343,"column":55}},"214":{"start":{"line":344,"column":36},"end":{"line":344,"column":51}},"215":{"start":{"line":345,"column":37},"end":{"line":345,"column":53}},"216":{"start":{"line":348,"column":14},"end":{"line":348,"column":15}},"217":{"start":{"line":350,"column":4},"end":{"line":350,"column":21}},"218":{"start":{"line":354,"column":8},"end":{"line":354,"column":25}},"219":{"start":{"line":355,"column":8},"end":{"line":355,"column":39}},"220":{"start":{"line":356,"column":8},"end":{"line":356,"column":33}},"221":{"start":{"line":357,"column":8},"end":{"line":357,"column":29}},"222":{"start":{"line":358,"column":8},"end":{"line":358,"column":40}},"223":{"start":{"line":361,"column":8},"end":{"line":361,"column":154}},"224":{"start":{"line":364,"column":0},"end":{"line":364,"column":26}},"225":{"start":{"line":370,"column":8},"end":{"line":370,"column":29}},"226":{"start":{"line":371,"column":8},"end":{"line":371,"column":38}},"227":{"start":{"line":376,"column":8},"end":{"line":376,"column":33}},"228":{"start":{"line":377,"column":8},"end":{"line":377,"column":71}},"229":{"start":{"line":378,"column":8},"end":{"line":378,"column":75}},"230":{"start":{"line":379,"column":8},"end":{"line":379,"column":79}},"231":{"start":{"line":380,"column":8},"end":{"line":380,"column":78}},"232":{"start":{"line":381,"column":8},"end":{"line":381,"column":40}},"233":{"start":{"line":382,"column":8},"end":{"line":382,"column":27}},"234":{"start":{"line":383,"column":8},"end":{"line":383,"column":25}},"235":{"start":{"line":384,"column":8},"end":{"line":384,"column":25}},"236":{"start":{"line":385,"column":8},"end":{"line":385,"column":25}},"237":{"start":{"line":386,"column":8},"end":{"line":393,"column":9}},"238":{"start":{"line":387,"column":12},"end":{"line":387,"column":47}},"239":{"start":{"line":388,"column":12},"end":{"line":388,"column":56}},"240":{"start":{"line":391,"column":12},"end":{"line":391,"column":35}},"241":{"start":{"line":392,"column":12},"end":{"line":392,"column":90}},"242":{"start":{"line":394,"column":8},"end":{"line":394,"column":70}},"243":{"start":{"line":395,"column":8},"end":{"line":407,"column":11}},"244":{"start":{"line":398,"column":12},"end":{"line":400,"column":13}},"245":{"start":{"line":399,"column":16},"end":{"line":399,"column":23}},"246":{"start":{"line":401,"column":12},"end":{"line":404,"column":13}},"247":{"start":{"line":402,"column":16},"end":{"line":402,"column":36}},"248":{"start":{"line":403,"column":16},"end":{"line":403,"column":44}},"249":{"start":{"line":405,"column":12},"end":{"line":405,"column":41}},"250":{"start":{"line":406,"column":12},"end":{"line":406,"column":71}},"251":{"start":{"line":408,"column":8},"end":{"line":408,"column":27}},"252":{"start":{"line":411,"column":8},"end":{"line":411,"column":25}},"253":{"start":{"line":412,"column":8},"end":{"line":412,"column":39}},"254":{"start":{"line":413,"column":8},"end":{"line":415,"column":9}},"255":{"start":{"line":414,"column":12},"end":{"line":414,"column":54}},"256":{"start":{"line":418,"column":19},"end":{"line":418,"column":23}},"257":{"start":{"line":419,"column":8},"end":{"line":422,"column":9}},"258":{"start":{"line":420,"column":12},"end":{"line":420,"column":46}},"259":{"start":{"line":421,"column":12},"end":{"line":421,"column":31}},"260":{"start":{"line":425,"column":19},"end":{"line":425,"column":23}},"261":{"start":{"line":426,"column":8},"end":{"line":429,"column":9}},"262":{"start":{"line":427,"column":12},"end":{"line":427,"column":44}},"263":{"start":{"line":428,"column":12},"end":{"line":428,"column":31}},"264":{"start":{"line":432,"column":19},"end":{"line":432,"column":23}},"265":{"start":{"line":433,"column":8},"end":{"line":436,"column":9}},"266":{"start":{"line":434,"column":12},"end":{"line":434,"column":45}},"267":{"start":{"line":435,"column":12},"end":{"line":435,"column":31}},"268":{"start":{"line":439,"column":8},"end":{"line":442,"column":9}},"269":{"start":{"line":440,"column":12},"end":{"line":440,"column":33}},"270":{"start":{"line":441,"column":12},"end":{"line":441,"column":40}},"271":{"start":{"line":445,"column":8},"end":{"line":461,"column":11}},"272":{"start":{"line":446,"column":12},"end":{"line":460,"column":13}},"273":{"start":{"line":447,"column":31},"end":{"line":447,"column":89}},"274":{"start":{"line":448,"column":16},"end":{"line":448,"column":45}},"275":{"start":{"line":449,"column":16},"end":{"line":449,"column":34}},"276":{"start":{"line":450,"column":16},"end":{"line":450,"column":47}},"277":{"start":{"line":451,"column":16},"end":{"line":451,"column":45}},"278":{"start":{"line":452,"column":16},"end":{"line":452,"column":95}},"279":{"start":{"line":453,"column":16},"end":{"line":453,"column":135}},"280":{"start":{"line":454,"column":16},"end":{"line":454,"column":23}},"281":{"start":{"line":457,"column":16},"end":{"line":457,"column":48}},"282":{"start":{"line":458,"column":16},"end":{"line":458,"column":34}},"283":{"start":{"line":459,"column":16},"end":{"line":459,"column":45}},"284":{"start":{"line":464,"column":8},"end":{"line":464,"column":33}},"285":{"start":{"line":465,"column":19},"end":{"line":465,"column":23}},"286":{"start":{"line":466,"column":8},"end":{"line":469,"column":9}},"287":{"start":{"line":467,"column":12},"end":{"line":467,"column":48}},"288":{"start":{"line":468,"column":12},"end":{"line":468,"column":31}},"289":{"start":{"line":472,"column":8},"end":{"line":480,"column":11}},"290":{"start":{"line":473,"column":26},"end":{"line":473,"column":37}},"291":{"start":{"line":474,"column":12},"end":{"line":476,"column":13}},"292":{"start":{"line":475,"column":16},"end":{"line":475,"column":43}},"293":{"start":{"line":477,"column":27},"end":{"line":477,"column":82}},"294":{"start":{"line":478,"column":27},"end":{"line":478,"column":50}},"295":{"start":{"line":479,"column":12},"end":{"line":479,"column":62}},"296":{"start":{"line":483,"column":8},"end":{"line":483,"column":36}},"297":{"start":{"line":484,"column":8},"end":{"line":484,"column":25}},"298":{"start":{"line":485,"column":8},"end":{"line":485,"column":35}},"299":{"start":{"line":486,"column":8},"end":{"line":486,"column":34}},"300":{"start":{"line":489,"column":8},"end":{"line":494,"column":9}},"301":{"start":{"line":490,"column":28},"end":{"line":490,"column":45}},"302":{"start":{"line":491,"column":12},"end":{"line":493,"column":13}},"303":{"start":{"line":492,"column":16},"end":{"line":492,"column":55}},"304":{"start":{"line":495,"column":8},"end":{"line":495,"column":25}},"305":{"start":{"line":498,"column":21},"end":{"line":498,"column":32}},"306":{"start":{"line":499,"column":8},"end":{"line":506,"column":9}},"307":{"start":{"line":500,"column":12},"end":{"line":502,"column":13}},"308":{"start":{"line":501,"column":16},"end":{"line":501,"column":39}},"309":{"start":{"line":503,"column":12},"end":{"line":505,"column":13}},"310":{"start":{"line":504,"column":16},"end":{"line":504,"column":30}},"311":{"start":{"line":507,"column":8},"end":{"line":507,"column":20}},"312":{"start":{"line":510,"column":20},"end":{"line":510,"column":21}},"313":{"start":{"line":511,"column":21},"end":{"line":511,"column":32}},"314":{"start":{"line":512,"column":8},"end":{"line":515,"column":9}},"315":{"start":{"line":513,"column":12},"end":{"line":513,"column":35}},"316":{"start":{"line":514,"column":12},"end":{"line":514,"column":20}},"317":{"start":{"line":516,"column":8},"end":{"line":516,"column":21}},"318":{"start":{"line":522,"column":21},"end":{"line":522,"column":23}},"319":{"start":{"line":523,"column":21},"end":{"line":523,"column":32}},"320":{"start":{"line":524,"column":8},"end":{"line":527,"column":9}},"321":{"start":{"line":525,"column":12},"end":{"line":525,"column":38}},"322":{"start":{"line":526,"column":12},"end":{"line":526,"column":35}},"323":{"start":{"line":528,"column":8},"end":{"line":528,"column":29}},"324":{"start":{"line":529,"column":8},"end":{"line":529,"column":30}},"325":{"start":{"line":532,"column":8},"end":{"line":553,"column":11}},"326":{"start":{"line":533,"column":12},"end":{"line":535,"column":13}},"327":{"start":{"line":534,"column":16},"end":{"line":534,"column":23}},"328":{"start":{"line":536,"column":12},"end":{"line":551,"column":13}},"329":{"start":{"line":537,"column":16},"end":{"line":546,"column":17}},"330":{"start":{"line":538,"column":20},"end":{"line":545,"column":21}},"331":{"start":{"line":539,"column":37},"end":{"line":539,"column":104}},"332":{"start":{"line":540,"column":24},"end":{"line":540,"column":42}},"333":{"start":{"line":541,"column":24},"end":{"line":541,"column":41}},"334":{"start":{"line":544,"column":24},"end":{"line":544,"column":57}},"335":{"start":{"line":549,"column":16},"end":{"line":549,"column":51}},"336":{"start":{"line":550,"column":16},"end":{"line":550,"column":34}},"337":{"start":{"line":552,"column":12},"end":{"line":552,"column":39}},"338":{"start":{"line":556,"column":8},"end":{"line":556,"column":42}},"339":{"start":{"line":559,"column":21},"end":{"line":559,"column":32}},"340":{"start":{"line":560,"column":8},"end":{"line":565,"column":9}},"341":{"start":{"line":561,"column":12},"end":{"line":563,"column":13}},"342":{"start":{"line":562,"column":16},"end":{"line":562,"column":28}},"343":{"start":{"line":564,"column":12},"end":{"line":564,"column":35}},"344":{"start":{"line":566,"column":8},"end":{"line":566,"column":21}},"345":{"start":{"line":569,"column":0},"end":{"line":569,"column":20}},"346":{"start":{"line":572,"column":8},"end":{"line":572,"column":40}},"347":{"start":{"line":573,"column":8},"end":{"line":573,"column":27}},"348":{"start":{"line":574,"column":8},"end":{"line":574,"column":27}},"349":{"start":{"line":575,"column":8},"end":{"line":575,"column":77}},"350":{"start":{"line":578,"column":24},"end":{"line":578,"column":28}},"351":{"start":{"line":579,"column":8},"end":{"line":582,"column":9}},"352":{"start":{"line":580,"column":12},"end":{"line":580,"column":53}},"353":{"start":{"line":581,"column":12},"end":{"line":581,"column":41}},"354":{"start":{"line":585,"column":8},"end":{"line":600,"column":9}},"355":{"start":{"line":586,"column":12},"end":{"line":596,"column":15}},"356":{"start":{"line":587,"column":16},"end":{"line":589,"column":17}},"357":{"start":{"line":588,"column":20},"end":{"line":588,"column":33}},"358":{"start":{"line":590,"column":16},"end":{"line":595,"column":17}},"359":{"start":{"line":591,"column":20},"end":{"line":591,"column":73}},"360":{"start":{"line":594,"column":20},"end":{"line":594,"column":29}},"361":{"start":{"line":599,"column":12},"end":{"line":599,"column":38}},"362":{"start":{"line":603,"column":8},"end":{"line":608,"column":19}},"363":{"start":{"line":604,"column":12},"end":{"line":606,"column":13}},"364":{"start":{"line":605,"column":16},"end":{"line":605,"column":29}},"365":{"start":{"line":607,"column":12},"end":{"line":607,"column":24}},"366":{"start":{"line":611,"column":8},"end":{"line":611,"column":44}},"367":{"start":{"line":612,"column":8},"end":{"line":612,"column":58}},"368":{"start":{"line":613,"column":8},"end":{"line":613,"column":33}},"369":{"start":{"line":614,"column":8},"end":{"line":614,"column":27}},"370":{"start":{"line":615,"column":8},"end":{"line":615,"column":43}},"371":{"start":{"line":618,"column":8},"end":{"line":618,"column":44}},"372":{"start":{"line":619,"column":18},"end":{"line":619,"column":45}},"373":{"start":{"line":620,"column":8},"end":{"line":620,"column":30}},"374":{"start":{"line":621,"column":8},"end":{"line":621,"column":35}},"375":{"start":{"line":622,"column":8},"end":{"line":622,"column":27}},"376":{"start":{"line":623,"column":8},"end":{"line":623,"column":43}},"377":{"start":{"line":626,"column":8},"end":{"line":628,"column":9}},"378":{"start":{"line":627,"column":12},"end":{"line":627,"column":35}},"379":{"start":{"line":629,"column":24},"end":{"line":629,"column":28}},"380":{"start":{"line":630,"column":8},"end":{"line":641,"column":9}},"381":{"start":{"line":631,"column":25},"end":{"line":631,"column":37}},"382":{"start":{"line":632,"column":23},"end":{"line":632,"column":56}},"383":{"start":{"line":633,"column":12},"end":{"line":640,"column":13}},"384":{"start":{"line":634,"column":16},"end":{"line":634,"column":33}},"385":{"start":{"line":637,"column":16},"end":{"line":637,"column":43}},"386":{"start":{"line":638,"column":16},"end":{"line":638,"column":40}},"387":{"start":{"line":639,"column":16},"end":{"line":639,"column":33}},"388":{"start":{"line":642,"column":8},"end":{"line":642,"column":54}},"389":{"start":{"line":643,"column":8},"end":{"line":643,"column":25}},"390":{"start":{"line":646,"column":8},"end":{"line":648,"column":9}},"391":{"start":{"line":647,"column":12},"end":{"line":647,"column":35}},"392":{"start":{"line":649,"column":24},"end":{"line":649,"column":28}},"393":{"start":{"line":650,"column":8},"end":{"line":652,"column":9}},"394":{"start":{"line":651,"column":12},"end":{"line":651,"column":74}},"395":{"start":{"line":653,"column":21},"end":{"line":653,"column":42}},"396":{"start":{"line":654,"column":19},"end":{"line":654,"column":42}},"397":{"start":{"line":655,"column":8},"end":{"line":661,"column":9}},"398":{"start":{"line":656,"column":12},"end":{"line":656,"column":46}},"399":{"start":{"line":659,"column":12},"end":{"line":659,"column":57}},"400":{"start":{"line":660,"column":12},"end":{"line":660,"column":36}},"401":{"start":{"line":662,"column":8},"end":{"line":662,"column":39}},"402":{"start":{"line":663,"column":8},"end":{"line":663,"column":20}},"403":{"start":{"line":666,"column":8},"end":{"line":668,"column":11}},"404":{"start":{"line":667,"column":12},"end":{"line":667,"column":38}},"405":{"start":{"line":671,"column":8},"end":{"line":673,"column":9}},"406":{"start":{"line":672,"column":12},"end":{"line":672,"column":35}},"407":{"start":{"line":674,"column":21},"end":{"line":674,"column":52}},"408":{"start":{"line":675,"column":8},"end":{"line":682,"column":9}},"409":{"start":{"line":676,"column":12},"end":{"line":681,"column":13}},"410":{"start":{"line":677,"column":16},"end":{"line":677,"column":51}},"411":{"start":{"line":680,"column":16},"end":{"line":680,"column":28}},"412":{"start":{"line":683,"column":8},"end":{"line":683,"column":20}},"413":{"start":{"line":686,"column":21},"end":{"line":686,"column":23}},"414":{"start":{"line":688,"column":12},"end":{"line":690,"column":13}},"415":{"start":{"line":689,"column":16},"end":{"line":689,"column":30}},"416":{"start":{"line":691,"column":12},"end":{"line":699,"column":15}},"417":{"start":{"line":692,"column":29},"end":{"line":692,"column":47}},"418":{"start":{"line":693,"column":16},"end":{"line":698,"column":17}},"419":{"start":{"line":694,"column":20},"end":{"line":694,"column":40}},"420":{"start":{"line":697,"column":20},"end":{"line":697,"column":36}},"421":{"start":{"line":701,"column":8},"end":{"line":701,"column":26}},"422":{"start":{"line":702,"column":8},"end":{"line":702,"column":20}},"423":{"start":{"line":705,"column":19},"end":{"line":705,"column":53}},"424":{"start":{"line":706,"column":8},"end":{"line":706,"column":58}},"425":{"start":{"line":706,"column":42},"end":{"line":706,"column":56}},"426":{"start":{"line":709,"column":8},"end":{"line":709,"column":66}},"427":{"start":{"line":709,"column":46},"end":{"line":709,"column":64}},"428":{"start":{"line":712,"column":0},"end":{"line":712,"column":30}},"429":{"start":{"line":715,"column":8},"end":{"line":715,"column":25}},"430":{"start":{"line":716,"column":8},"end":{"line":716,"column":70}},"431":{"start":{"line":717,"column":8},"end":{"line":717,"column":62}},"432":{"start":{"line":718,"column":8},"end":{"line":718,"column":70}},"433":{"start":{"line":719,"column":8},"end":{"line":719,"column":31}},"434":{"start":{"line":722,"column":8},"end":{"line":722,"column":38}},"435":{"start":{"line":725,"column":8},"end":{"line":727,"column":9}},"436":{"start":{"line":726,"column":12},"end":{"line":726,"column":55}},"437":{"start":{"line":728,"column":8},"end":{"line":728,"column":18}},"438":{"start":{"line":731,"column":8},"end":{"line":731,"column":33}},"439":{"start":{"line":732,"column":8},"end":{"line":732,"column":42}},"440":{"start":{"line":735,"column":8},"end":{"line":735,"column":42}},"441":{"start":{"line":736,"column":8},"end":{"line":736,"column":26}},"442":{"start":{"line":737,"column":8},"end":{"line":737,"column":42}},"443":{"start":{"line":740,"column":0},"end":{"line":740,"column":26}},"444":{"start":{"line":741,"column":20},"end":{"line":741,"column":33}},"445":{"start":{"line":744,"column":8},"end":{"line":744,"column":23}},"446":{"start":{"line":747,"column":8},"end":{"line":747,"column":24}},"447":{"start":{"line":750,"column":8},"end":{"line":752,"column":9}},"448":{"start":{"line":751,"column":12},"end":{"line":751,"column":40}},"449":{"start":{"line":753,"column":20},"end":{"line":753,"column":37}},"450":{"start":{"line":754,"column":8},"end":{"line":754,"column":34}},"451":{"start":{"line":755,"column":8},"end":{"line":755,"column":19}},"452":{"start":{"line":758,"column":0},"end":{"line":758,"column":28}}},"fnMap":{"0":{"name":"(anonymous_0)","decl":{"start":{"line":22,"column":44},"end":{"line":22,"column":45}},"loc":{"start":{"line":22,"column":89},"end":{"line":29,"column":1}},"line":22},"1":{"name":"(anonymous_1)","decl":{"start":{"line":23,"column":36},"end":{"line":23,"column":37}},"loc":{"start":{"line":23,"column":63},"end":{"line":28,"column":5}},"line":23},"2":{"name":"fulfilled","decl":{"start":{"line":24,"column":17},"end":{"line":24,"column":26}},"loc":{"start":{"line":24,"column":34},"end":{"line":24,"column":99}},"line":24},"3":{"name":"rejected","decl":{"start":{"line":25,"column":17},"end":{"line":25,"column":25}},"loc":{"start":{"line":25,"column":33},"end":{"line":25,"column":102}},"line":25},"4":{"name":"step","decl":{"start":{"line":26,"column":17},"end":{"line":26,"column":21}},"loc":{"start":{"line":26,"column":30},"end":{"line":26,"column":151}},"line":26},"5":{"name":"(anonymous_5)","decl":{"start":{"line":26,"column":76},"end":{"line":26,"column":77}},"loc":{"start":{"line":26,"column":95},"end":{"line":26,"column":121}},"line":26},"6":{"name":"shallowCompare","decl":{"start":{"line":35,"column":9},"end":{"line":35,"column":23}},"loc":{"start":{"line":35,"column":30},"end":{"line":48,"column":1}},"line":35},"7":{"name":"(anonymous_7)","decl":{"start":{"line":51,"column":1},"end":{"line":51,"column":2}},"loc":{"start":{"line":51,"column":21},"end":{"line":69,"column":1}},"line":51},"8":{"name":"isBinaryFileType","decl":{"start":{"line":70,"column":9},"end":{"line":70,"column":25}},"loc":{"start":{"line":70,"column":32},"end":{"line":77,"column":1}},"line":70},"9":{"name":"languageForFileType","decl":{"start":{"line":79,"column":9},"end":{"line":79,"column":28}},"loc":{"start":{"line":79,"column":35},"end":{"line":120,"column":1}},"line":79},"10":{"name":"nameForFileType","decl":{"start":{"line":122,"column":9},"end":{"line":122,"column":24}},"loc":{"start":{"line":122,"column":31},"end":{"line":163,"column":1}},"line":122},"11":{"name":"extensionForFileType","decl":{"start":{"line":165,"column":9},"end":{"line":165,"column":29}},"loc":{"start":{"line":165,"column":36},"end":{"line":206,"column":1}},"line":165},"12":{"name":"fileTypeFromFileName","decl":{"start":{"line":208,"column":9},"end":{"line":208,"column":29}},"loc":{"start":{"line":208,"column":36},"end":{"line":210,"column":1}},"line":208},"13":{"name":"fileTypeForExtension","decl":{"start":{"line":212,"column":9},"end":{"line":212,"column":29}},"loc":{"start":{"line":212,"column":41},"end":{"line":253,"column":1}},"line":212},"14":{"name":"mimeTypeForFileType","decl":{"start":{"line":255,"column":9},"end":{"line":255,"column":28}},"loc":{"start":{"line":255,"column":35},"end":{"line":272,"column":1}},"line":255},"15":{"name":"getIconForFileType","decl":{"start":{"line":274,"column":9},"end":{"line":274,"column":27}},"loc":{"start":{"line":274,"column":38},"end":{"line":312,"column":1}},"line":274},"16":{"name":"(anonymous_16)","decl":{"start":{"line":315,"column":4},"end":{"line":315,"column":5}},"loc":{"start":{"line":315,"column":22},"end":{"line":318,"column":5}},"line":315},"17":{"name":"(anonymous_17)","decl":{"start":{"line":319,"column":4},"end":{"line":319,"column":5}},"loc":{"start":{"line":319,"column":23},"end":{"line":324,"column":5}},"line":319},"18":{"name":"(anonymous_18)","decl":{"start":{"line":325,"column":4},"end":{"line":325,"column":5}},"loc":{"start":{"line":325,"column":25},"end":{"line":331,"column":5}},"line":325},"19":{"name":"(anonymous_19)","decl":{"start":{"line":332,"column":4},"end":{"line":332,"column":5}},"loc":{"start":{"line":332,"column":21},"end":{"line":337,"column":5}},"line":332},"20":{"name":"(anonymous_20)","decl":{"start":{"line":334,"column":31},"end":{"line":334,"column":32}},"loc":{"start":{"line":334,"column":43},"end":{"line":336,"column":9}},"line":334},"21":{"name":"monacoSeverityToString","decl":{"start":{"line":340,"column":9},"end":{"line":340,"column":31}},"loc":{"start":{"line":340,"column":42},"end":{"line":347,"column":1}},"line":340},"22":{"name":"getNextKey","decl":{"start":{"line":349,"column":9},"end":{"line":349,"column":19}},"loc":{"start":{"line":349,"column":22},"end":{"line":351,"column":1}},"line":349},"23":{"name":"(anonymous_23)","decl":{"start":{"line":353,"column":4},"end":{"line":353,"column":5}},"loc":{"start":{"line":353,"column":53},"end":{"line":359,"column":5}},"line":353},"24":{"name":"(anonymous_24)","decl":{"start":{"line":360,"column":4},"end":{"line":360,"column":5}},"loc":{"start":{"line":360,"column":36},"end":{"line":362,"column":5}},"line":360},"25":{"name":"(anonymous_25)","decl":{"start":{"line":366,"column":4},"end":{"line":366,"column":5}},"loc":{"start":{"line":366,"column":28},"end":{"line":409,"column":5}},"line":366},"26":{"name":"(anonymous_26)","decl":{"start":{"line":395,"column":39},"end":{"line":395,"column":40}},"loc":{"start":{"line":395,"column":46},"end":{"line":407,"column":9}},"line":395},"27":{"name":"(anonymous_27)","decl":{"start":{"line":410,"column":4},"end":{"line":410,"column":5}},"loc":{"start":{"line":410,"column":51},"end":{"line":416,"column":5}},"line":410},"28":{"name":"(anonymous_28)","decl":{"start":{"line":417,"column":4},"end":{"line":417,"column":5}},"loc":{"start":{"line":417,"column":28},"end":{"line":423,"column":5}},"line":417},"29":{"name":"(anonymous_29)","decl":{"start":{"line":424,"column":4},"end":{"line":424,"column":5}},"loc":{"start":{"line":424,"column":26},"end":{"line":430,"column":5}},"line":424},"30":{"name":"(anonymous_30)","decl":{"start":{"line":431,"column":4},"end":{"line":431,"column":5}},"loc":{"start":{"line":431,"column":27},"end":{"line":437,"column":5}},"line":431},"31":{"name":"(anonymous_31)","decl":{"start":{"line":438,"column":4},"end":{"line":438,"column":5}},"loc":{"start":{"line":438,"column":17},"end":{"line":443,"column":5}},"line":438},"32":{"name":"(anonymous_32)","decl":{"start":{"line":444,"column":4},"end":{"line":444,"column":5}},"loc":{"start":{"line":444,"column":25},"end":{"line":462,"column":5}},"line":444},"33":{"name":"(anonymous_33)","decl":{"start":{"line":445,"column":47},"end":{"line":445,"column":48}},"loc":{"start":{"line":445,"column":60},"end":{"line":461,"column":9}},"line":445},"34":{"name":"(anonymous_34)","decl":{"start":{"line":463,"column":4},"end":{"line":463,"column":5}},"loc":{"start":{"line":463,"column":26},"end":{"line":470,"column":5}},"line":463},"35":{"name":"(anonymous_35)","decl":{"start":{"line":471,"column":4},"end":{"line":471,"column":5}},"loc":{"start":{"line":471,"column":20},"end":{"line":481,"column":5}},"line":471},"36":{"name":"(anonymous_36)","decl":{"start":{"line":472,"column":47},"end":{"line":472,"column":48}},"loc":{"start":{"line":472,"column":60},"end":{"line":480,"column":9}},"line":472},"37":{"name":"(anonymous_37)","decl":{"start":{"line":482,"column":4},"end":{"line":482,"column":5}},"loc":{"start":{"line":482,"column":26},"end":{"line":487,"column":5}},"line":482},"38":{"name":"(anonymous_38)","decl":{"start":{"line":488,"column":4},"end":{"line":488,"column":5}},"loc":{"start":{"line":488,"column":14},"end":{"line":496,"column":5}},"line":488},"39":{"name":"(anonymous_39)","decl":{"start":{"line":497,"column":4},"end":{"line":497,"column":5}},"loc":{"start":{"line":497,"column":17},"end":{"line":508,"column":5}},"line":497},"40":{"name":"(anonymous_40)","decl":{"start":{"line":509,"column":4},"end":{"line":509,"column":5}},"loc":{"start":{"line":509,"column":15},"end":{"line":517,"column":5}},"line":509},"41":{"name":"(anonymous_41)","decl":{"start":{"line":521,"column":4},"end":{"line":521,"column":5}},"loc":{"start":{"line":521,"column":25},"end":{"line":530,"column":5}},"line":521},"42":{"name":"(anonymous_42)","decl":{"start":{"line":531,"column":4},"end":{"line":531,"column":5}},"loc":{"start":{"line":531,"column":17},"end":{"line":554,"column":5}},"line":531},"43":{"name":"(anonymous_43)","decl":{"start":{"line":532,"column":47},"end":{"line":532,"column":48}},"loc":{"start":{"line":532,"column":60},"end":{"line":553,"column":9}},"line":532},"44":{"name":"(anonymous_44)","decl":{"start":{"line":555,"column":4},"end":{"line":555,"column":5}},"loc":{"start":{"line":555,"column":15},"end":{"line":557,"column":5}},"line":555},"45":{"name":"(anonymous_45)","decl":{"start":{"line":558,"column":4},"end":{"line":558,"column":5}},"loc":{"start":{"line":558,"column":28},"end":{"line":567,"column":5}},"line":558},"46":{"name":"(anonymous_46)","decl":{"start":{"line":571,"column":4},"end":{"line":571,"column":5}},"loc":{"start":{"line":571,"column":22},"end":{"line":576,"column":5}},"line":571},"47":{"name":"(anonymous_47)","decl":{"start":{"line":577,"column":4},"end":{"line":577,"column":5}},"loc":{"start":{"line":577,"column":34},"end":{"line":583,"column":5}},"line":577},"48":{"name":"(anonymous_48)","decl":{"start":{"line":584,"column":4},"end":{"line":584,"column":5}},"loc":{"start":{"line":584,"column":68},"end":{"line":601,"column":5}},"line":584},"49":{"name":"(anonymous_49)","decl":{"start":{"line":586,"column":34},"end":{"line":586,"column":35}},"loc":{"start":{"line":586,"column":44},"end":{"line":596,"column":13}},"line":586},"50":{"name":"(anonymous_50)","decl":{"start":{"line":602,"column":4},"end":{"line":602,"column":5}},"loc":{"start":{"line":602,"column":51},"end":{"line":609,"column":5}},"line":602},"51":{"name":"(anonymous_51)","decl":{"start":{"line":603,"column":36},"end":{"line":603,"column":37}},"loc":{"start":{"line":603,"column":46},"end":{"line":608,"column":9}},"line":603},"52":{"name":"(anonymous_52)","decl":{"start":{"line":610,"column":4},"end":{"line":610,"column":5}},"loc":{"start":{"line":610,"column":18},"end":{"line":616,"column":5}},"line":610},"53":{"name":"(anonymous_53)","decl":{"start":{"line":617,"column":4},"end":{"line":617,"column":5}},"loc":{"start":{"line":617,"column":21},"end":{"line":624,"column":5}},"line":617},"54":{"name":"(anonymous_54)","decl":{"start":{"line":625,"column":4},"end":{"line":625,"column":5}},"loc":{"start":{"line":625,"column":23},"end":{"line":644,"column":5}},"line":625},"55":{"name":"(anonymous_55)","decl":{"start":{"line":645,"column":4},"end":{"line":645,"column":5}},"loc":{"start":{"line":645,"column":45},"end":{"line":664,"column":5}},"line":645},"56":{"name":"(anonymous_56)","decl":{"start":{"line":665,"column":4},"end":{"line":665,"column":5}},"loc":{"start":{"line":665,"column":28},"end":{"line":669,"column":5}},"line":665},"57":{"name":"(anonymous_57)","decl":{"start":{"line":666,"column":34},"end":{"line":666,"column":35}},"loc":{"start":{"line":666,"column":44},"end":{"line":668,"column":9}},"line":666},"58":{"name":"(anonymous_58)","decl":{"start":{"line":670,"column":4},"end":{"line":670,"column":5}},"loc":{"start":{"line":670,"column":18},"end":{"line":684,"column":5}},"line":670},"59":{"name":"(anonymous_59)","decl":{"start":{"line":685,"column":4},"end":{"line":685,"column":5}},"loc":{"start":{"line":685,"column":11},"end":{"line":703,"column":5}},"line":685},"60":{"name":"recurse","decl":{"start":{"line":687,"column":17},"end":{"line":687,"column":24}},"loc":{"start":{"line":687,"column":36},"end":{"line":700,"column":9}},"line":687},"61":{"name":"(anonymous_61)","decl":{"start":{"line":691,"column":26},"end":{"line":691,"column":27}},"loc":{"start":{"line":691,"column":34},"end":{"line":699,"column":13}},"line":691},"62":{"name":"(anonymous_62)","decl":{"start":{"line":704,"column":4},"end":{"line":704,"column":5}},"loc":{"start":{"line":704,"column":18},"end":{"line":707,"column":5}},"line":704},"63":{"name":"(anonymous_63)","decl":{"start":{"line":706,"column":34},"end":{"line":706,"column":35}},"loc":{"start":{"line":706,"column":42},"end":{"line":706,"column":56}},"line":706},"64":{"name":"(anonymous_64)","decl":{"start":{"line":708,"column":4},"end":{"line":708,"column":5}},"loc":{"start":{"line":708,"column":23},"end":{"line":710,"column":5}},"line":708},"65":{"name":"(anonymous_65)","decl":{"start":{"line":709,"column":38},"end":{"line":709,"column":39}},"loc":{"start":{"line":709,"column":46},"end":{"line":709,"column":64}},"line":709},"66":{"name":"(anonymous_66)","decl":{"start":{"line":714,"column":4},"end":{"line":714,"column":5}},"loc":{"start":{"line":714,"column":18},"end":{"line":720,"column":5}},"line":714},"67":{"name":"(anonymous_67)","decl":{"start":{"line":721,"column":4},"end":{"line":721,"column":5}},"loc":{"start":{"line":721,"column":16},"end":{"line":723,"column":5}},"line":721},"68":{"name":"(anonymous_68)","decl":{"start":{"line":724,"column":4},"end":{"line":724,"column":5}},"loc":{"start":{"line":724,"column":16},"end":{"line":729,"column":5}},"line":724},"69":{"name":"(anonymous_69)","decl":{"start":{"line":730,"column":4},"end":{"line":730,"column":5}},"loc":{"start":{"line":730,"column":23},"end":{"line":733,"column":5}},"line":730},"70":{"name":"(anonymous_70)","decl":{"start":{"line":734,"column":4},"end":{"line":734,"column":5}},"loc":{"start":{"line":734,"column":16},"end":{"line":738,"column":5}},"line":734},"71":{"name":"(anonymous_71)","decl":{"start":{"line":743,"column":4},"end":{"line":743,"column":5}},"loc":{"start":{"line":743,"column":21},"end":{"line":745,"column":5}},"line":743},"72":{"name":"(anonymous_72)","decl":{"start":{"line":746,"column":4},"end":{"line":746,"column":5}},"loc":{"start":{"line":746,"column":15},"end":{"line":748,"column":5}},"line":746},"73":{"name":"(anonymous_73)","decl":{"start":{"line":749,"column":4},"end":{"line":749,"column":5}},"loc":{"start":{"line":749,"column":23},"end":{"line":756,"column":5}},"line":749}},"branchMap":{"0":{"loc":{"start":{"line":22,"column":16},"end":{"line":29,"column":1}},"type":"binary-expr","locations":[{"start":{"line":22,"column":17},"end":{"line":22,"column":21}},{"start":{"line":22,"column":25},"end":{"line":22,"column":39}},{"start":{"line":22,"column":44},"end":{"line":29,"column":1}}],"line":22},"1":{"loc":{"start":{"line":23,"column":16},"end":{"line":23,"column":34}},"type":"binary-expr","locations":[{"start":{"line":23,"column":16},"end":{"line":23,"column":17}},{"start":{"line":23,"column":22},"end":{"line":23,"column":33}}],"line":23},"2":{"loc":{"start":{"line":26,"column":32},"end":{"line":26,"column":148}},"type":"cond-expr","locations":[{"start":{"line":26,"column":46},"end":{"line":26,"column":67}},{"start":{"line":26,"column":70},"end":{"line":26,"column":148}}],"line":26},"3":{"loc":{"start":{"line":27,"column":51},"end":{"line":27,"column":67}},"type":"binary-expr","locations":[{"start":{"line":27,"column":51},"end":{"line":27,"column":61}},{"start":{"line":27,"column":65},"end":{"line":27,"column":67}}],"line":27},"4":{"loc":{"start":{"line":36,"column":4},"end":{"line":38,"column":5}},"type":"if","locations":[{"start":{"line":36,"column":4},"end":{"line":38,"column":5}},{"start":{"line":36,"column":4},"end":{"line":38,"column":5}}],"line":36},"5":{"loc":{"start":{"line":39,"column":4},"end":{"line":41,"column":5}},"type":"if","locations":[{"start":{"line":39,"column":4},"end":{"line":41,"column":5}},{"start":{"line":39,"column":4},"end":{"line":41,"column":5}}],"line":39},"6":{"loc":{"start":{"line":43,"column":8},"end":{"line":45,"column":9}},"type":"if","locations":[{"start":{"line":43,"column":8},"end":{"line":45,"column":9}},{"start":{"line":43,"column":8},"end":{"line":45,"column":9}}],"line":43},"7":{"loc":{"start":{"line":69,"column":14},"end":{"line":69,"column":57}},"type":"binary-expr","locations":[{"start":{"line":69,"column":14},"end":{"line":69,"column":30}},{"start":{"line":69,"column":35},"end":{"line":69,"column":56}}],"line":69},"8":{"loc":{"start":{"line":71,"column":4},"end":{"line":76,"column":5}},"type":"switch","locations":[{"start":{"line":72,"column":8},"end":{"line":73,"column":24}},{"start":{"line":74,"column":8},"end":{"line":75,"column":25}}],"line":71},"9":{"loc":{"start":{"line":80,"column":4},"end":{"line":118,"column":5}},"type":"if","locations":[{"start":{"line":80,"column":4},"end":{"line":118,"column":5}},{"start":{"line":80,"column":4},"end":{"line":118,"column":5}}],"line":80},"10":{"loc":{"start":{"line":83,"column":9},"end":{"line":118,"column":5}},"type":"if","locations":[{"start":{"line":83,"column":9},"end":{"line":118,"column":5}},{"start":{"line":83,"column":9},"end":{"line":118,"column":5}}],"line":83},"11":{"loc":{"start":{"line":86,"column":9},"end":{"line":118,"column":5}},"type":"if","locations":[{"start":{"line":86,"column":9},"end":{"line":118,"column":5}},{"start":{"line":86,"column":9},"end":{"line":118,"column":5}}],"line":86},"12":{"loc":{"start":{"line":89,"column":9},"end":{"line":118,"column":5}},"type":"if","locations":[{"start":{"line":89,"column":9},"end":{"line":118,"column":5}},{"start":{"line":89,"column":9},"end":{"line":118,"column":5}}],"line":89},"13":{"loc":{"start":{"line":92,"column":9},"end":{"line":118,"column":5}},"type":"if","locations":[{"start":{"line":92,"column":9},"end":{"line":118,"column":5}},{"start":{"line":92,"column":9},"end":{"line":118,"column":5}}],"line":92},"14":{"loc":{"start":{"line":92,"column":13},"end":{"line":92,"column":57}},"type":"binary-expr","locations":[{"start":{"line":92,"column":13},"end":{"line":92,"column":32}},{"start":{"line":92,"column":36},"end":{"line":92,"column":57}}],"line":92},"15":{"loc":{"start":{"line":95,"column":9},"end":{"line":118,"column":5}},"type":"if","locations":[{"start":{"line":95,"column":9},"end":{"line":118,"column":5}},{"start":{"line":95,"column":9},"end":{"line":118,"column":5}}],"line":95},"16":{"loc":{"start":{"line":98,"column":9},"end":{"line":118,"column":5}},"type":"if","locations":[{"start":{"line":98,"column":9},"end":{"line":118,"column":5}},{"start":{"line":98,"column":9},"end":{"line":118,"column":5}}],"line":98},"17":{"loc":{"start":{"line":98,"column":13},"end":{"line":98,"column":60}},"type":"binary-expr","locations":[{"start":{"line":98,"column":13},"end":{"line":98,"column":34}},{"start":{"line":98,"column":38},"end":{"line":98,"column":60}}],"line":98},"18":{"loc":{"start":{"line":101,"column":9},"end":{"line":118,"column":5}},"type":"if","locations":[{"start":{"line":101,"column":9},"end":{"line":118,"column":5}},{"start":{"line":101,"column":9},"end":{"line":118,"column":5}}],"line":101},"19":{"loc":{"start":{"line":104,"column":9},"end":{"line":118,"column":5}},"type":"if","locations":[{"start":{"line":104,"column":9},"end":{"line":118,"column":5}},{"start":{"line":104,"column":9},"end":{"line":118,"column":5}}],"line":104},"20":{"loc":{"start":{"line":107,"column":9},"end":{"line":118,"column":5}},"type":"if","locations":[{"start":{"line":107,"column":9},"end":{"line":118,"column":5}},{"start":{"line":107,"column":9},"end":{"line":118,"column":5}}],"line":107},"21":{"loc":{"start":{"line":110,"column":9},"end":{"line":118,"column":5}},"type":"if","locations":[{"start":{"line":110,"column":9},"end":{"line":118,"column":5}},{"start":{"line":110,"column":9},"end":{"line":118,"column":5}}],"line":110},"22":{"loc":{"start":{"line":113,"column":9},"end":{"line":118,"column":5}},"type":"if","locations":[{"start":{"line":113,"column":9},"end":{"line":118,"column":5}},{"start":{"line":113,"column":9},"end":{"line":118,"column":5}}],"line":113},"23":{"loc":{"start":{"line":116,"column":9},"end":{"line":118,"column":5}},"type":"if","locations":[{"start":{"line":116,"column":9},"end":{"line":118,"column":5}},{"start":{"line":116,"column":9},"end":{"line":118,"column":5}}],"line":116},"24":{"loc":{"start":{"line":123,"column":4},"end":{"line":161,"column":5}},"type":"if","locations":[{"start":{"line":123,"column":4},"end":{"line":161,"column":5}},{"start":{"line":123,"column":4},"end":{"line":161,"column":5}}],"line":123},"25":{"loc":{"start":{"line":126,"column":9},"end":{"line":161,"column":5}},"type":"if","locatio
[...]
,"/home/travis/build/wasdk/WebAssemblyStudio/src/utils/group.ts": {"path":"/home/travis/build/wasdk/WebAssemblyStudio/src/utils/group.ts","statementMap":{"0":{"start":{"line":22,"column":0},"end":{"line":22,"column":62}},"1":{"start":{"line":23,"column":15},"end":{"line":23,"column":33}},"2":{"start":{"line":24,"column":15},"end":{"line":24,"column":51}},"3":{"start":{"line":27,"column":8},"end":{"line":27,"column":32}},"4":{"start":{"line":28,"column":8},"end":{"line":28,"column":27}},"5":{"start":{"line":31,"column":22},"end":{"line":31,"column":32}},"6":{"start":{"line":32,"column":22},"end":{"line":32,"column":41}},"7":{"start":{"line":33,"column":8},"end":{"line":40,"column":9}},"8":{"start":{"line":35,"column":12},"end":{"line":35,"column":36}},"9":{"start":{"line":36,"column":12},"end":{"line":38,"column":13}},"10":{"start":{"line":37,"column":16},"end":{"line":37,"column":36}},"11":{"start":{"line":39,"column":12},"end":{"line":39,"column":19}},"12":{"start":{"line":41,"column":8},"end":{"line":57,"column":9}},"13":{"start":{"line":42,"column":12},"end":{"line":51,"column":13}},"14":{"start":{"line":44,"column":37},"end":{"line":44,"column":64}},"15":{"start":{"line":45,"column":16},"end":{"line":45,"column":49}},"16":{"start":{"line":46,"column":16},"end":{"line":46,"column":77}},"17":{"start":{"line":49,"column":16},"end":{"line":49,"column":33}},"18":{"start":{"line":50,"column":16},"end":{"line":50,"column":55}},"19":{"start":{"line":54,"column":12},"end":{"line":54,"column":29}},"20":{"start":{"line":55,"column":12},"end":{"line":55,"column":36}},"21":{"start":{"line":56,"column":12},"end":{"line":56,"column":32}},"22":{"start":{"line":60,"column":22},"end":{"line":60,"column":92}},"23":{"start":{"line":60,"column":51},"end":{"line":60,"column":91}},"24":{"start":{"line":61,"column":21},"end":{"line":61,"column":83}},"25":{"start":{"line":62,"column":8},"end":{"line":62,"column":33}},"26":{"start":{"line":65,"column":18},"end":{"line":65,"column":42}},"27":{"start":{"line":66,"column":8},"end":{"line":68,"column":9}},"28":{"start":{"line":67,"column":12},"end":{"line":67,"column":19}},"29":{"start":{"line":69,"column":8},"end":{"line":69,"column":32}},"30":{"start":{"line":73,"column":25},"end":{"line":73,"column":42}},"31":{"start":{"line":74,"column":8},"end":{"line":74,"column":83}},"32":{"start":{"line":75,"column":8},"end":{"line":77,"column":9}},"33":{"start":{"line":76,"column":12},"end":{"line":76,"column":32}},"34":{"start":{"line":80,"column":0},"end":{"line":80,"column":24}}},"fnMap":{"0":{"name":"(anonymous_0)","decl":{"start":{"line":26,"column":4},"end":{"line":26,"column":5}},"loc":{"start":{"line":26,"column":34},"end":{"line":29,"column":5}},"line":26},"1":{"name":"(anonymous_1)","decl":{"start":{"line":30,"column":4},"end":{"line":30,"column":5}},"loc":{"start":{"line":30,"column":37},"end":{"line":58,"column":5}},"line":30},"2":{"name":"(anonymous_2)","decl":{"start":{"line":59,"column":4},"end":{"line":59,"column":5}},"loc":{"start":{"line":59,"column":66},"end":{"line":63,"column":5}},"line":59},"3":{"name":"(anonymous_3)","decl":{"start":{"line":60,"column":43},"end":{"line":60,"column":44}},"loc":{"start":{"line":60,"column":51},"end":{"line":60,"column":91}},"line":60},"4":{"name":"(anonymous_4)","decl":{"start":{"line":64,"column":4},"end":{"line":64,"column":5}},"loc":{"start":{"line":64,"column":16},"end":{"line":78,"column":5}},"line":64}},"branchMap":{"0":{"loc":{"start":{"line":26,"column":22},"end":{"line":26,"column":32}},"type":"default-arg","locations":[{"start":{"line":26,"column":30},"end":{"line":26,"column":32}}],"line":26},"1":{"loc":{"start":{"line":30,"column":15},"end":{"line":30,"column":35}},"type":"default-arg","locations":[{"start":{"line":30,"column":31},"end":{"line":30,"column":35}}],"line":30},"2":{"loc":{"start":{"line":33,"column":8},"end":{"line":40,"column":9}},"type":"if","locations":[{"start":{"line":33,"column":8},"end":{"line":40,"column":9}},{"start":{"line":33,"column":8},"end":{"line":40,"column":9}}],"line":33},"3":{"loc":{"start":{"line":36,"column":12},"end":{"line":38,"column":13}},"type":"if","locations":[{"start":{"line":36,"column":12},"end":{"line":38,"column":13}},{"start":{"line":36,"column":12},"end":{"line":38,"column":13}}],"line":36},"4":{"loc":{"start":{"line":36,"column":16},"end":{"line":36,"column":55}},"type":"binary-expr","locations":[{"start":{"line":36,"column":16},"end":{"line":36,"column":30}},{"start":{"line":36,"column":34},"end":{"line":36,"column":55}}],"line":36},"5":{"loc":{"start":{"line":41,"column":8},"end":{"line":57,"column":9}},"type":"if","locations":[{"start":{"line":41,"column":8},"end":{"line":57,"column":9}},{"start":{"line":41,"column":8},"end":{"line":57,"column":9}}],"line":41},"6":{"loc":{"start":{"line":42,"column":12},"end":{"line":51,"column":13}},"type":"if","locations":[{"start":{"line":42,"column":12},"end":{"line":51,"column":13}},{"start":{"line":42,"column":12},"end":{"line":51,"column":13}}],"line":42},"7":{"loc":{"start":{"line":59,"column":19},"end":{"line":59,"column":48}},"type":"default-arg","locations":[{"start":{"line":59,"column":26},"end":{"line":59,"column":48}}],"line":59},"8":{"loc":{"start":{"line":59,"column":50},"end":{"line":59,"column":64}},"type":"default-arg","locations":[{"start":{"line":59,"column":60},"end":{"line":59,"column":64}}],"line":59},"9":{"loc":{"start":{"line":60,"column":51},"end":{"line":60,"column":91}},"type":"binary-expr","locations":[{"start":{"line":60,"column":51},"end":{"line":60,"column":69}},{"start":{"line":60,"column":73},"end":{"line":60,"column":91}}],"line":60},"10":{"loc":{"start":{"line":61,"column":21},"end":{"line":61,"column":83}},"type":"cond-expr","locations":[{"start":{"line":61,"column":36},"end":{"line":61,"column":53}},{"start":{"line":61,"column":56},"end":{"line":61,"column":83}}],"line":61},"11":{"loc":{"start":{"line":66,"column":8},"end":{"line":68,"column":9}},"type":"if","locations":[{"start":{"line":66,"column":8},"end":{"line":68,"column":9}},{"start":{"line":66,"column":8},"end":{"line":68,"column":9}}],"line":66},"12":{"loc":{"start":{"line":74,"column":27},"end":{"line":74,"column":82}},"type":"cond-expr","locations":[{"start":{"line":74,"column":38},"end":{"line":74,"column":75}},{"start":{"line":74,"column":78},"end":{"line":74,"column":82}}],"line":74},"13":{"loc":{"start":{"line":75,"column":8},"end":{"line":77,"column":9}},"type":"if","locations":[{"start":{"line":75,"column":8},"end":{"line":77,"column":9}},{"start":{"line":75,"column":8},"end":{"line":77,"column":9}}],"line":75}},"s":{"0":5,"1":5,"2":5,"3":9,"4":9,"5":4,"6":4,"7":4,"8":1,"9":1,"10":0,"11":1,"12":3,"13":3,"14":0,"15":0,"16":0,"17":3,"18":3,"19":0,"20":0,"21":0,"22":3,"23":6,"24":3,"25":3,"26":1,"27":1,"28":0,"29":1,"30":1,"31":1,"32":1,"33":1,"34":5},"f":{"0":9,"1":4,"2":3,"3":6,"4":1},"b":{"0":[0],"1":[1],"2":[1,3],"3":[0,1],"4":[1,0],"5":[3,0],"6":[0,3],"7":[3],"8":[3],"9":[6,0],"10":[0,3],"11":[0,1],"12":[1,0],"13":[1,0]},"_coverageSchema":"332fd63041d2c1bcb487cc26dd0d5f7d97098a6c","hash":"8adefa268f5f2afa45763f4c8cae97eae660b112"}
,"/home/travis/build/wasdk/WebAssemblyStudio/src/utils/registerLanguages.ts": {"path":"/home/travis/build/wasdk/WebAssemblyStudio/src/utils/registerLanguages.ts","statementMap":{"0":{"start":{"line":22,"column":16},"end":{"line":29,"column":1}},"1":{"start":{"line":23,"column":4},"end":{"line":28,"column":7}},"2":{"start":{"line":24,"column":36},"end":{"line":24,"column":97}},"3":{"start":{"line":24,"column":42},"end":{"line":24,"column":70}},"4":{"start":{"line":24,"column":85},"end":{"line":24,"column":95}},"5":{"start":{"line":25,"column":35},"end":{"line":25,"column":100}},"6":{"start":{"line":25,"column":41},"end":{"line":25,"column":73}},"7":{"start":{"line":25,"column":88},"end":{"line":25,"column":98}},"8":{"start":{"line":26,"column":32},"end":{"line":26,"column":149}},"9":{"start":{"line":26,"column":97},"end":{"line":26,"column":119}},"10":{"start":{"line":27,"column":8},"end":{"line":27,"column":78}},"11":{"start":{"line":30,"column":0},"end":{"line":30,"column":62}},"12":{"start":{"line":31,"column":14},"end":{"line":31,"column":41}},"13":{"start":{"line":32,"column":14},"end":{"line":32,"column":41}},"14":{"start":{"line":33,"column":15},"end":{"line":33,"column":43}},"15":{"start":{"line":34,"column":15},"end":{"line":34,"column":43}},"16":{"start":{"line":35,"column":14},"end":{"line":35,"column":41}},"17":{"start":{"line":37,"column":4},"end":{"line":91,"column":7}},"18":{"start":{"line":38,"column":8},"end":{"line":46,"column":11}},"19":{"start":{"line":48,"column":8},"end":{"line":53,"column":11}},"20":{"start":{"line":49,"column":12},"end":{"line":49,"column":91}},"21":{"start":{"line":50,"column":12},"end":{"line":50,"column":94}},"22":{"start":{"line":51,"column":12},"end":{"line":51,"column":101}},"23":{"start":{"line":52,"column":12},"end":{"line":52,"column":83}},"24":{"start":{"line":54,"column":8},"end":{"line":56,"column":11}},"25":{"start":{"line":58,"column":8},"end":{"line":60,"column":11}},"26":{"start":{"line":59,"column":12},"end":{"line":59,"column":94}},"27":{"start":{"line":61,"column":8},"end":{"line":63,"column":11}},"28":{"start":{"line":65,"column":8},"end":{"line":67,"column":11}},"29":{"start":{"line":66,"column":12},"end":{"line":66,"column":94}},"30":{"start":{"line":68,"column":8},"end":{"line":70,"column":11}},"31":{"start":{"line":72,"column":8},"end":{"line":74,"column":11}},"32":{"start":{"line":73,"column":12},"end":{"line":73,"column":91}},"33":{"start":{"line":75,"column":8},"end":{"line":77,"column":11}},"34":{"start":{"line":79,"column":8},"end":{"line":81,"column":11}},"35":{"start":{"line":80,"column":12},"end":{"line":80,"column":94}},"36":{"start":{"line":82,"column":8},"end":{"line":84,"column":11}},"37":{"start":{"line":85,"column":23},"end":{"line":85,"column":54}},"38":{"start":{"line":86,"column":8},"end":{"line":86,"column":90}},"39":{"start":{"line":87,"column":8},"end":{"line":87,"column":50}},"40":{"start":{"line":88,"column":8},"end":{"line":88,"column":90}},"41":{"start":{"line":89,"column":8},"end":{"line":89,"column":119}},"42":{"start":{"line":90,"column":8},"end":{"line":90,"column":119}},"43":{"start":{"line":93,"column":0},"end":{"line":93,"column":36}}},"fnMap":{"0":{"name":"(anonymous_0)","decl":{"start":{"line":22,"column":44},"end":{"line":22,"column":45}},"loc":{"start":{"line":22,"column":89},"end":{"line":29,"column":1}},"line":22},"1":{"name":"(anonymous_1)","decl":{"start":{"line":23,"column":36},"end":{"line":23,"column":37}},"loc":{"start":{"line":23,"column":63},"end":{"line":28,"column":5}},"line":23},"2":{"name":"fulfilled","decl":{"start":{"line":24,"column":17},"end":{"line":24,"column":26}},"loc":{"start":{"line":24,"column":34},"end":{"line":24,"column":99}},"line":24},"3":{"name":"rejected","decl":{"start":{"line":25,"column":17},"end":{"line":25,"column":25}},"loc":{"start":{"line":25,"column":33},"end":{"line":25,"column":102}},"line":25},"4":{"name":"step","decl":{"start":{"line":26,"column":17},"end":{"line":26,"column":21}},"loc":{"start":{"line":26,"column":30},"end":{"line":26,"column":151}},"line":26},"5":{"name":"(anonymous_5)","decl":{"start":{"line":26,"column":76},"end":{"line":26,"column":77}},"loc":{"start":{"line":26,"column":95},"end":{"line":26,"column":121}},"line":26},"6":{"name":"registerLanguages","decl":{"start":{"line":36,"column":9},"end":{"line":36,"column":26}},"loc":{"start":{"line":36,"column":29},"end":{"line":92,"column":1}},"line":36},"7":{"name":"(anonymous_7)","decl":{"start":{"line":37,"column":43},"end":{"line":37,"column":44}},"loc":{"start":{"line":37,"column":56},"end":{"line":91,"column":5}},"line":37},"8":{"name":"(anonymous_8)","decl":{"start":{"line":48,"column":43},"end":{"line":48,"column":44}},"loc":{"start":{"line":48,"column":49},"end":{"line":53,"column":9}},"line":48},"9":{"name":"(anonymous_9)","decl":{"start":{"line":58,"column":43},"end":{"line":58,"column":44}},"loc":{"start":{"line":58,"column":49},"end":{"line":60,"column":9}},"line":58},"10":{"name":"(anonymous_10)","decl":{"start":{"line":65,"column":44},"end":{"line":65,"column":45}},"loc":{"start":{"line":65,"column":50},"end":{"line":67,"column":9}},"line":65},"11":{"name":"(anonymous_11)","decl":{"start":{"line":72,"column":43},"end":{"line":72,"column":44}},"loc":{"start":{"line":72,"column":49},"end":{"line":74,"column":9}},"line":72},"12":{"name":"(anonymous_12)","decl":{"start":{"line":79,"column":44},"end":{"line":79,"column":45}},"loc":{"start":{"line":79,"column":50},"end":{"line":81,"column":9}},"line":79}},"branchMap":{"0":{"loc":{"start":{"line":22,"column":16},"end":{"line":29,"column":1}},"type":"binary-expr","locations":[{"start":{"line":22,"column":17},"end":{"line":22,"column":21}},{"start":{"line":22,"column":25},"end":{"line":22,"column":39}},{"start":{"line":22,"column":44},"end":{"line":29,"column":1}}],"line":22},"1":{"loc":{"start":{"line":23,"column":16},"end":{"line":23,"column":34}},"type":"binary-expr","locations":[{"start":{"line":23,"column":16},"end":{"line":23,"column":17}},{"start":{"line":23,"column":22},"end":{"line":23,"column":33}}],"line":23},"2":{"loc":{"start":{"line":26,"column":32},"end":{"line":26,"column":148}},"type":"cond-expr","locations":[{"start":{"line":26,"column":46},"end":{"line":26,"column":67}},{"start":{"line":26,"column":70},"end":{"line":26,"column":148}}],"line":26},"3":{"loc":{"start":{"line":27,"column":51},"end":{"line":27,"column":67}},"type":"binary-expr","locations":[{"start":{"line":27,"column":51},"end":{"line":27,"column":61}},{"start":{"line":27,"column":65},"end":{"line":27,"column":67}}],"line":27}},"s":{"0":0,"1":0,"2":0,"3":0,"4":0,"5":0,"6":0,"7":0,"8":0,"9":0,"10":0,"11":0,"12":0,"13":0,"14":0,"15":0,"16":0,"17":0,"18":0,"19":0,"20":0,"21":0,"22":0,"23":0,"24":0,"25":0,"26":0,"27":0,"28":0,"29":0,"30":0,"31":0,"32":0,"33":0,"34":0,"35":0,"36":0,"37":0,"38":0,"39":0,"40":0,"41":0,"42":0,"43":0},"f":{"0":0,"1":0,"2":0,"3":0,"4":0,"5":0,"6":0,"7":0,"8":0,"9":0,"10":0,"11":0,"12":0},"b":{"0":[0,0,0],"1":[0,0],"2":[0,0],"3":[0,0]}}
,"/home/travis/build/wasdk/WebAssemblyStudio/src/utils/zlib.ts": {"path":"/home/travis/build/wasdk/WebAssemblyStudio/src/utils/zlib.ts","statementMap":{"0":{"start":{"line":22,"column":16},"end":{"line":29,"column":1}},"1":{"start":{"line":23,"column":4},"end":{"line":28,"column":7}},"2":{"start":{"line":24,"column":36},"end":{"line":24,"column":97}},"3":{"start":{"line":24,"column":42},"end":{"line":24,"column":70}},"4":{"start":{"line":24,"column":85},"end":{"line":24,"column":95}},"5":{"start":{"line":25,"column":35},"end":{"line":25,"column":100}},"6":{"start":{"line":25,"column":41},"end":{"line":25,"column":73}},"7":{"start":{"line":25,"column":88},"end":{"line":25,"column":98}},"8":{"start":{"line":26,"column":32},"end":{"line":26,"column":149}},"9":{"start":{"line":26,"column":97},"end":{"line":26,"column":119}},"10":{"start":{"line":27,"column":8},"end":{"line":27,"column":78}},"11":{"start":{"line":30,"column":0},"end":{"line":30,"column":62}},"12":{"start":{"line":32,"column":36},"end":{"line":32,"column":40}},"13":{"start":{"line":33,"column":4},"end":{"line":33,"column":101}},"14":{"start":{"line":35,"column":0},"end":{"line":35,"column":32}},"15":{"start":{"line":37,"column":4},"end":{"line":40,"column":7}},"16":{"start":{"line":38,"column":28},"end":{"line":38,"column":79}},"17":{"start":{"line":38,"column":63},"end":{"line":38,"column":78}},"18":{"start":{"line":39,"column":8},"end":{"line":39,"column":29}},"19":{"start":{"line":42,"column":0},"end":{"line":42,"column":40}}},"fnMap":{"0":{"name":"(anonymous_0)","decl":{"start":{"line":22,"column":44},"end":{"line":22,"column":45}},"loc":{"start":{"line":22,"column":89},"end":{"line":29,"column":1}},"line":22},"1":{"name":"(anonymous_1)","decl":{"start":{"line":23,"column":36},"end":{"line":23,"column":37}},"loc":{"start":{"line":23,"column":63},"end":{"line":28,"column":5}},"line":23},"2":{"name":"fulfilled","decl":{"start":{"line":24,"column":17},"end":{"line":24,"column":26}},"loc":{"start":{"line":24,"column":34},"end":{"line":24,"column":99}},"line":24},"3":{"name":"rejected","decl":{"start":{"line":25,"column":17},"end":{"line":25,"column":25}},"loc":{"start":{"line":25,"column":33},"end":{"line":25,"column":102}},"line":25},"4":{"name":"step","decl":{"start":{"line":26,"column":17},"end":{"line":26,"column":21}},"loc":{"start":{"line":26,"column":30},"end":{"line":26,"column":151}},"line":26},"5":{"name":"(anonymous_5)","decl":{"start":{"line":26,"column":76},"end":{"line":26,"column":77}},"loc":{"start":{"line":26,"column":95},"end":{"line":26,"column":121}},"line":26},"6":{"name":"isZlibData","decl":{"start":{"line":31,"column":9},"end":{"line":31,"column":19}},"loc":{"start":{"line":31,"column":26},"end":{"line":34,"column":1}},"line":31},"7":{"name":"decompressZlib","decl":{"start":{"line":36,"column":9},"end":{"line":36,"column":23}},"loc":{"start":{"line":36,"column":30},"end":{"line":41,"column":1}},"line":36},"8":{"name":"(anonymous_8)","decl":{"start":{"line":37,"column":43},"end":{"line":37,"column":44}},"loc":{"start":{"line":37,"column":56},"end":{"line":40,"column":5}},"line":37},"9":{"name":"(anonymous_9)","decl":{"start":{"line":38,"column":57},"end":{"line":38,"column":58}},"loc":{"start":{"line":38,"column":63},"end":{"line":38,"column":78}},"line":38}},"branchMap":{"0":{"loc":{"start":{"line":22,"column":16},"end":{"line":29,"column":1}},"type":"binary-expr","locations":[{"start":{"line":22,"column":17},"end":{"line":22,"column":21}},{"start":{"line":22,"column":25},"end":{"line":22,"column":39}},{"start":{"line":22,"column":44},"end":{"line":29,"column":1}}],"line":22},"1":{"loc":{"start":{"line":23,"column":16},"end":{"line":23,"column":34}},"type":"binary-expr","locations":[{"start":{"line":23,"column":16},"end":{"line":23,"column":17}},{"start":{"line":23,"column":22},"end":{"line":23,"column":33}}],"line":23},"2":{"loc":{"start":{"line":26,"column":32},"end":{"line":26,"column":148}},"type":"cond-expr","locations":[{"start":{"line":26,"column":46},"end":{"line":26,"column":67}},{"start":{"line":26,"column":70},"end":{"line":26,"column":148}}],"line":26},"3":{"loc":{"start":{"line":27,"column":51},"end":{"line":27,"column":67}},"type":"binary-expr","locations":[{"start":{"line":27,"column":51},"end":{"line":27,"column":61}},{"start":{"line":27,"column":65},"end":{"line":27,"column":67}}],"line":27},"4":{"loc":{"start":{"line":33,"column":11},"end":{"line":33,"column":100}},"type":"binary-expr","locations":[{"start":{"line":33,"column":11},"end":{"line":33,"column":29}},{"start":{"line":33,"column":34},"end":{"line":33,"column":53}},{"start":{"line":33,"column":57},"end":{"line":33,"column":76}},{"start":{"line":33,"column":80},"end":{"line":33,"column":99}}],"line":33}},"s":{"0":7,"1":0,"2":0,"3":0,"4":0,"5":0,"6":0,"7":0,"8":0,"9":0,"10":0,"11":7,"12":0,"13":0,"14":7,"15":0,"16":0,"17":0,"18":0,"19":7},"f":{"0":0,"1":0,"2":0,"3":0,"4":0,"5":0,"6":0,"7":0,"8":0,"9":0},"b":{"0":[7,7,7],"1":[0,0],"2":[0,0],"3":[0,0],"4":[0,0,0,0]},"_coverageSchema":"332fd63041d2c1bcb487cc26dd0d5f7d97098a6c","hash":"8ddbe7c5548a5156daa2ddbb6764731ecf17c730"}
}
