TN:
SF:/home/travis/build/wasdk/WebAssemblyStudio/src/config.ts
FN:22,(anonymous_0)
FN:23,(anonymous_1)
FN:24,fulfilled
FN:25,rejected
FN:26,step
FN:26,(anonymous_5)
FN:33,getConfig
FN:34,(anonymous_7)
FN:36,(anonymous_8)
FNF:9
FNH:0
FNDA:0,(anonymous_0)
FNDA:0,(anonymous_1)
FNDA:0,fulfilled
FNDA:0,rejected
FNDA:0,step
FNDA:0,(anonymous_5)
FNDA:0,getConfig
FNDA:0,(anonymous_7)
FNDA:0,(anonymous_8)
DA:22,7
DA:23,0
DA:24,0
DA:25,0
DA:26,0
DA:27,0
DA:30,7
DA:31,7
DA:34,0
DA:35,0
DA:36,0
DA:38,0
DA:41,7
LF:13
LH:4
BRDA:22,0,0,7
BRDA:22,0,1,7
BRDA:22,0,2,7
BRDA:23,1,0,0
BRDA:23,1,1,0
BRDA:26,2,0,0
BRDA:26,2,1,0
BRDA:27,3,0,0
BRDA:27,3,1,0
BRDA:35,4,0,0
BRDA:35,4,1,0
BRF:11
BRH:3
end_of_record
TN:
SF:/home/travis/build/wasdk/WebAssemblyStudio/src/dispatcher.ts
FNF:0
FNH:0
DA:22,4
DA:23,4
DA:24,4
LF:3
LH:3
BRF:0
BRH:0
end_of_record
TN:
SF:/home/travis/build/wasdk/WebAssemblyStudio/src/errors.ts
FNF:0
FNH:0
DA:22,4
DA:23,4
LF:2
LH:2
BRF:0
BRH:0
end_of_record
TN:
SF:/home/travis/build/wasdk/WebAssemblyStudio/src/gulpy.ts
FN:22,(anonymous_0)
FN:23,(anonymous_1)
FN:24,fulfilled
FN:25,rejected
FN:26,step
FN:26,(anonymous_5)
FN:32,(anonymous_6)
FN:38,(anonymous_7)
FN:42,(anonymous_8)
FN:50,(anonymous_9)
FN:54,(anonymous_10)
FN:63,(anonymous_11)
FN:64,(anonymous_12)
FN:65,(anonymous_13)
FN:66,(anonymous_14)
FN:70,(anonymous_15)
FN:71,(anonymous_16)
FN:77,(anonymous_17)
FN:80,(anonymous_18)
FN:90,(anonymous_19)
FN:96,(anonymous_20)
FN:98,(anonymous_21)
FN:101,(anonymous_22)
FN:104,(anonymous_23)
FN:107,(anonymous_24)
FN:108,(anonymous_25)
FN:115,testGulpy
FN:117,(anonymous_27)
FN:118,(anonymous_28)
FN:119,(anonymous_29)
FN:125,(anonymous_30)
FN:126,(anonymous_31)
FN:127,(anonymous_32)
FN:133,(anonymous_33)
FN:134,(anonymous_34)
FN:135,(anonymous_35)
FNF:36
FNH:0
FNDA:0,(anonymous_0)
FNDA:0,(anonymous_1)
FNDA:0,fulfilled
FNDA:0,rejected
FNDA:0,step
FNDA:0,(anonymous_5)
FNDA:0,(anonymous_6)
FNDA:0,(anonymous_7)
FNDA:0,(anonymous_8)
FNDA:0,(anonymous_9)
FNDA:0,(anonymous_10)
FNDA:0,(anonymous_11)
FNDA:0,(anonymous_12)
FNDA:0,(anonymous_13)
FNDA:0,(anonymous_14)
FNDA:0,(anonymous_15)
FNDA:0,(anonymous_16)
FNDA:0,(anonymous_17)
FNDA:0,(anonymous_18)
FNDA:0,(anonymous_19)
FNDA:0,(anonymous_20)
FNDA:0,(anonymous_21)
FNDA:0,(anonymous_22)
FNDA:0,(anonymous_23)
FNDA:0,(anonymous_24)
FNDA:0,(anonymous_25)
FNDA:0,testGulpy
FNDA:0,(anonymous_27)
FNDA:0,(anonymous_28)
FNDA:0,(anonymous_29)
FNDA:0,(anonymous_30)
FNDA:0,(anonymous_31)
FNDA:0,(anonymous_32)
FNDA:0,(anonymous_33)
FNDA:0,(anonymous_34)
FNDA:0,(anonymous_35)
DA:22,4
DA:23,0
DA:24,0
DA:25,0
DA:26,0
DA:27,0
DA:30,4
DA:33,0
DA:34,0
DA:39,0
DA:40,0
DA:43,0
DA:44,0
DA:46,0
DA:51,0
DA:52,0
DA:55,0
DA:56,0
DA:57,0
DA:59,0
DA:60,0
DA:61,0
DA:64,0
DA:65,0
DA:66,0
DA:67,0
DA:71,0
DA:72,0
DA:78,0
DA:81,0
DA:82,0
DA:83,0
DA:84,0
DA:85,0
DA:87,0
DA:88,0
DA:89,0
DA:90,0
DA:93,0
DA:96,0
DA:99,0
DA:102,0
DA:105,0
DA:108,0
DA:109,0
DA:110,0
DA:114,4
DA:116,0
DA:117,0
DA:118,0
DA:119,0
DA:120,0
DA:121,0
DA:125,0
DA:126,0
DA:127,0
DA:128,0
DA:129,0
DA:133,0
DA:134,0
DA:135,0
DA:136,0
DA:137,0
DA:141,0
DA:143,4
LF:65
LH:4
BRDA:22,0,0,4
BRDA:22,0,1,4
BRDA:22,0,2,4
BRDA:23,1,0,0
BRDA:23,1,1,0
BRDA:26,2,0,0
BRDA:26,2,1,0
BRDA:27,3,0,0
BRDA:27,3,1,0
BRDA:43,4,0,0
BRDA:43,4,1,0
BRDA:56,5,0,0
BRDA:56,5,1,0
BRDA:83,6,0,0
BRDA:83,6,1,0
BRDA:87,7,0,0
BRDA:87,7,1,0
BRDA:88,8,0,0
BRDA:88,8,1,0
BRDA:90,9,0,0
BRDA:90,9,1,0
BRF:21
BRH:3
end_of_record
TN:
SF:/home/travis/build/wasdk/WebAssemblyStudio/src/index.tsx
FN:30,forEachUrlParameter
FN:34,(anonymous_1)
FN:45,getUrlParameters
FN:47,(anonymous_3)
FN:56,unloadPageHandler
FN:68,(anonymous_5)
FNF:6
FNH:0
FNDA:0,forEachUrlParameter
FNDA:0,(anonymous_1)
FNDA:0,getUrlParameters
FNDA:0,(anonymous_3)
FNDA:0,unloadPageHandler
FNDA:0,(anonymous_5)
DA:22,0
DA:23,0
DA:24,0
DA:25,0
DA:26,0
DA:27,0
DA:28,0
DA:29,0
DA:31,0
DA:32,0
DA:33,0
DA:34,0
DA:35,0
DA:36,0
DA:37,0
DA:40,0
DA:44,0
DA:46,0
DA:47,0
DA:48,0
DA:50,0
DA:52,0
DA:53,0
DA:57,0
DA:58,0
DA:59,0
DA:61,0
DA:63,0
DA:64,0
DA:65,0
DA:66,0
DA:67,0
DA:68,0
DA:69,0
DA:70,0
DA:71,0
DA:74,0
LF:37
LH:0
BRDA:36,0,0,0
BRDA:36,0,1,0
BRDA:57,1,0,0
BRDA:57,1,1,0
BRDA:65,2,0,0
BRDA:65,2,1,0
BRDA:66,3,0,0
BRDA:66,3,1,0
BRDA:67,4,0,0
BRDA:67,4,1,0
BRDA:70,5,0,0
BRDA:70,5,1,0
BRF:12
BRH:0
end_of_record
TN:
SF:/home/travis/build/wasdk/WebAssemblyStudio/src/message.ts
FN:24,(anonymous_0)
FNF:1
FNH:1
FNDA:7,(anonymous_0)
DA:22,7
DA:24,7
DA:25,7
DA:26,7
DA:27,7
DA:28,7
DA:29,7
DA:30,7
DA:31,7
DA:32,7
DA:33,7
LF:11
LH:11
BRDA:34,0,0,7
BRDA:34,0,1,7
BRF:2
BRH:2
end_of_record
TN:
SF:/home/travis/build/wasdk/WebAssemblyStudio/src/model.ts
FN:22,(anonymous_0)
FN:23,(anonymous_1)
FN:24,fulfilled
FN:25,rejected
FN:26,step
FN:26,(anonymous_5)
FN:35,shallowCompare
FN:51,(anonymous_7)
FN:70,isBinaryFileType
FN:79,languageForFileType
FN:122,nameForFileType
FN:165,extensionForFileType
FN:208,fileTypeFromFileName
FN:212,fileTypeForExtension
FN:255,mimeTypeForFileType
FN:274,getIconForFileType
FN:315,(anonymous_16)
FN:319,(anonymous_17)
FN:325,(anonymous_18)
FN:332,(anonymous_19)
FN:334,(anonymous_20)
FN:340,monacoSeverityToString
FN:349,getNextKey
FN:353,(anonymous_23)
FN:360,(anonymous_24)
FN:366,(anonymous_25)
FN:395,(anonymous_26)
FN:410,(anonymous_27)
FN:417,(anonymous_28)
FN:424,(anonymous_29)
FN:431,(anonymous_30)
FN:438,(anonymous_31)
FN:444,(anonymous_32)
FN:445,(anonymous_33)
FN:463,(anonymous_34)
FN:471,(anonymous_35)
FN:472,(anonymous_36)
FN:482,(anonymous_37)
FN:488,(anonymous_38)
FN:497,(anonymous_39)
FN:509,(anonymous_40)
FN:521,(anonymous_41)
FN:531,(anonymous_42)
FN:532,(anonymous_43)
FN:555,(anonymous_44)
FN:558,(anonymous_45)
FN:571,(anonymous_46)
FN:577,(anonymous_47)
FN:584,(anonymous_48)
FN:586,(anonymous_49)
FN:602,(anonymous_50)
FN:603,(anonymous_51)
FN:610,(anonymous_52)
FN:617,(anonymous_53)
FN:625,(anonymous_54)
FN:645,(anonymous_55)
FN:665,(anonymous_56)
FN:666,(anonymous_57)
FN:670,(anonymous_58)
FN:685,(anonymous_59)
FN:687,recurse
FN:691,(anonymous_61)
FN:704,(anonymous_62)
FN:706,(anonymous_63)
FN:708,(anonymous_64)
FN:709,(anonymous_65)
FN:714,(anonymous_66)
FN:721,(anonymous_67)
FN:724,(anonymous_68)
FN:730,(anonymous_69)
FN:734,(anonymous_70)
FN:743,(anonymous_71)
FN:746,(anonymous_72)
FN:749,(anonymous_73)
FNF:74
FNH:28
FNDA:0,(anonymous_0)
FNDA:0,(anonymous_1)
FNDA:0,fulfilled
FNDA:0,rejected
FNDA:0,step
FNDA:0,(anonymous_5)
FNDA:0,shallowCompare
FNDA:7,(anonymous_7)
FNDA:48,isBinaryFileType
FNDA:48,languageForFileType
FNDA:0,nameForFileType
FNDA:0,extensionForFileType
FNDA:0,fileTypeFromFileName
FNDA:0,fileTypeForExtension
FNDA:0,mimeTypeForFileType
FNDA:0,getIconForFileType
FNDA:296,(anonymous_16)
FNDA:54,(anonymous_17)
FNDA:1,(anonymous_18)
FNDA:25,(anonymous_19)
FNDA:5,(anonymous_20)
FNDA:0,monacoSeverityToString
FNDA:48,getNextKey
FNDA:0,(anonymous_23)
FNDA:0,(anonymous_24)
FNDA:48,(anonymous_25)
FNDA:0,(anonymous_26)
FNDA:0,(anonymous_27)
FNDA:0,(anonymous_28)
FNDA:0,(anonymous_29)
FNDA:0,(anonymous_30)
FNDA:0,(anonymous_31)
FNDA:0,(anonymous_32)
FNDA:0,(anonymous_33)
FNDA:0,(anonymous_34)
FNDA:0,(anonymous_35)
FNDA:0,(anonymous_36)
FNDA:0,(anonymous_37)
FNDA:0,(anonymous_38)
FNDA:0,(anonymous_39)
FNDA:0,(anonymous_40)
FNDA:6,(anonymous_41)
FNDA:0,(anonymous_42)
FNDA:0,(anonymous_43)
FNDA:0,(anonymous_44)
FNDA:4,(anonymous_45)
FNDA:31,(anonymous_46)
FNDA:16,(anonymous_47)
FNDA:2,(anonymous_48)
FNDA:0,(anonymous_49)
FNDA:0,(anonymous_50)
FNDA:0,(anonymous_51)
FNDA:16,(anonymous_52)
FNDA:0,(anonymous_53)
FNDA:15,(anonymous_54)
FNDA:2,(anonymous_55)
FNDA:37,(anonymous_56)
FNDA:8,(anonymous_57)
FNDA:2,(anonymous_58)
FNDA:0,(anonymous_59)
FNDA:0,recurse
FNDA:0,(anonymous_61)
FNDA:0,(anonymous_62)
FNDA:0,(anonymous_63)
FNDA:0,(anonymous_64)
FNDA:0,(anonymous_65)
FNDA:6,(anonymous_66)
FNDA:6,(anonymous_67)
FNDA:3,(anonymous_68)
FNDA:1,(anonymous_69)
FNDA:0,(anonymous_70)
FNDA:13,(anonymous_71)
FNDA:11,(anonymous_72)
FNDA:14,(anonymous_73)
DA:22,7
DA:23,0
DA:24,0
DA:25,0
DA:26,0
DA:27,0
DA:30,7
DA:31,7
DA:32,7
DA:33,7
DA:34,7
DA:36,0
DA:37,0
DA:39,0
DA:40,0
DA:42,0
DA:43,0
DA:44,0
DA:47,0
DA:49,7
DA:51,7
DA:52,7
DA:53,7
DA:54,7
DA:55,7
DA:56,7
DA:57,7
DA:58,7
DA:59,7
DA:60,7
DA:61,7
DA:62,7
DA:63,7
DA:64,7
DA:65,7
DA:66,7
DA:67,7
DA:68,7
DA:71,48
DA:73,0
DA:75,48
DA:78,7
DA:80,48
DA:81,0
DA:83,48
DA:84,0
DA:86,48
DA:87,11
DA:89,37
DA:90,0
DA:92,37
DA:93,0
DA:95,37
DA:96,0
DA:98,37
DA:99,0
DA:101,37
DA:102,6
DA:104,31
DA:105,0
DA:107,31
DA:108,0
DA:110,31
DA:111,0
DA:113,31
DA:114,0
DA:116,31
DA:117,0
DA:119,31
DA:121,7
DA:123,0
DA:124,0
DA:126,0
DA:127,0
DA:129,0
DA:130,0
DA:132,0
DA:133,0
DA:135,0
DA:136,0
DA:138,0
DA:139,0
DA:141,0
DA:142,0
DA:144,0
DA:145,0
DA:147,0
DA:148,0
DA:150,0
DA:151,0
DA:153,0
DA:154,0
DA:156,0
DA:157,0
DA:159,0
DA:160,0
DA:162,0
DA:164,7
DA:166,0
DA:167,0
DA:169,0
DA:170,0
DA:172,0
DA:173,0
DA:175,0
DA:176,0
DA:178,0
DA:179,0
DA:181,0
DA:182,0
DA:184,0
DA:185,0
DA:187,0
DA:188,0
DA:190,0
DA:191,0
DA:193,0
DA:194,0
DA:196,0
DA:197,0
DA:199,0
DA:200,0
DA:202,0
DA:203,0
DA:205,0
DA:207,7
DA:209,0
DA:211,7
DA:213,0
DA:214,0
DA:216,0
DA:217,0
DA:219,0
DA:220,0
DA:222,0
DA:223,0
DA:225,0
DA:226,0
DA:228,0
DA:229,0
DA:231,0
DA:232,0
DA:234,0
DA:235,0
DA:237,0
DA:238,0
DA:240,0
DA:241,0
DA:243,0
DA:244,0
DA:246,0
DA:247,0
DA:249,0
DA:250,0
DA:252,0
DA:254,7
DA:256,0
DA:257,0
DA:259,0
DA:260,0
DA:262,0
DA:263,0
DA:265,0
DA:266,0
DA:268,0
DA:269,0
DA:271,0
DA:273,7
DA:275,0
DA:276,0
DA:278,0
DA:279,0
DA:281,0
DA:282,0
DA:284,0
DA:285,0
DA:287,0
DA:288,0
DA:290,0
DA:291,0
DA:293,0
DA:294,0
DA:296,0
DA:297,0
DA:299,0
DA:300,0
DA:302,0
DA:303,0
DA:305,0
DA:306,0
DA:308,0
DA:309,0
DA:311,0
DA:313,7
DA:316,296
DA:317,296
DA:320,54
DA:321,0
DA:323,54
DA:326,1
DA:327,1
DA:328,0
DA:330,1
DA:334,25
DA:335,5
DA:339,7
DA:341,0
DA:342,0
DA:343,0
DA:344,0
DA:345,0
DA:348,7
DA:350,48
DA:354,0
DA:355,0
DA:356,0
DA:357,0
DA:358,0
DA:361,0
DA:364,7
DA:370,48
DA:371,48
DA:376,48
DA:377,48
DA:378,48
DA:379,48
DA:380,48
DA:381,48
DA:382,48
DA:383,48
DA:384,48
DA:385,48
DA:386,48
DA:387,0
DA:388,0
DA:391,48
DA:392,48
DA:394,48
DA:395,48
DA:398,0
DA:399,0
DA:401,0
DA:402,0
DA:403,0
DA:405,0
DA:406,0
DA:408,48
DA:411,0
DA:412,0
DA:413,0
DA:414,0
DA:418,0
DA:419,0
DA:420,0
DA:421,0
DA:425,0
DA:426,0
DA:427,0
DA:428,0
DA:432,0
DA:433,0
DA:434,0
DA:435,0
DA:439,0
DA:440,0
DA:441,0
DA:445,0
DA:446,0
DA:447,0
DA:448,0
DA:449,0
DA:450,0
DA:451,0
DA:452,0
DA:453,0
DA:454,0
DA:457,0
DA:458,0
DA:459,0
DA:464,0
DA:465,0
DA:466,0
DA:467,0
DA:468,0
DA:472,0
DA:473,0
DA:474,0
DA:475,0
DA:477,0
DA:478,0
DA:479,0
DA:483,0
DA:484,0
DA:485,0
DA:486,0
DA:489,0
DA:490,0
DA:491,0
DA:492,0
DA:495,0
DA:498,0
DA:499,0
DA:500,0
DA:501,0
DA:503,0
DA:504,0
DA:507,0
DA:510,0
DA:511,0
DA:512,0
DA:513,0
DA:514,0
DA:516,0
DA:522,6
DA:523,6
DA:524,6
DA:525,5
DA:526,5
DA:528,6
DA:529,6
DA:532,0
DA:533,0
DA:534,0
DA:536,0
DA:537,0
DA:538,0
DA:539,0
DA:540,0
DA:541,0
DA:544,0
DA:549,0
DA:550,0
DA:552,0
DA:556,0
DA:559,4
DA:560,4
DA:561,3
DA:562,2
DA:564,1
DA:566,2
DA:569,7
DA:572,31
DA:573,31
DA:574,31
DA:575,31
DA:578,16
DA:579,16
DA:580,21
DA:581,21
DA:585,2
DA:586,2
DA:587,0
DA:588,0
DA:590,0
DA:591,0
DA:594,0
DA:599,0
DA:603,0
DA:604,0
DA:605,0
DA:607,0
DA:611,16
DA:612,16
DA:613,16
DA:614,16
DA:615,16
DA:618,0
DA:619,0
DA:620,0
DA:621,0
DA:622,0
DA:623,0
DA:626,15
DA:627,14
DA:629,15
DA:630,15
DA:631,15
DA:632,15
DA:633,15
DA:634,1
DA:637,14
DA:638,14
DA:639,14
DA:642,15
DA:643,15
DA:646,2
DA:647,2
DA:649,2
DA:650,2
DA:651,1
DA:653,2
DA:654,2
DA:655,2
DA:656,0
DA:659,2
DA:660,2
DA:662,2
DA:663,2
DA:666,37
DA:667,8
DA:671,2
DA:672,2
DA:674,2
DA:675,2
DA:676,0
DA:677,0
DA:680,0
DA:683,2
DA:686,0
DA:688,0
DA:689,0
DA:691,0
DA:692,0
DA:693,0
DA:694,0
DA:697,0
DA:701,0
DA:702,0
DA:705,0
DA:706,0
DA:709,0
DA:712,7
DA:715,6
DA:716,6
DA:717,6
DA:718,6
DA:719,6
DA:722,6
DA:725,3
DA:726,3
DA:728,0
DA:731,1
DA:732,1
DA:735,0
DA:736,0
DA:737,0
DA:740,7
DA:741,7
DA:744,13
DA:747,11
DA:750,14
DA:751,1
DA:753,13
DA:754,13
DA:755,13
DA:758,7
LF:446
LH:164
BRDA:22,0,0,7
BRDA:22,0,1,7
BRDA:22,0,2,7
BRDA:23,1,0,0
BRDA:23,1,1,0
BRDA:26,2,0,0
BRDA:26,2,1,0
BRDA:27,3,0,0
BRDA:27,3,1,0
BRDA:36,4,0,0
BRDA:36,4,1,0
BRDA:39,5,0,0
BRDA:39,5,1,0
BRDA:43,6,0,0
BRDA:43,6,1,0
BRDA:69,7,0,7
BRDA:69,7,1,7
BRDA:71,8,0,0
BRDA:71,8,1,48
BRDA:80,9,0,0
BRDA:80,9,1,48
BRDA:83,10,0,0
BRDA:83,10,1,48
BRDA:86,11,0,11
BRDA:86,11,1,37
BRDA:89,12,0,0
BRDA:89,12,1,37
BRDA:92,13,0,0
BRDA:92,13,1,37
BRDA:92,14,0,37
BRDA:92,14,1,37
BRDA:95,15,0,0
BRDA:95,15,1,37
BRDA:98,16,0,0
BRDA:98,16,1,37
BRDA:98,17,0,37
BRDA:98,17,1,37
BRDA:101,18,0,6
BRDA:101,18,1,31
BRDA:104,19,0,0
BRDA:104,19,1,31
BRDA:107,20,0,0
BRDA:107,20,1,31
BRDA:110,21,0,0
BRDA:110,21,1,31
BRDA:113,22,0,0
BRDA:113,22,1,31
BRDA:116,23,0,0
BRDA:116,23,1,31
BRDA:123,24,0,0
BRDA:123,24,1,0
BRDA:126,25,0,0
BRDA:126,25,1,0
BRDA:129,26,0,0
BRDA:129,26,1,0
BRDA:132,27,0,0
BRDA:132,27,1,0
BRDA:135,28,0,0
BRDA:135,28,1,0
BRDA:138,29,0,0
BRDA:138,29,1,0
BRDA:141,30,0,0
BRDA:141,30,1,0
BRDA:144,31,0,0
BRDA:144,31,1,0
BRDA:147,32,0,0
BRDA:147,32,1,0
BRDA:150,33,0,0
BRDA:150,33,1,0
BRDA:153,34,0,0
BRDA:153,34,1,0
BRDA:156,35,0,0
BRDA:156,35,1,0
BRDA:159,36,0,0
BRDA:159,36,1,0
BRDA:166,37,0,0
BRDA:166,37,1,0
BRDA:169,38,0,0
BRDA:169,38,1,0
BRDA:172,39,0,0
BRDA:172,39,1,0
BRDA:175,40,0,0
BRDA:175,40,1,0
BRDA:178,41,0,0
BRDA:178,41,1,0
BRDA:181,42,0,0
BRDA:181,42,1,0
BRDA:184,43,0,0
BRDA:184,43,1,0
BRDA:187,44,0,0
BRDA:187,44,1,0
BRDA:190,45,0,0
BRDA:190,45,1,0
BRDA:193,46,0,0
BRDA:193,46,1,0
BRDA:196,47,0,0
BRDA:196,47,1,0
BRDA:199,48,0,0
BRDA:199,48,1,0
BRDA:202,49,0,0
BRDA:202,49,1,0
BRDA:213,50,0,0
BRDA:213,50,1,0
BRDA:216,51,0,0
BRDA:216,51,1,0
BRDA:219,52,0,0
BRDA:219,52,1,0
BRDA:222,53,0,0
BRDA:222,53,1,0
BRDA:225,54,0,0
BRDA:225,54,1,0
BRDA:228,55,0,0
BRDA:228,55,1,0
BRDA:231,56,0,0
BRDA:231,56,1,0
BRDA:234,57,0,0
BRDA:234,57,1,0
BRDA:237,58,0,0
BRDA:237,58,1,0
BRDA:240,59,0,0
BRDA:240,59,1,0
BRDA:243,60,0,0
BRDA:243,60,1,0
BRDA:246,61,0,0
BRDA:246,61,1,0
BRDA:246,62,0,0
BRDA:246,62,1,0
BRDA:249,63,0,0
BRDA:249,63,1,0
BRDA:256,64,0,0
BRDA:256,64,1,0
BRDA:259,65,0,0
BRDA:259,65,1,0
BRDA:262,66,0,0
BRDA:262,66,1,0
BRDA:265,67,0,0
BRDA:265,67,1,0
BRDA:268,68,0,0
BRDA:268,68,1,0
BRDA:275,69,0,0
BRDA:275,69,1,0
BRDA:278,70,0,0
BRDA:278,70,1,0
BRDA:281,71,0,0
BRDA:281,71,1,0
BRDA:284,72,0,0
BRDA:284,72,1,0
BRDA:287,73,0,0
BRDA:287,73,1,0
BRDA:290,74,0,0
BRDA:290,74,1,0
BRDA:293,75,0,0
BRDA:293,75,1,0
BRDA:296,76,0,0
BRDA:296,76,1,0
BRDA:299,77,0,0
BRDA:299,77,1,0
BRDA:302,78,0,0
BRDA:302,78,1,0
BRDA:305,79,0,0
BRDA:305,79,1,0
BRDA:308,80,0,0
BRDA:308,80,1,0
BRDA:320,81,0,0
BRDA:320,81,1,54
BRDA:327,82,0,0
BRDA:327,82,1,1
BRDA:341,83,0,0
BRDA:341,83,1,0
BRDA:341,83,2,0
BRDA:341,83,3,0
BRDA:386,84,0,0
BRDA:386,84,1,48
BRDA:398,85,0,0
BRDA:398,85,1,0
BRDA:401,86,0,0
BRDA:401,86,1,0
BRDA:413,87,0,0
BRDA:413,87,1,0
BRDA:439,88,0,0
BRDA:439,88,1,0
BRDA:446,89,0,0
BRDA:446,89,1,0
BRDA:474,90,0,0
BRDA:474,90,1,0
BRDA:489,91,0,0
BRDA:489,91,1,0
BRDA:489,92,0,0
BRDA:489,92,1,0
BRDA:491,93,0,0
BRDA:491,93,1,0
BRDA:499,94,0,0
BRDA:499,94,1,0
BRDA:503,95,0,0
BRDA:503,95,1,0
BRDA:521,96,0,4
BRDA:524,97,0,11
BRDA:524,97,1,7
BRDA:533,98,0,0
BRDA:533,98,1,0
BRDA:536,99,0,0
BRDA:536,99,1,0
BRDA:537,100,0,0
BRDA:537,100,1,0
BRDA:537,101,0,0
BRDA:537,101,1,0
BRDA:561,102,0,2
BRDA:561,102,1,1
BRDA:584,103,0,0
BRDA:584,104,0,0
BRDA:585,105,0,2
BRDA:585,105,1,0
BRDA:587,106,0,0
BRDA:587,106,1,0
BRDA:587,107,0,0
BRDA:587,107,1,0
BRDA:590,108,0,0
BRDA:590,108,1,0
BRDA:602,109,0,0
BRDA:604,110,0,0
BRDA:604,110,1,0
BRDA:604,111,0,0
BRDA:604,111,1,0
BRDA:626,112,0,14
BRDA:626,112,1,1
BRDA:633,113,0,1
BRDA:633,113,1,14
BRDA:645,114,0,0
BRDA:646,115,0,2
BRDA:646,115,1,0
BRDA:650,116,0,1
BRDA:650,116,1,1
BRDA:655,117,0,0
BRDA:655,117,1,2
BRDA:671,118,0,2
BRDA:671,118,1,0
BRDA:675,119,0,0
BRDA:675,119,1,2
BRDA:676,120,0,0
BRDA:676,120,1,0
BRDA:676,121,0,0
BRDA:676,121,1,0
BRDA:688,122,0,0
BRDA:688,122,1,0
BRDA:693,123,0,0
BRDA:693,123,1,0
BRDA:725,124,0,3
BRDA:725,124,1,0
BRDA:750,125,0,1
BRDA:750,125,1,13
BRF:250
BRH:47
end_of_record
TN:
SF:/home/travis/build/wasdk/WebAssemblyStudio/src/monaco-extra.ts
FN:9,(anonymous_0)
FN:14,(anonymous_1)
FN:17,(anonymous_2)
FN:20,(anonymous_3)
FN:23,(anonymous_4)
FN:26,(anonymous_5)
FN:32,(anonymous_6)
FN:36,(anonymous_7)
FN:39,(anonymous_8)
FN:45,(anonymous_9)
FN:49,(anonymous_10)
FN:52,(anonymous_11)
FN:58,(anonymous_12)
FN:63,(anonymous_13)
FN:70,(anonymous_14)
FN:72,(anonymous_15)
FNF:16
FNH:2
FNDA:0,(anonymous_0)
FNDA:0,(anonymous_1)
FNDA:0,(anonymous_2)
FNDA:0,(anonymous_3)
FNDA:0,(anonymous_4)
FNDA:0,(anonymous_5)
FNDA:0,(anonymous_6)
FNDA:0,(anonymous_7)
FNDA:0,(anonymous_8)
FNDA:0,(anonymous_9)
FNDA:0,(anonymous_10)
FNDA:0,(anonymous_11)
FNDA:1,(anonymous_12)
FNDA:1,(anonymous_13)
FNDA:0,(anonymous_14)
FNDA:0,(anonymous_15)
DA:6,1
DA:7,1
DA:10,0
DA:11,0
DA:12,0
DA:21,0
DA:24,0
DA:27,0
DA:30,1
DA:33,0
DA:34,0
DA:37,0
DA:40,0
DA:43,1
DA:46,0
DA:47,0
DA:50,0
DA:53,0
DA:56,1
DA:58,1
DA:59,1
DA:60,1
DA:63,1
DA:64,1
DA:65,1
DA:67,1
DA:68,1
DA:69,1
DA:70,1
DA:71,1
DA:72,1
LF:31
LH:17
BRDA:61,0,0,1
BRDA:61,0,1,1
BRDA:66,1,0,1
BRDA:66,1,1,1
BRDA:70,2,0,0
BRDA:72,3,0,0
BRF:6
BRH:4
end_of_record
TN:
SF:/home/travis/build/wasdk/WebAssemblyStudio/src/monaco-utils.ts
FN:26,(anonymous_0)
FNF:1
FNH:0
FNDA:0,(anonymous_0)
DA:22,8
DA:27,0
DA:28,0
DA:29,0
DA:30,0
DA:31,0
DA:34,8
LF:7
LH:2
BRF:0
BRH:0
end_of_record
TN:
SF:/home/travis/build/wasdk/WebAssemblyStudio/src/service.ts
FN:22,(anonymous_0)
FN:23,(anonymous_1)
FN:24,fulfilled
FN:25,rejected
FN:26,step
FN:26,(anonymous_5)
FN:40,(anonymous_6)
FN:54,(anonymous_7)
FN:62,defer
FN:63,(anonymous_9)
FN:64,(anonymous_10)
FN:65,(anonymous_11)
FN:71,getServiceURL
FN:72,(anonymous_13)
FN:87,(anonymous_14)
FN:91,(anonymous_15)
FN:105,(anonymous_16)
FN:108,(anonymous_17)
FN:112,(anonymous_18)
FN:113,(anonymous_19)
FN:114,(anonymous_20)
FN:116,(anonymous_21)
FN:118,(anonymous_22)
FN:127,(anonymous_23)
FN:128,(anonymous_24)
FN:132,(anonymous_25)
FN:133,(anonymous_26)
FN:137,(anonymous_27)
FN:138,(anonymous_28)
FN:142,(anonymous_29)
FN:143,(anonymous_30)
FN:147,(anonymous_31)
FN:148,(anonymous_32)
FN:152,(anonymous_33)
FN:153,(anonymous_34)
FN:157,(anonymous_35)
FN:158,(anonymous_36)
FN:162,(anonymous_37)
FN:163,(anonymous_38)
FN:167,(anonymous_39)
FN:168,(anonymous_40)
FN:174,(anonymous_41)
FN:175,(anonymous_42)
FN:185,(anonymous_43)
FN:186,(anonymous_44)
FN:196,(anonymous_45)
FN:247,(anonymous_46)
FN:248,(anonymous_47)
FN:253,(anonymous_48)
FN:254,(anonymous_49)
FN:260,(anonymous_50)
FN:282,(anonymous_51)
FN:283,(anonymous_52)
FN:310,(anonymous_53)
FN:311,(anonymous_54)
FN:319,(anonymous_55)
FN:320,(anonymous_56)
FN:327,(anonymous_57)
FN:328,(anonymous_58)
FN:344,(anonymous_59)
FN:345,(anonymous_60)
FN:352,(anonymous_61)
FN:353,(anonymous_62)
FN:363,(anonymous_63)
FN:364,(anonymous_64)
FN:372,(anonymous_65)
FN:373,(anonymous_66)
FN:390,(anonymous_67)
FN:400,(anonymous_68)
FN:401,(anonymous_69)
FN:404,serialize
FN:406,(anonymous_71)
FN:420,(anonymous_72)
FN:421,(anonymous_73)
FN:423,(anonymous_74)
FN:446,(anonymous_75)
FN:447,(anonymous_76)
FN:473,(anonymous_77)
FN:474,(anonymous_78)
FN:483,(anonymous_79)
FN:490,(anonymous_80)
FN:491,(anonymous_81)
FN:502,(anonymous_82)
FN:503,(anonymous_83)
FN:512,(anonymous_84)
FN:513,(anonymous_85)
FN:524,(anonymous_86)
FN:525,(anonymous_87)
FN:536,(anonymous_88)
FN:537,(anonymous_89)
FN:548,(anonymous_90)
FN:549,(anonymous_91)
FN:560,(anonymous_92)
FN:574,(anonymous_93)
FN:575,(anonymous_94)
FN:577,format
FN:598,(anonymous_96)
FN:599,(anonymous_97)
FN:605,toBytes
FN:606,(anonymous_99)
FN:620,(anonymous_100)
FN:633,(anonymous_101)
FN:649,(anonymous_102)
FN:654,(anonymous_103)
FN:667,(anonymous_104)
FN:668,(anonymous_105)
FN:677,(anonymous_106)
FN:678,(anonymous_107)
FNF:108
FNH:3
FNDA:0,(anonymous_0)
FNDA:0,(anonymous_1)
FNDA:0,fulfilled
FNDA:0,rejected
FNDA:0,step
FNDA:0,(anonymous_5)
FNDA:7,(anonymous_6)
FNDA:7,(anonymous_7)
FNDA:0,defer
FNDA:0,(anonymous_9)
FNDA:0,(anonymous_10)
FNDA:0,(anonymous_11)
FNDA:0,getServiceURL
FNDA:0,(anonymous_13)
FNDA:7,(anonymous_14)
FNDA:0,(anonymous_15)
FNDA:0,(anonymous_16)
FNDA:0,(anonymous_17)
FNDA:0,(anonymous_18)
FNDA:0,(anonymous_19)
FNDA:0,(anonymous_20)
FNDA:0,(anonymous_21)
FNDA:0,(anonymous_22)
FNDA:0,(anonymous_23)
FNDA:0,(anonymous_24)
FNDA:0,(anonymous_25)
FNDA:0,(anonymous_26)
FNDA:0,(anonymous_27)
FNDA:0,(anonymous_28)
FNDA:0,(anonymous_29)
FNDA:0,(anonymous_30)
FNDA:0,(anonymous_31)
FNDA:0,(anonymous_32)
FNDA:0,(anonymous_33)
FNDA:0,(anonymous_34)
FNDA:0,(anonymous_35)
FNDA:0,(anonymous_36)
FNDA:0,(anonymous_37)
FNDA:0,(anonymous_38)
FNDA:0,(anonymous_39)
FNDA:0,(anonymous_40)
FNDA:0,(anonymous_41)
FNDA:0,(anonymous_42)
FNDA:0,(anonymous_43)
FNDA:0,(anonymous_44)
FNDA:0,(anonymous_45)
FNDA:0,(anonymous_46)
FNDA:0,(anonymous_47)
FNDA:0,(anonymous_48)
FNDA:0,(anonymous_49)
FNDA:0,(anonymous_50)
FNDA:0,(anonymous_51)
FNDA:0,(anonymous_52)
FNDA:0,(anonymous_53)
FNDA:0,(anonymous_54)
FNDA:0,(anonymous_55)
FNDA:0,(anonymous_56)
FNDA:0,(anonymous_57)
FNDA:0,(anonymous_58)
FNDA:0,(anonymous_59)
FNDA:0,(anonymous_60)
FNDA:0,(anonymous_61)
FNDA:0,(anonymous_62)
FNDA:0,(anonymous_63)
FNDA:0,(anonymous_64)
FNDA:0,(anonymous_65)
FNDA:0,(anonymous_66)
FNDA:0,(anonymous_67)
FNDA:0,(anonymous_68)
FNDA:0,(anonymous_69)
FNDA:0,serialize
FNDA:0,(anonymous_71)
FNDA:0,(anonymous_72)
FNDA:0,(anonymous_73)
FNDA:0,(anonymous_74)
FNDA:0,(anonymous_75)
FNDA:0,(anonymous_76)
FNDA:0,(anonymous_77)
FNDA:0,(anonymous_78)
FNDA:0,(anonymous_79)
FNDA:0,(anonymous_80)
FNDA:0,(anonymous_81)
FNDA:0,(anonymous_82)
FNDA:0,(anonymous_83)
FNDA:0,(anonymous_84)
FNDA:0,(anonymous_85)
FNDA:0,(anonymous_86)
FNDA:0,(anonymous_87)
FNDA:0,(anonymous_88)
FNDA:0,(anonymous_89)
FNDA:0,(anonymous_90)
FNDA:0,(anonymous_91)
FNDA:0,(anonymous_92)
FNDA:0,(anonymous_93)
FNDA:0,(anonymous_94)
FNDA:0,format
FNDA:0,(anonymous_96)
FNDA:0,(anonymous_97)
FNDA:0,toBytes
FNDA:0,(anonymous_99)
FNDA:0,(anonymous_100)
FNDA:0,(anonymous_101)
FNDA:0,(anonymous_102)
FNDA:0,(anonymous_103)
FNDA:0,(anonymous_104)
FNDA:0,(anonymous_105)
FNDA:0,(anonymous_106)
FNDA:0,(anonymous_107)
DA:22,7
DA:23,0
DA:24,0
DA:25,0
DA:26,0
DA:27,0
DA:30,7
DA:31,7
DA:32,7
DA:33,7
DA:34,7
DA:35,7
DA:36,7
DA:37,7
DA:38,7
DA:40,7
DA:41,7
DA:42,7
DA:43,7
DA:44,7
DA:45,7
DA:46,7
DA:47,7
DA:48,7
DA:49,7
DA:50,7
DA:51,7
DA:54,7
DA:55,7
DA:56,7
DA:57,7
DA:63,0
DA:64,0
DA:65,0
DA:66,0
DA:72,0
DA:73,0
DA:74,0
DA:76,0
DA:78,0
DA:80,0
DA:82,0
DA:88,7
DA:89,7
DA:90,7
DA:91,7
DA:92,0
DA:93,0
DA:95,0
DA:96,0
DA:97,0
DA:100,0
DA:102,0
DA:106,0
DA:109,0
DA:110,0
DA:113,0
DA:114,0
DA:115,0
DA:116,0
DA:117,0
DA:119,0
DA:121,0
DA:128,0
DA:129,0
DA:133,0
DA:134,0
DA:138,0
DA:139,0
DA:143,0
DA:144,0
DA:148,0
DA:149,0
DA:153,0
DA:154,0
DA:158,0
DA:159,0
DA:163,0
DA:164,0
DA:168,0
DA:169,0
DA:175,0
DA:176,0
DA:177,0
DA:182,0
DA:186,0
DA:187,0
DA:188,0
DA:193,0
DA:198,0
DA:199,0
DA:200,0
DA:203,0
DA:204,0
DA:205,0
DA:207,0
DA:208,0
DA:209,0
DA:210,0
DA:211,0
DA:212,0
DA:214,0
DA:215,0
DA:217,0
DA:225,0
DA:226,0
DA:227,0
DA:228,0
DA:230,0
DA:231,0
DA:232,0
DA:233,0
DA:235,0
DA:236,0
DA:238,0
DA:245,0
DA:248,0
DA:249,0
DA:250,0
DA:254,0
DA:255,0
DA:256,0
DA:257,0
DA:258,0
DA:259,0
DA:260,0
DA:261,0
DA:265,0
DA:268,0
DA:269,0
DA:271,0
DA:272,0
DA:273,0
DA:275,0
DA:276,0
DA:277,0
DA:279,0
DA:283,0
DA:284,0
DA:285,0
DA:286,0
DA:298,0
DA:300,0
DA:301,0
DA:302,0
DA:304,0
DA:306,0
DA:311,0
DA:312,0
DA:313,0
DA:314,0
DA:315,0
DA:316,0
DA:320,0
DA:321,0
DA:322,0
DA:323,0
DA:324,0
DA:328,0
DA:329,0
DA:330,0
DA:331,0
DA:332,0
DA:333,0
DA:336,0
DA:339,0
DA:341,0
DA:345,0
DA:346,0
DA:347,0
DA:348,0
DA:349,0
DA:353,0
DA:354,0
DA:355,0
DA:360,0
DA:364,0
DA:365,0
DA:366,0
DA:369,0
DA:373,0
DA:374,0
DA:375,0
DA:376,0
DA:379,0
DA:384,0
DA:385,0
DA:386,0
DA:391,0
DA:392,0
DA:393,0
DA:394,0
DA:395,0
DA:398,0
DA:401,0
DA:402,0
DA:403,0
DA:405,0
DA:406,0
DA:409,0
DA:412,0
DA:413,0
DA:414,0
DA:415,0
DA:417,0
DA:421,0
DA:422,0
DA:423,0
DA:426,0
DA:427,0
DA:428,0
DA:431,0
DA:432,0
DA:434,0
DA:439,0
DA:441,0
DA:447,0
DA:448,0
DA:449,0
DA:450,0
DA:452,0
DA:453,0
DA:454,0
DA:457,0
DA:461,0
DA:462,0
DA:463,0
DA:466,0
DA:469,0
DA:474,0
DA:475,0
DA:476,0
DA:477,0
DA:478,0
DA:479,0
DA:480,0
DA:481,0
DA:482,0
DA:483,0
DA:484,0
DA:485,0
DA:491,0
DA:492,0
DA:493,0
DA:494,0
DA:495,0
DA:496,0
DA:497,0
DA:498,0
DA:499,0
DA:503,0
DA:504,0
DA:505,0
DA:506,0
DA:507,0
DA:508,0
DA:509,0
DA:513,0
DA:514,0
DA:515,0
DA:516,0
DA:517,0
DA:518,0
DA:519,0
DA:520,0
DA:521,0
DA:525,0
DA:526,0
DA:527,0
DA:528,0
DA:529,0
DA:530,0
DA:531,0
DA:532,0
DA:533,0
DA:537,0
DA:538,0
DA:539,0
DA:540,0
DA:541,0
DA:542,0
DA:543,0
DA:544,0
DA:545,0
DA:549,0
DA:550,0
DA:551,0
DA:552,0
DA:553,0
DA:554,0
DA:555,0
DA:556,0
DA:557,0
DA:561,0
DA:562,0
DA:563,0
DA:564,0
DA:566,0
DA:567,0
DA:568,0
DA:569,0
DA:570,0
DA:575,0
DA:576,0
DA:578,0
DA:579,0
DA:581,0
DA:582,0
DA:585,0
DA:586,0
DA:587,0
DA:588,0
DA:590,0
DA:594,0
DA:599,0
DA:600,0
DA:601,0
DA:602,0
DA:604,0
DA:606,0
DA:608,0
DA:609,0
DA:610,0
DA:611,0
DA:612,0
DA:613,0
DA:614,0
DA:615,0
DA:616,0
DA:617,0
DA:618,0
DA:619,0
DA:620,0
DA:621,0
DA:622,0
DA:623,0
DA:624,0
DA:625,0
DA:627,0
DA:628,0
DA:629,0
DA:633,0
DA:634,0
DA:635,0
DA:636,0
DA:637,0
DA:639,0
DA:641,0
DA:642,0
DA:644,0
DA:646,0
DA:650,0
DA:651,0
DA:652,0
DA:654,0
DA:655,0
DA:656,0
DA:657,0
DA:658,0
DA:659,0
DA:665,0
DA:668,0
DA:669,0
DA:670,0
DA:672,0
DA:673,0
DA:674,0
DA:678,0
DA:679,0
DA:680,0
DA:681,0
DA:682,0
DA:683,0
DA:684,0
DA:685,0
DA:686,0
DA:687,0
DA:691,7
DA:692,7
DA:693,7
DA:694,7
LF:381
LH:34
BRDA:22,0,0,7
BRDA:22,0,1,7
BRDA:22,0,2,7
BRDA:23,1,0,0
BRDA:23,1,1,0
BRDA:26,2,0,0
BRDA:26,2,1,0
BRDA:27,3,0,0
BRDA:27,3,1,0
BRDA:52,4,0,7
BRDA:52,4,1,7
BRDA:58,5,0,7
BRDA:58,5,1,7
BRDA:74,6,0,0
BRDA:74,6,1,0
BRDA:74,6,2,0
BRDA:74,6,3,0
BRDA:92,7,0,0
BRDA:92,7,1,0
BRDA:96,8,0,0
BRDA:96,8,1,0
BRDA:199,9,0,0
BRDA:199,9,1,0
BRDA:204,10,0,0
BRDA:204,10,1,0
BRDA:211,11,0,0
BRDA:211,11,1,0
BRDA:214,12,0,0
BRDA:214,12,1,0
BRDA:227,13,0,0
BRDA:227,13,1,0
BRDA:232,14,0,0
BRDA:232,14,1,0
BRDA:235,15,0,0
BRDA:235,15,1,0
BRDA:247,16,0,0
BRDA:253,17,0,0
BRDA:256,18,0,0
BRDA:256,18,1,0
BRDA:258,19,0,0
BRDA:258,19,1,0
BRDA:268,20,0,0
BRDA:268,20,1,0
BRDA:272,21,0,0
BRDA:272,21,1,0
BRDA:276,22,0,0
BRDA:276,22,1,0
BRDA:282,23,0,0
BRDA:285,24,0,0
BRDA:285,24,1,0
BRDA:285,25,0,0
BRDA:285,25,1,0
BRDA:285,25,2,0
BRDA:300,26,0,0
BRDA:300,26,1,0
BRDA:300,27,0,0
BRDA:300,27,1,0
BRDA:304,28,0,0
BRDA:304,28,1,0
BRDA:304,29,0,0
BRDA:304,29,1,0
BRDA:313,30,0,0
BRDA:313,30,1,0
BRDA:315,31,0,0
BRDA:315,31,1,0
BRDA:330,32,0,0
BRDA:330,32,1,0
BRDA:339,33,0,0
BRDA:339,33,1,0
BRDA:375,34,0,0
BRDA:375,34,1,0
BRDA:392,35,0,0
BRDA:392,35,1,0
BRDA:394,36,0,0
BRDA:394,36,1,0
BRDA:405,37,0,0
BRDA:405,37,1,0
BRDA:414,38,0,0
BRDA:414,38,1,0
BRDA:426,39,0,0
BRDA:426,39,1,0
BRDA:446,40,0,0
BRDA:452,41,0,0
BRDA:452,41,1,0
BRDA:453,42,0,0
BRDA:453,42,1,0
BRDA:462,43,0,0
BRDA:462,43,1,0
BRDA:475,44,0,0
BRDA:475,44,1,0
BRDA:484,45,0,0
BRDA:484,45,1,0
BRDA:495,46,0,0
BRDA:495,46,1,0
BRDA:497,47,0,0
BRDA:497,47,1,0
BRDA:506,48,0,0
BRDA:506,48,1,0
BRDA:508,49,0,0
BRDA:508,49,1,0
BRDA:516,50,0,0
BRDA:516,50,1,0
BRDA:518,51,0,0
BRDA:518,51,1,0
BRDA:528,52,0,0
BRDA:528,52,1,0
BRDA:530,53,0,0
BRDA:530,53,1,0
BRDA:540,54,0,0
BRDA:540,54,1,0
BRDA:542,55,0,0
BRDA:542,55,1,0
BRDA:552,56,0,0
BRDA:552,56,1,0
BRDA:554,57,0,0
BRDA:554,57,1,0
BRDA:561,58,0,0
BRDA:561,58,1,0
BRDA:569,59,0,0
BRDA:569,59,1,0
BRDA:581,60,0,0
BRDA:581,60,1,0
BRDA:598,61,0,0
BRDA:601,62,0,0
BRDA:601,62,1,0
BRDA:622,63,0,0
BRDA:622,63,1,0
BRDA:624,64,0,0
BRDA:624,64,1,0
BRDA:628,65,0,0
BRDA:628,65,1,0
BRDA:634,66,0,0
BRDA:634,66,1,0
BRDA:636,67,0,0
BRDA:636,67,1,0
BRDA:651,68,0,0
BRDA:651,68,1,0
BRDA:655,69,0,0
BRDA:655,69,1,0
BRDA:669,70,0,0
BRDA:669,70,1,0
BRDA:681,71,0,0
BRDA:681,71,1,0
BRDA:686,72,0,0
BRDA:686,72,1,0
BRF:145
BRH:7
end_of_record
TN:
SF:/home/travis/build/wasdk/WebAssemblyStudio/src/util.ts
FN:23,toAddress
FN:31,padRight
FN:39,padLeft
FN:52,isBranch
FN:77,concat3
FN:84,concat4
FN:93,base64EncodeBytes
FN:135,decodeRestrictedBase64ToBytes
FN:166,layout
FN:170,(anonymous_9)
FN:176,resetDOMSelection
FN:180,assert
FN:186,clamp
FN:190,contextify
FN:194,require
FNF:15
FNH:1
FNDA:0,toAddress
FNDA:0,padRight
FNDA:0,padLeft
FNDA:0,isBranch
FNDA:0,concat3
FNDA:0,concat4
FNDA:0,base64EncodeBytes
FNDA:0,decodeRestrictedBase64ToBytes
FNDA:0,layout
FNDA:0,(anonymous_9)
FNDA:0,resetDOMSelection
FNDA:47,assert
FNDA:0,clamp
FNDA:0,contextify
FNDA:0,require
DA:22,7
DA:24,0
DA:25,0
DA:26,0
DA:28,0
DA:30,7
DA:32,0
DA:33,0
DA:34,0
DA:36,0
DA:38,7
DA:40,0
DA:41,0
DA:42,0
DA:44,0
DA:46,7
DA:47,7
DA:53,0
DA:55,7
DA:56,7
DA:64,7
DA:65,7
DA:66,7
DA:67,7
DA:68,7
DA:78,0
DA:79,0
DA:80,0
DA:81,0
DA:83,7
DA:85,0
DA:86,0
DA:87,0
DA:88,0
DA:89,0
DA:91,7
DA:94,0
DA:95,0
DA:96,0
DA:97,0
DA:98,0
DA:105,0
DA:107,0
DA:109,0
DA:110,0
DA:111,0
DA:112,0
DA:114,0
DA:117,0
DA:118,0
DA:119,0
DA:121,0
DA:122,0
DA:124,0
DA:125,0
DA:126,0
DA:127,0
DA:129,0
DA:130,0
DA:132,0
DA:134,7
DA:139,0
DA:140,0
DA:141,0
DA:142,0
DA:143,0
DA:144,0
DA:145,0
DA:146,0
DA:147,0
DA:148,0
DA:149,0
DA:150,0
DA:152,0
DA:153,0
DA:154,0
DA:155,0
DA:156,0
DA:158,0
DA:159,0
DA:161,0
DA:163,7
DA:164,7
DA:165,7
DA:167,0
DA:168,0
DA:170,0
DA:171,0
DA:172,0
DA:175,7
DA:177,0
DA:179,7
DA:181,47
DA:182,0
DA:185,7
DA:187,0
DA:189,7
DA:195,0
DA:196,0
DA:197,0
DA:199,0
DA:201,0
DA:203,0
DA:208,0
DA:211,0
DA:214,0
DA:217,7
LF:107
LH:24
BRDA:117,0,0,0
BRDA:117,0,1,0
BRDA:124,1,0,0
BRDA:124,1,1,0
BRDA:140,2,0,0
BRDA:140,2,1,0
BRDA:140,3,0,0
BRDA:140,3,1,0
BRDA:149,4,0,0
BRDA:149,4,1,0
BRDA:155,5,0,0
BRDA:155,5,1,0
BRDA:167,6,0,0
BRDA:167,6,1,0
BRDA:181,7,0,0
BRDA:181,7,1,47
BRDA:190,8,0,0
BRDA:190,9,0,0
BRDA:190,10,0,0
BRDA:195,11,0,0
BRDA:195,11,1,0
BRDA:196,12,0,0
BRDA:196,12,1,0
BRF:23
BRH:1
end_of_record
TN:
SF:/home/travis/build/wasdk/WebAssemblyStudio/src/worker.ts
FN:22,(anonymous_0)
FN:23,(anonymous_1)
FN:24,fulfilled
FN:25,rejected
FN:26,step
FN:26,(anonymous_5)
FN:32,assert
FN:37,loadBinaryen
FN:38,(anonymous_8)
FN:44,loadWabt
FN:45,(anonymous_10)
FN:53,loadTwiggy
FN:54,(anonymous_12)
FN:68,(anonymous_13)
FN:83,processMessage
FN:84,(anonymous_15)
FN:102,optimizeWasmWithBinaryen
FN:103,(anonymous_17)
FN:110,validateWasmWithBinaryen
FN:111,(anonymous_19)
FN:117,createWasmCallGraphWithBinaryen
FN:118,(anonymous_21)
FN:123,(anonymous_22)
FN:129,convertWasmToAsmWithBinaryen
FN:130,(anonymous_24)
FN:137,disassembleWasmWithBinaryen
FN:138,(anonymous_26)
FN:144,assembleWatWithBinaryen
FN:145,(anonymous_28)
FN:151,disassembleWasmWithWabt
FN:152,(anonymous_30)
FN:160,assembleWatWithWabt
FN:161,(anonymous_32)
FN:169,twiggyWasm
FN:170,(anonymous_34)
FN:183,(anonymous_35)
FN:212,printDominator
FN:222,(anonymous_37)
FNF:38
FNH:0
FNDA:0,(anonymous_0)
FNDA:0,(anonymous_1)
FNDA:0,fulfilled
FNDA:0,rejected
FNDA:0,step
FNDA:0,(anonymous_5)
FNDA:0,assert
FNDA:0,loadBinaryen
FNDA:0,(anonymous_8)
FNDA:0,loadWabt
FNDA:0,(anonymous_10)
FNDA:0,loadTwiggy
FNDA:0,(anonymous_12)
FNDA:0,(anonymous_13)
FNDA:0,processMessage
FNDA:0,(anonymous_15)
FNDA:0,optimizeWasmWithBinaryen
FNDA:0,(anonymous_17)
FNDA:0,validateWasmWithBinaryen
FNDA:0,(anonymous_19)
FNDA:0,createWasmCallGraphWithBinaryen
FNDA:0,(anonymous_21)
FNDA:0,(anonymous_22)
FNDA:0,convertWasmToAsmWithBinaryen
FNDA:0,(anonymous_24)
FNDA:0,disassembleWasmWithBinaryen
FNDA:0,(anonymous_26)
FNDA:0,assembleWatWithBinaryen
FNDA:0,(anonymous_28)
FNDA:0,disassembleWasmWithWabt
FNDA:0,(anonymous_30)
FNDA:0,assembleWatWithWabt
FNDA:0,(anonymous_32)
FNDA:0,twiggyWasm
FNDA:0,(anonymous_34)
FNDA:0,(anonymous_35)
FNDA:0,printDominator
FNDA:0,(anonymous_37)
DA:22,0
DA:23,0
DA:24,0
DA:25,0
DA:26,0
DA:27,0
DA:30,0
DA:31,0
DA:33,0
DA:34,0
DA:38,0
DA:39,0
DA:40,0
DA:45,0
DA:46,0
DA:47,0
DA:48,0
DA:52,0
DA:54,0
DA:55,0
DA:56,0
DA:57,0
DA:58,0
DA:68,0
DA:69,0
DA:80,0
DA:81,0
DA:84,0
DA:85,0
DA:90,0
DA:91,0
DA:94,0
DA:97,0
DA:99,0
DA:103,0
DA:104,0
DA:105,0
DA:106,0
DA:107,0
DA:111,0
DA:112,0
DA:113,0
DA:114,0
DA:118,0
DA:119,0
DA:120,0
DA:121,0
DA:122,0
DA:123,0
DA:124,0
DA:125,0
DA:126,0
DA:130,0
DA:131,0
DA:132,0
DA:133,0
DA:134,0
DA:138,0
DA:139,0
DA:140,0
DA:141,0
DA:145,0
DA:146,0
DA:147,0
DA:148,0
DA:152,0
DA:153,0
DA:154,0
DA:155,0
DA:156,0
DA:157,0
DA:161,0
DA:162,0
DA:163,0
DA:164,0
DA:165,0
DA:166,0
DA:170,0
DA:171,0
DA:173,0
DA:174,0
DA:176,0
DA:177,0
DA:178,0
DA:179,0
DA:180,0
DA:181,0
DA:182,0
DA:183,0
DA:184,0
DA:185,0
DA:188,0
DA:191,0
DA:192,0
DA:204,0
DA:205,0
DA:206,0
DA:208,0
DA:209,0
DA:210,0
DA:211,0
DA:213,0
DA:214,0
DA:215,0
DA:217,0
DA:218,0
DA:220,0
DA:221,0
DA:222,0
DA:223,0
DA:224,0
DA:227,0
DA:232,0
DA:233,0
DA:234,0
DA:236,0
LF:116
LH:0
BRDA:22,0,0,0
BRDA:22,0,1,0
BRDA:22,0,2,0
BRDA:23,1,0,0
BRDA:23,1,1,0
BRDA:26,2,0,0
BRDA:26,2,1,0
BRDA:27,3,0,0
BRDA:27,3,1,0
BRDA:33,4,0,0
BRDA:33,4,1,0
BRDA:39,5,0,0
BRDA:39,5,1,0
BRDA:46,6,0,0
BRDA:46,6,1,0
BRDA:55,7,0,0
BRDA:55,7,1,0
BRDA:184,8,0,0
BRDA:184,8,1,0
BRDA:191,9,0,0
BRDA:191,9,1,0
BRDA:217,10,0,0
BRDA:217,10,1,0
BRDA:221,11,0,0
BRDA:221,11,1,0
BRDA:223,12,0,0
BRDA:223,12,1,0
BRDA:233,13,0,0
BRDA:233,13,1,0
BRF:29
BRH:0
end_of_record
TN:
SF:/home/travis/build/wasdk/WebAssemblyStudio/src/actions/AppActions.ts
FN:22,(anonymous_0)
FN:23,(anonymous_1)
FN:24,fulfilled
FN:25,rejected
FN:26,step
FN:26,(anonymous_5)
FN:40,(anonymous_6)
FN:60,addFileTo
FN:68,loadProject
FN:75,initStore
FN:81,updateFileNameAndDescription
FN:90,deleteFile
FN:97,logLn
FN:105,splitGroup
FN:111,openView
FN:119,closeView
FN:126,closeTabs
FN:133,openFile
FN:142,openFiles
FN:149,openProjectFiles
FN:150,(anonymous_20)
FN:163,saveProject
FN:164,(anonymous_22)
FN:168,(anonymous_23)
FN:169,(anonymous_24)
FN:179,editInWebAssemblyStudio
FN:180,(anonymous_26)
FN:185,focusTabGroup
FN:192,pushStatus
FN:199,popStatus
FN:205,runTask
FN:206,(anonymous_31)
FN:208,(anonymous_32)
FN:208,(anonymous_33)
FN:263,run
FN:264,(anonymous_35)
FN:268,(anonymous_36)
FN:287,build
FN:288,(anonymous_38)
FN:295,setViewType
FNF:40
FNH:3
FNDA:0,(anonymous_0)
FNDA:0,(anonymous_1)
FNDA:0,fulfilled
FNDA:0,rejected
FNDA:0,step
FNDA:0,(anonymous_5)
FNDA:4,(anonymous_6)
FNDA:0,addFileTo
FNDA:0,loadProject
FNDA:1,initStore
FNDA:0,updateFileNameAndDescription
FNDA:0,deleteFile
FNDA:2,logLn
FNDA:0,splitGroup
FNDA:0,openView
FNDA:0,closeView
FNDA:0,closeTabs
FNDA:0,openFile
FNDA:0,openFiles
FNDA:0,openProjectFiles
FNDA:0,(anonymous_20)
FNDA:0,saveProject
FNDA:0,(anonymous_22)
FNDA:0,(anonymous_23)
FNDA:0,(anonymous_24)
FNDA:0,editInWebAssemblyStudio
FNDA:0,(anonymous_26)
FNDA:0,focusTabGroup
FNDA:0,pushStatus
FNDA:0,popStatus
FNDA:0,runTask
FNDA:0,(anonymous_31)
FNDA:0,(anonymous_32)
FNDA:0,(anonymous_33)
FNDA:0,run
FNDA:0,(anonymous_35)
FNDA:0,(anonymous_36)
FNDA:0,build
FNDA:0,(anonymous_38)
FNDA:0,setViewType
DA:22,4
DA:23,0
DA:24,0
DA:25,0
DA:26,0
DA:27,0
DA:30,4
DA:31,4
DA:32,4
DA:33,4
DA:34,4
DA:35,4
DA:36,4
DA:37,4
DA:38,4
DA:40,4
DA:41,4
DA:42,4
DA:43,4
DA:44,4
DA:45,4
DA:46,4
DA:47,4
DA:48,4
DA:49,4
DA:50,4
DA:51,4
DA:52,4
DA:53,4
DA:54,4
DA:55,4
DA:56,4
DA:57,4
DA:58,4
DA:61,0
DA:67,4
DA:69,0
DA:74,4
DA:76,1
DA:80,4
DA:82,0
DA:89,4
DA:91,0
DA:96,4
DA:98,2
DA:104,4
DA:106,0
DA:110,4
DA:112,0
DA:118,4
DA:120,0
DA:125,4
DA:127,0
DA:132,4
DA:134,0
DA:141,4
DA:143,0
DA:148,4
DA:150,0
DA:151,0
DA:152,0
DA:153,0
DA:157,0
DA:158,0
DA:162,4
DA:164,0
DA:165,0
DA:166,0
DA:167,0
DA:168,0
DA:169,0
DA:171,0
DA:172,0
DA:173,0
DA:178,4
DA:180,0
DA:181,0
DA:184,4
DA:186,0
DA:191,4
DA:193,0
DA:198,4
DA:200,0
DA:204,4
DA:206,0
DA:208,0
DA:209,0
DA:210,0
DA:211,0
DA:230,0
DA:231,0
DA:232,0
DA:235,0
DA:238,0
DA:239,0
DA:242,0
DA:243,0
DA:244,0
DA:247,0
DA:248,0
DA:249,0
DA:252,0
DA:253,0
DA:256,0
DA:262,4
DA:264,0
DA:265,0
DA:266,0
DA:267,0
DA:268,0
DA:269,0
DA:270,0
DA:271,0
DA:272,0
DA:273,0
DA:275,0
DA:276,0
DA:277,0
DA:279,0
DA:280,0
DA:286,4
DA:288,0
DA:289,0
DA:290,0
DA:291,0
DA:294,4
DA:296,0
DA:302,4
LF:128
LH:53
BRDA:22,0,0,4
BRDA:22,0,1,4
BRDA:22,0,2,4
BRDA:23,1,0,0
BRDA:23,1,1,0
BRDA:26,2,0,0
BRDA:26,2,1,0
BRDA:27,3,0,0
BRDA:27,3,1,0
BRDA:59,4,0,4
BRDA:59,4,1,4
BRDA:97,5,0,0
BRDA:111,6,0,0
BRDA:133,7,0,0
BRDA:133,8,0,0
BRDA:157,9,0,0
BRDA:157,9,1,0
BRDA:205,10,0,0
BRDA:230,11,0,0
BRDA:230,11,1,0
BRDA:238,12,0,0
BRDA:238,12,1,0
BRDA:243,13,0,0
BRDA:243,13,1,0
BRDA:247,14,0,0
BRDA:247,14,1,0
BRDA:252,15,0,0
BRDA:252,15,1,0
BRDA:271,16,0,0
BRDA:271,16,1,0
BRF:30
BRH:5
end_of_record
TN:
SF:/home/travis/build/wasdk/WebAssemblyStudio/src/components/App.tsx
FN:22,(anonymous_0)
FN:23,(anonymous_1)
FN:24,fulfilled
FN:25,rejected
FN:26,step
FN:26,(anonymous_5)
FN:57,(anonymous_6)
FN:98,(anonymous_7)
FN:99,(anonymous_8)
FN:113,(anonymous_9)
FN:116,(anonymous_10)
FN:117,(anonymous_11)
FN:139,(anonymous_12)
FN:140,(anonymous_13)
FN:144,(anonymous_14)
FN:147,(anonymous_15)
FN:154,(anonymous_16)
FN:159,(anonymous_17)
FN:174,(anonymous_18)
FN:175,(anonymous_19)
FN:183,(anonymous_20)
FN:184,(anonymous_21)
FN:192,(anonymous_22)
FN:193,(anonymous_23)
FN:196,(anonymous_24)
FN:199,(anonymous_25)
FN:203,(anonymous_26)
FN:206,(anonymous_27)
FN:209,(anonymous_28)
FN:212,(anonymous_29)
FN:218,(anonymous_30)
FN:221,(anonymous_31)
FN:222,(anonymous_32)
FN:226,(anonymous_33)
FN:227,(anonymous_34)
FN:243,(anonymous_35)
FN:244,(anonymous_36)
FN:262,(anonymous_37)
FN:263,(anonymous_38)
FN:265,(anonymous_39)
FN:271,(anonymous_40)
FN:274,(anonymous_41)
FN:276,(anonymous_42)
FN:293,(anonymous_43)
FN:300,(anonymous_44)
FN:304,(anonymous_45)
FN:306,(anonymous_46)
FN:308,(anonymous_47)
FN:310,(anonymous_48)
FN:314,(anonymous_49)
FN:316,(anonymous_50)
FN:318,(anonymous_51)
FN:322,(anonymous_52)
FN:324,(anonymous_53)
FN:330,(anonymous_54)
FN:332,(anonymous_55)
FN:338,(anonymous_56)
FN:340,(anonymous_57)
FN:340,(anonymous_58)
FN:343,(anonymous_59)
FN:343,(anonymous_60)
FN:350,(anonymous_61)
FN:353,(anonymous_62)
FN:361,(anonymous_63)
FN:366,(anonymous_64)
FN:368,(anonymous_65)
FN:370,(anonymous_66)
FN:370,(anonymous_67)
FN:375,(anonymous_68)
FN:377,(anonymous_69)
FN:382,(anonymous_70)
FN:384,(anonymous_71)
FN:390,(anonymous_72)
FN:394,(anonymous_73)
FN:396,(anonymous_74)
FN:398,(anonymous_75)
FN:404,(anonymous_76)
FN:406,(anonymous_77)
FN:411,(anonymous_78)
FN:415,(anonymous_79)
FN:417,(anonymous_80)
FN:419,(anonymous_81)
FN:431,(anonymous_82)
FN:435,(anonymous_83)
FN:440,(anonymous_84)
FN:442,(anonymous_85)
FN:444,(anonymous_86)
FN:446,(anonymous_87)
FN:453,(anonymous_88)
FN:458,(anonymous_89)
FNF:90
FNH:0
FNDA:0,(anonymous_0)
FNDA:0,(anonymous_1)
FNDA:0,fulfilled
FNDA:0,rejected
FNDA:0,step
FNDA:0,(anonymous_5)
FNDA:0,(anonymous_6)
FNDA:0,(anonymous_7)
FNDA:0,(anonymous_8)
FNDA:0,(anonymous_9)
FNDA:0,(anonymous_10)
FNDA:0,(anonymous_11)
FNDA:0,(anonymous_12)
FNDA:0,(anonymous_13)
FNDA:0,(anonymous_14)
FNDA:0,(anonymous_15)
FNDA:0,(anonymous_16)
FNDA:0,(anonymous_17)
FNDA:0,(anonymous_18)
FNDA:0,(anonymous_19)
FNDA:0,(anonymous_20)
FNDA:0,(anonymous_21)
FNDA:0,(anonymous_22)
FNDA:0,(anonymous_23)
FNDA:0,(anonymous_24)
FNDA:0,(anonymous_25)
FNDA:0,(anonymous_26)
FNDA:0,(anonymous_27)
FNDA:0,(anonymous_28)
FNDA:0,(anonymous_29)
FNDA:0,(anonymous_30)
FNDA:0,(anonymous_31)
FNDA:0,(anonymous_32)
FNDA:0,(anonymous_33)
FNDA:0,(anonymous_34)
FNDA:0,(anonymous_35)
FNDA:0,(anonymous_36)
FNDA:0,(anonymous_37)
FNDA:0,(anonymous_38)
FNDA:0,(anonymous_39)
FNDA:0,(anonymous_40)
FNDA:0,(anonymous_41)
FNDA:0,(anonymous_42)
FNDA:0,(anonymous_43)
FNDA:0,(anonymous_44)
FNDA:0,(anonymous_45)
FNDA:0,(anonymous_46)
FNDA:0,(anonymous_47)
FNDA:0,(anonymous_48)
FNDA:0,(anonymous_49)
FNDA:0,(anonymous_50)
FNDA:0,(anonymous_51)
FNDA:0,(anonymous_52)
FNDA:0,(anonymous_53)
FNDA:0,(anonymous_54)
FNDA:0,(anonymous_55)
FNDA:0,(anonymous_56)
FNDA:0,(anonymous_57)
FNDA:0,(anonymous_58)
FNDA:0,(anonymous_59)
FNDA:0,(anonymous_60)
FNDA:0,(anonymous_61)
FNDA:0,(anonymous_62)
FNDA:0,(anonymous_63)
FNDA:0,(anonymous_64)
FNDA:0,(anonymous_65)
FNDA:0,(anonymous_66)
FNDA:0,(anonymous_67)
FNDA:0,(anonymous_68)
FNDA:0,(anonymous_69)
FNDA:0,(anonymous_70)
FNDA:0,(anonymous_71)
FNDA:0,(anonymous_72)
FNDA:0,(anonymous_73)
FNDA:0,(anonymous_74)
FNDA:0,(anonymous_75)
FNDA:0,(anonymous_76)
FNDA:0,(anonymous_77)
FNDA:0,(anonymous_78)
FNDA:0,(anonymous_79)
FNDA:0,(anonymous_80)
FNDA:0,(anonymous_81)
FNDA:0,(anonymous_82)
FNDA:0,(anonymous_83)
FNDA:0,(anonymous_84)
FNDA:0,(anonymous_85)
FNDA:0,(anonymous_86)
FNDA:0,(anonymous_87)
FNDA:0,(anonymous_88)
FNDA:0,(anonymous_89)
DA:22,0
DA:23,0
DA:24,0
DA:25,0
DA:26,0
DA:27,0
DA:30,0
DA:31,0
DA:32,0
DA:33,0
DA:34,0
DA:35,0
DA:36,0
DA:37,0
DA:38,0
DA:39,0
DA:40,0
DA:41,0
DA:42,0
DA:43,0
DA:44,0
DA:45,0
DA:46,0
DA:47,0
DA:48,0
DA:49,0
DA:50,0
DA:51,0
DA:52,0
DA:53,0
DA:54,0
DA:55,0
DA:58,0
DA:62,0
DA:63,0
DA:96,0
DA:99,0
DA:100,0
DA:101,0
DA:107,0
DA:108,0
DA:109,0
DA:114,0
DA:117,0
DA:118,0
DA:119,0
DA:120,0
DA:121,0
DA:122,0
DA:123,0
DA:124,0
DA:125,0
DA:126,0
DA:130,0
DA:131,0
DA:140,0
DA:141,0
DA:142,0
DA:144,0
DA:145,0
DA:147,0
DA:148,0
DA:152,0
DA:154,0
DA:155,0
DA:159,0
DA:160,0
DA:161,0
DA:175,0
DA:176,0
DA:177,0
DA:178,0
DA:179,0
DA:180,0
DA:184,0
DA:185,0
DA:186,0
DA:187,0
DA:188,0
DA:189,0
DA:193,0
DA:194,0
DA:196,0
DA:197,0
DA:199,0
DA:200,0
DA:204,0
DA:207,0
DA:210,0
DA:211,0
DA:212,0
DA:213,0
DA:219,0
DA:222,0
DA:223,0
DA:227,0
DA:228,0
DA:229,0
DA:230,0
DA:231,0
DA:232,0
DA:233,0
DA:234,0
DA:235,0
DA:238,0
DA:240,0
DA:244,0
DA:245,0
DA:246,0
DA:247,0
DA:248,0
DA:249,0
DA:250,0
DA:251,0
DA:255,0
DA:258,0
DA:263,0
DA:264,0
DA:265,0
DA:266,0
DA:267,0
DA:268,0
DA:272,0
DA:275,0
DA:277,0
DA:278,0
DA:279,0
DA:280,0
DA:281,0
DA:282,0
DA:283,0
DA:286,0
DA:287,0
DA:289,0
DA:292,0
DA:293,0
DA:294,0
DA:295,0
DA:299,0
DA:300,0
DA:301,0
DA:304,0
DA:305,0
DA:307,0
DA:309,0
DA:311,0
DA:314,0
DA:315,0
DA:317,0
DA:319,0
DA:321,0
DA:322,0
DA:323,0
DA:325,0
DA:328,0
DA:331,0
DA:332,0
DA:333,0
DA:334,0
DA:335,0
DA:336,0
DA:338,0
DA:340,0
DA:342,0
DA:343,0
DA:344,0
DA:346,0
DA:348,0
DA:349,0
DA:351,0
DA:352,0
DA:354,0
DA:355,0
DA:359,0
DA:362,0
DA:363,0
DA:365,0
DA:366,0
DA:369,0
DA:370,0
DA:371,0
DA:372,0
DA:376,0
DA:378,0
DA:379,0
DA:383,0
DA:385,0
DA:386,0
DA:387,0
DA:391,0
DA:395,0
DA:398,0
DA:399,0
DA:401,0
DA:405,0
DA:407,0
DA:408,0
DA:412,0
DA:413,0
DA:416,0
DA:418,0
DA:420,0
DA:421,0
DA:422,0
DA:425,0
DA:427,0
DA:428,0
DA:429,0
DA:433,0
DA:434,0
DA:436,0
DA:437,0
DA:439,0
DA:441,0
DA:443,0
DA:445,0
DA:447,0
DA:454,0
DA:455,0
DA:459,0
DA:460,0
DA:461,0
DA:462,0
DA:467,0
LF:224
LH:0
BRDA:22,0,0,0
BRDA:22,0,1,0
BRDA:22,0,2,0
BRDA:23,1,0,0
BRDA:23,1,1,0
BRDA:26,2,0,0
BRDA:26,2,1,0
BRDA:27,3,0,0
BRDA:27,3,1,0
BRDA:108,4,0,0
BRDA:108,4,1,0
BRDA:122,5,0,0
BRDA:122,5,1,0
BRDA:125,6,0,0
BRDA:125,6,1,0
BRDA:130,7,0,0
BRDA:130,7,1,0
BRDA:203,8,0,0
BRDA:233,9,0,0
BRDA:233,9,1,0
BRDA:246,10,0,0
BRDA:246,10,1,0
BRDA:249,11,0,0
BRDA:249,11,1,0
BRDA:250,12,0,0
BRDA:250,12,1,0
BRDA:280,13,0,0
BRDA:280,13,1,0
BRDA:292,14,0,0
BRDA:292,14,1,0
BRDA:299,15,0,0
BRDA:299,15,1,0
BRDA:310,16,0,0
BRDA:310,16,1,0
BRDA:310,17,0,0
BRDA:310,17,1,0
BRDA:321,18,0,0
BRDA:321,18,1,0
BRDA:335,19,0,0
BRDA:335,19,1,0
BRDA:344,20,0,0
BRDA:344,20,1,0
BRDA:367,21,0,0
BRDA:367,21,1,0
BRDA:374,22,0,0
BRDA:374,22,1,0
BRDA:381,23,0,0
BRDA:381,23,1,0
BRDA:389,24,0,0
BRDA:389,24,1,0
BRDA:393,25,0,0
BRDA:393,25,1,0
BRDA:403,26,0,0
BRDA:403,26,1,0
BRDA:421,27,0,0
BRDA:421,27,1,0
BRDA:427,28,0,0
BRDA:427,28,1,0
BRDA:436,29,0,0
BRDA:436,29,1,0
BRDA:460,30,0,0
BRDA:460,30,1,0
BRF:62
BRH:0
end_of_record
TN:
SF:/home/travis/build/wasdk/WebAssemblyStudio/src/components/Binary.tsx
FN:33,toHex
FN:41,(anonymous_1)
FN:43,(anonymous_2)
FN:50,(anonymous_3)
FN:53,(anonymous_4)
FN:56,(anonymous_5)
FN:64,(anonymous_6)
FNF:7
FNH:0
FNDA:0,toHex
FNDA:0,(anonymous_1)
FNDA:0,(anonymous_2)
FNDA:0,(anonymous_3)
FNDA:0,(anonymous_4)
FNDA:0,(anonymous_5)
FNDA:0,(anonymous_6)
DA:22,1
DA:23,1
DA:24,1
DA:34,0
DA:35,0
DA:36,0
DA:38,0
DA:42,0
DA:43,0
DA:44,0
DA:45,0
DA:47,0
DA:48,0
DA:51,0
DA:54,0
DA:57,0
DA:58,0
DA:59,0
DA:60,0
DA:61,0
DA:65,0
DA:66,0
DA:67,0
DA:68,0
DA:69,0
DA:70,0
DA:71,0
DA:72,0
DA:73,0
DA:74,0
DA:75,0
DA:76,0
DA:77,0
DA:79,0
DA:85,0
DA:88,1
LF:36
LH:4
BRDA:59,0,0,0
BRDA:59,0,1,0
BRDA:77,1,0,0
BRDA:77,1,1,0
BRDA:77,2,0,0
BRDA:77,2,1,0
BRF:6
BRH:0
end_of_record
TN:
SF:/home/travis/build/wasdk/WebAssemblyStudio/src/components/BrowserNotSupported.tsx
FN:26,(anonymous_0)
FN:29,(anonymous_1)
FNF:2
FNH:0
FNDA:0,(anonymous_0)
FNDA:0,(anonymous_1)
DA:22,0
DA:23,0
DA:24,0
DA:27,0
DA:30,0
DA:38,0
LF:6
LH:0
BRF:0
BRH:0
end_of_record
TN:
SF:/home/travis/build/wasdk/WebAssemblyStudio/src/components/ControlCenter.tsx
FN:33,(anonymous_0)
FN:35,(anonymous_1)
FN:50,(anonymous_2)
FN:53,(anonymous_3)
FN:56,(anonymous_4)
FN:59,(anonymous_5)
FN:61,(anonymous_6)
FN:74,(anonymous_7)
FN:77,(anonymous_8)
FN:84,(anonymous_9)
FN:87,(anonymous_10)
FN:89,(anonymous_11)
FN:94,(anonymous_12)
FN:98,(anonymous_13)
FN:103,(anonymous_14)
FN:106,(anonymous_15)
FN:112,(anonymous_16)
FNF:17
FNH:8
FNDA:2,(anonymous_0)
FNDA:0,(anonymous_1)
FNDA:2,(anonymous_2)
FNDA:0,(anonymous_3)
FNDA:0,(anonymous_4)
FNDA:0,(anonymous_5)
FNDA:0,(anonymous_6)
FNDA:4,(anonymous_7)
FNDA:0,(anonymous_8)
FNDA:2,(anonymous_9)
FNDA:2,(anonymous_10)
FNDA:0,(anonymous_11)
FNDA:4,(anonymous_12)
FNDA:0,(anonymous_13)
FNDA:1,(anonymous_14)
FNDA:1,(anonymous_15)
FNDA:0,(anonymous_16)
DA:22,1
DA:23,1
DA:24,1
DA:25,1
DA:26,1
DA:27,1
DA:28,1
DA:29,1
DA:30,1
DA:31,1
DA:34,2
DA:35,2
DA:36,0
DA:38,2
DA:39,2
DA:40,2
DA:51,2
DA:54,0
DA:57,0
DA:60,0
DA:61,0
DA:62,0
DA:63,0
DA:69,0
DA:70,0
DA:72,0
DA:75,4
DA:77,3
DA:79,1
DA:81,0
DA:85,2
DA:88,2
DA:89,2
DA:90,0
DA:92,2
DA:95,4
DA:99,0
DA:104,1
DA:107,1
DA:113,0
DA:114,0
DA:120,1
LF:42
LH:27
BRDA:60,0,0,0
BRDA:60,0,1,0
BRDA:69,1,0,0
BRDA:69,1,1,0
BRDA:75,2,0,3
BRDA:75,2,1,1
BRDA:75,2,2,0
BRDA:99,3,0,0
BRDA:99,3,1,0
BRF:9
BRH:2
end_of_record
TN:
SF:/home/travis/build/wasdk/WebAssemblyStudio/src/components/DirectoryTree.tsx
FN:22,(anonymous_0)
FN:23,(anonymous_1)
FN:24,fulfilled
FN:25,rejected
FN:26,step
FN:26,(anonymous_5)
FN:39,(anonymous_6)
FN:54,(anonymous_7)
FN:57,(anonymous_8)
FN:115,(anonymous_9)
FN:119,(anonymous_10)
FN:131,(anonymous_11)
FN:137,(anonymous_12)
FN:143,(anonymous_13)
FN:150,(anonymous_14)
FN:153,(anonymous_15)
FN:156,(anonymous_16)
FN:162,(anonymous_17)
FN:165,(anonymous_18)
FN:168,(anonymous_19)
FN:174,(anonymous_20)
FN:180,(anonymous_21)
FN:180,(anonymous_22)
FN:184,(anonymous_23)
FN:187,(anonymous_24)
FN:190,(anonymous_25)
FN:193,(anonymous_26)
FN:196,(anonymous_27)
FN:199,(anonymous_28)
FN:202,(anonymous_29)
FN:205,(anonymous_30)
FN:208,(anonymous_31)
FN:211,(anonymous_32)
FN:216,(anonymous_33)
FN:221,(anonymous_34)
FN:224,(anonymous_35)
FN:229,(anonymous_36)
FN:230,(anonymous_37)
FN:233,(anonymous_38)
FN:236,(anonymous_39)
FN:251,(anonymous_40)
FN:257,(anonymous_41)
FN:263,(anonymous_42)
FN:270,(anonymous_43)
FN:284,(anonymous_44)
FN:295,(anonymous_45)
FN:301,(anonymous_46)
FN:307,(anonymous_47)
FN:313,(anonymous_48)
FN:318,(anonymous_49)
FN:321,(anonymous_50)
FN:324,(anonymous_51)
FN:327,(anonymous_52)
FN:335,(anonymous_53)
FN:348,(anonymous_54)
FN:351,(anonymous_55)
FN:358,(anonymous_56)
FN:361,(anonymous_57)
FN:371,(anonymous_58)
FN:372,(anonymous_59)
FNF:60
FNH:0
FNDA:0,(anonymous_0)
FNDA:0,(anonymous_1)
FNDA:0,fulfilled
FNDA:0,rejected
FNDA:0,step
FNDA:0,(anonymous_5)
FNDA:0,(anonymous_6)
FNDA:0,(anonymous_7)
FNDA:0,(anonymous_8)
FNDA:0,(anonymous_9)
FNDA:0,(anonymous_10)
FNDA:0,(anonymous_11)
FNDA:0,(anonymous_12)
FNDA:0,(anonymous_13)
FNDA:0,(anonymous_14)
FNDA:0,(anonymous_15)
FNDA:0,(anonymous_16)
FNDA:0,(anonymous_17)
FNDA:0,(anonymous_18)
FNDA:0,(anonymous_19)
FNDA:0,(anonymous_20)
FNDA:0,(anonymous_21)
FNDA:0,(anonymous_22)
FNDA:0,(anonymous_23)
FNDA:0,(anonymous_24)
FNDA:0,(anonymous_25)
FNDA:0,(anonymous_26)
FNDA:0,(anonymous_27)
FNDA:0,(anonymous_28)
FNDA:0,(anonymous_29)
FNDA:0,(anonymous_30)
FNDA:0,(anonymous_31)
FNDA:0,(anonymous_32)
FNDA:0,(anonymous_33)
FNDA:0,(anonymous_34)
FNDA:0,(anonymous_35)
FNDA:0,(anonymous_36)
FNDA:0,(anonymous_37)
FNDA:0,(anonymous_38)
FNDA:0,(anonymous_39)
FNDA:0,(anonymous_40)
FNDA:0,(anonymous_41)
FNDA:0,(anonymous_42)
FNDA:0,(anonymous_43)
FNDA:0,(anonymous_44)
FNDA:0,(anonymous_45)
FNDA:0,(anonymous_46)
FNDA:0,(anonymous_47)
FNDA:0,(anonymous_48)
FNDA:0,(anonymous_49)
FNDA:0,(anonymous_50)
FNDA:0,(anonymous_51)
FNDA:0,(anonymous_52)
FNDA:0,(anonymous_53)
FNDA:0,(anonymous_54)
FNDA:0,(anonymous_55)
FNDA:0,(anonymous_56)
FNDA:0,(anonymous_57)
FNDA:0,(anonymous_58)
FNDA:0,(anonymous_59)
DA:22,1
DA:23,0
DA:24,0
DA:25,0
DA:26,0
DA:27,0
DA:30,1
DA:31,1
DA:32,1
DA:33,1
DA:34,1
DA:35,1
DA:36,1
DA:37,1
DA:40,0
DA:41,0
DA:42,0
DA:43,0
DA:44,0
DA:45,0
DA:46,0
DA:47,0
DA:48,0
DA:49,0
DA:50,0
DA:51,0
DA:52,0
DA:58,0
DA:59,0
DA:61,0
DA:62,0
DA:64,0
DA:65,0
DA:67,0
DA:68,0
DA:70,0
DA:71,0
DA:73,0
DA:74,0
DA:76,0
DA:77,0
DA:79,0
DA:80,0
DA:82,0
DA:83,0
DA:85,0
DA:86,0
DA:88,0
DA:89,0
DA:92,0
DA:94,0
DA:95,0
DA:97,0
DA:98,0
DA:99,0
DA:100,0
DA:101,0
DA:102,0
DA:104,0
DA:105,0
DA:107,0
DA:108,0
DA:110,0
DA:113,1
DA:116,0
DA:117,0
DA:118,0
DA:119,0
DA:120,0
DA:122,0
DA:123,0
DA:124,0
DA:125,0
DA:132,0
DA:133,0
DA:135,0
DA:138,0
DA:139,0
DA:141,0
DA:144,0
DA:145,0
DA:146,0
DA:147,0
DA:149,0
DA:150,0
DA:151,0
DA:153,0
DA:154,0
DA:156,0
DA:157,0
DA:161,0
DA:162,0
DA:163,0
DA:165,0
DA:166,0
DA:168,0
DA:169,0
DA:173,0
DA:174,0
DA:175,0
DA:179,0
DA:180,0
DA:181,0
DA:182,0
DA:184,0
DA:185,0
DA:187,0
DA:188,0
DA:190,0
DA:191,0
DA:193,0
DA:194,0
DA:196,0
DA:197,0
DA:199,0
DA:200,0
DA:202,0
DA:203,0
DA:205,0
DA:206,0
DA:208,0
DA:209,0
DA:211,0
DA:212,0
DA:215,0
DA:216,0
DA:217,0
DA:220,0
DA:221,0
DA:222,0
DA:224,0
DA:225,0
DA:228,0
DA:229,0
DA:231,0
DA:234,0
DA:237,0
DA:238,0
DA:242,0
DA:243,0
DA:252,0
DA:258,0
DA:264,0
DA:271,0
DA:272,0
DA:285,0
DA:286,0
DA:289,0
DA:296,0
DA:302,0
DA:308,0
DA:314,0
DA:319,0
DA:322,0
DA:325,0
DA:328,0
DA:336,0
DA:337,0
DA:339,0
DA:340,0
DA:342,0
DA:343,0
DA:345,0
DA:346,0
DA:349,0
DA:350,0
DA:351,0
DA:352,0
DA:353,0
DA:356,0
DA:359,0
DA:362,0
DA:363,0
DA:364,0
DA:367,0
DA:368,0
DA:372,0
DA:375,1
LF:178
LH:11
BRDA:22,0,0,1
BRDA:22,0,1,1
BRDA:22,0,2,1
BRDA:23,1,0,0
BRDA:23,1,1,0
BRDA:26,2,0,0
BRDA:26,2,1,0
BRDA:27,3,0,0
BRDA:27,3,1,0
BRDA:59,4,0,0
BRDA:59,4,1,0
BRDA:59,4,2,0
BRDA:59,4,3,0
BRDA:59,4,4,0
BRDA:59,4,5,0
BRDA:59,4,6,0
BRDA:59,4,7,0
BRDA:59,4,8,0
BRDA:88,5,0,0
BRDA:88,5,1,0
BRDA:94,6,0,0
BRDA:94,6,1,0
BRDA:101,7,0,0
BRDA:101,7,1,0
BRDA:101,8,0,0
BRDA:101,8,1,0
BRDA:104,9,0,0
BRDA:104,9,1,0
BRDA:104,10,0,0
BRDA:104,10,1,0
BRDA:107,11,0,0
BRDA:107,11,1,0
BRDA:107,12,0,0
BRDA:107,12,1,0
BRDA:132,13,0,0
BRDA:132,13,1,0
BRDA:138,14,0,0
BRDA:138,14,1,0
BRDA:149,15,0,0
BRDA:149,15,1,0
BRDA:150,16,0,0
BRDA:150,16,1,0
BRDA:153,17,0,0
BRDA:153,17,1,0
BRDA:156,18,0,0
BRDA:156,18,1,0
BRDA:161,19,0,0
BRDA:161,19,1,0
BRDA:162,20,0,0
BRDA:162,20,1,0
BRDA:165,21,0,0
BRDA:165,21,1,0
BRDA:173,22,0,0
BRDA:173,22,1,0
BRDA:174,23,0,0
BRDA:174,23,1,0
BRDA:179,24,0,0
BRDA:179,24,1,0
BRDA:182,25,0,0
BRDA:182,25,1,0
BRDA:215,26,0,0
BRDA:215,26,1,0
BRDA:215,27,0,0
BRDA:215,27,1,0
BRDA:220,28,0,0
BRDA:220,28,1,0
BRDA:237,29,0,0
BRDA:237,29,1,0
BRDA:273,30,0,0
BRDA:273,30,1,0
BRDA:273,30,2,0
BRDA:273,30,3,0
BRDA:286,31,0,0
BRDA:286,31,1,0
BRDA:336,32,0,0
BRDA:336,32,1,0
BRDA:339,33,0,0
BRDA:339,33,1,0
BRDA:339,34,0,0
BRDA:339,34,1,0
BRDA:339,34,2,0
BRDA:342,35,0,0
BRDA:342,35,1,0
BRDA:352,36,0,0
BRDA:352,36,1,0
BRDA:362,37,0,0
BRDA:362,37,1,0
BRF:87
BRH:3
end_of_record
TN:
SF:/home/travis/build/wasdk/WebAssemblyStudio/src/components/EditFileDialog.tsx
FN:31,(anonymous_0)
FN:33,(anonymous_1)
FN:36,(anonymous_2)
FN:46,(anonymous_3)
FN:60,(anonymous_4)
FN:71,(anonymous_5)
FN:74,(anonymous_6)
FNF:7
FNH:0
FNDA:0,(anonymous_0)
FNDA:0,(anonymous_1)
FNDA:0,(anonymous_2)
FNDA:0,(anonymous_3)
FNDA:0,(anonymous_4)
FNDA:0,(anonymous_5)
FNDA:0,(anonymous_6)
DA:22,0
DA:23,0
DA:24,0
DA:25,0
DA:26,0
DA:27,0
DA:28,0
DA:29,0
DA:32,0
DA:33,0
DA:34,0
DA:36,0
DA:37,0
DA:39,0
DA:40,0
DA:47,0
DA:48,0
DA:49,0
DA:50,0
DA:52,0
DA:53,0
DA:55,0
DA:56,0
DA:58,0
DA:61,0
DA:62,0
DA:63,0
DA:72,0
DA:75,0
DA:79,0
LF:30
LH:0
BRDA:49,0,0,0
BRDA:49,0,1,0
BRDA:52,1,0,0
BRDA:52,1,1,0
BRDA:55,2,0,0
BRDA:55,2,1,0
BRDA:55,3,0,0
BRDA:55,3,1,0
BRDA:63,4,0,0
BRDA:63,4,1,0
BRDA:65,5,0,0
BRDA:65,5,1,0
BRDA:74,6,0,0
BRDA:74,6,1,0
BRDA:75,7,0,0
BRDA:75,7,1,0
BRF:16
BRH:0
end_of_record
TN:
SF:/home/travis/build/wasdk/WebAssemblyStudio/src/components/Header.tsx
FN:25,(anonymous_0)
FNF:1
FNH:1
FNDA:1,(anonymous_0)
DA:22,1
DA:23,1
DA:26,1
DA:30,1
LF:4
LH:4
BRF:0
BRH:0
end_of_record
TN:
SF:/home/travis/build/wasdk/WebAssemblyStudio/src/components/Markdown.tsx
FN:22,(anonymous_0)
FN:23,(anonymous_1)
FN:24,fulfilled
FN:25,rejected
FN:26,step
FN:26,(anonymous_5)
FN:34,(anonymous_6)
FN:40,(anonymous_7)
FN:41,(anonymous_8)
FN:46,(anonymous_9)
FN:47,(anonymous_10)
FN:54,(anonymous_11)
FN:60,(anonymous_12)
FN:62,(anonymous_13)
FN:71,(anonymous_14)
FN:74,(anonymous_15)
FN:77,(anonymous_16)
FN:88,(anonymous_17)
FNF:18
FNH:0
FNDA:0,(anonymous_0)
FNDA:0,(anonymous_1)
FNDA:0,fulfilled
FNDA:0,rejected
FNDA:0,step
FNDA:0,(anonymous_5)
FNDA:0,(anonymous_6)
FNDA:0,(anonymous_7)
FNDA:0,(anonymous_8)
FNDA:0,(anonymous_9)
FNDA:0,(anonymous_10)
FNDA:0,(anonymous_11)
FNDA:0,(anonymous_12)
FNDA:0,(anonymous_13)
FNDA:0,(anonymous_14)
FNDA:0,(anonymous_15)
FNDA:0,(anonymous_16)
FNDA:0,(anonymous_17)
DA:22,1
DA:23,0
DA:24,0
DA:25,0
DA:26,0
DA:27,0
DA:30,1
DA:31,1
DA:32,1
DA:35,0
DA:36,0
DA:41,0
DA:42,0
DA:43,0
DA:47,0
DA:48,0
DA:49,0
DA:50,0
DA:55,0
DA:58,1
DA:61,0
DA:62,0
DA:63,0
DA:67,0
DA:72,0
DA:75,0
DA:78,0
DA:79,0
DA:80,0
DA:81,0
DA:82,0
DA:83,0
DA:89,0
DA:92,1
LF:34
LH:6
BRDA:22,0,0,1
BRDA:22,0,1,1
BRDA:22,0,2,1
BRDA:23,1,0,0
BRDA:23,1,1,0
BRDA:26,2,0,0
BRDA:26,2,1,0
BRDA:27,3,0,0
BRDA:27,3,1,0
BRDA:48,4,0,0
BRDA:48,4,1,0
BRDA:80,5,0,0
BRDA:80,5,1,0
BRF:13
BRH:3
end_of_record
TN:
SF:/home/travis/build/wasdk/WebAssemblyStudio/src/components/NewDirectoryDialog.tsx
FN:31,(anonymous_0)
FN:33,(anonymous_1)
FN:40,(anonymous_2)
FN:52,(anonymous_3)
FN:55,(anonymous_4)
FN:62,(anonymous_5)
FN:65,(anonymous_6)
FNF:7
FNH:7
FNDA:5,(anonymous_0)
FNDA:3,(anonymous_1)
FNDA:11,(anonymous_2)
FNDA:8,(anonymous_3)
FNDA:8,(anonymous_4)
FNDA:1,(anonymous_5)
FNDA:1,(anonymous_6)
DA:22,1
DA:23,1
DA:24,1
DA:25,1
DA:26,1
DA:27,1
DA:28,1
DA:29,1
DA:32,5
DA:33,5
DA:34,3
DA:36,5
DA:41,11
DA:42,11
DA:43,6
DA:44,2
DA:46,4
DA:47,2
DA:50,7
DA:53,8
DA:56,8
DA:63,1
DA:66,1
DA:67,1
DA:71,1
LF:25
LH:25
BRDA:42,0,0,6
BRDA:42,0,1,5
BRDA:43,1,0,2
BRDA:43,1,1,4
BRDA:46,2,0,2
BRDA:46,2,1,2
BRDA:46,3,0,4
BRDA:46,3,1,4
BRDA:65,4,0,8
BRDA:65,4,1,3
BRDA:67,5,0,1
BRDA:67,5,1,1
BRF:12
BRH:12
end_of_record
TN:
SF:/home/travis/build/wasdk/WebAssemblyStudio/src/components/NewFileDialog.tsx
FN:31,(anonymous_0)
FN:33,(anonymous_1)
FN:42,(anonymous_2)
FN:57,(anonymous_3)
FN:65,(anonymous_4)
FN:68,(anonymous_5)
FN:75,(anonymous_6)
FN:109,(anonymous_7)
FN:112,(anonymous_8)
FNF:9
FNH:0
FNDA:0,(anonymous_0)
FNDA:0,(anonymous_1)
FNDA:0,(anonymous_2)
FNDA:0,(anonymous_3)
FNDA:0,(anonymous_4)
FNDA:0,(anonymous_5)
FNDA:0,(anonymous_6)
FNDA:0,(anonymous_7)
FNDA:0,(anonymous_8)
DA:22,0
DA:23,0
DA:24,0
DA:25,0
DA:26,0
DA:27,0
DA:28,0
DA:29,0
DA:32,0
DA:33,0
DA:34,0
DA:36,0
DA:43,0
DA:44,0
DA:45,0
DA:46,0
DA:48,0
DA:49,0
DA:51,0
DA:52,0
DA:55,0
DA:58,0
DA:59,0
DA:60,0
DA:61,0
DA:63,0
DA:66,0
DA:69,0
DA:76,0
DA:77,0
DA:79,0
DA:80,0
DA:82,0
DA:83,0
DA:85,0
DA:86,0
DA:88,0
DA:89,0
DA:91,0
DA:110,0
DA:113,0
DA:114,0
DA:118,0
LF:43
LH:0
BRDA:44,0,0,0
BRDA:44,0,1,0
BRDA:45,1,0,0
BRDA:45,1,1,0
BRDA:48,2,0,0
BRDA:48,2,1,0
BRDA:51,3,0,0
BRDA:51,3,1,0
BRDA:51,4,0,0
BRDA:51,4,1,0
BRDA:60,5,0,0
BRDA:60,5,1,0
BRDA:77,6,0,0
BRDA:77,6,1,0
BRDA:77,6,2,0
BRDA:77,6,3,0
BRDA:107,7,0,0
BRDA:107,7,1,0
BRDA:112,8,0,0
BRDA:112,8,1,0
BRDA:112,8,2,0
BRDA:114,9,0,0
BRDA:114,9,1,0
BRF:23
BRH:0
end_of_record
TN:
SF:/home/travis/build/wasdk/WebAssemblyStudio/src/components/NewProjectDialog.tsx
FN:22,(anonymous_0)
FN:23,(anonymous_1)
FN:24,fulfilled
FN:25,rejected
FN:26,step
FN:26,(anonymous_5)
FN:40,(anonymous_6)
FN:42,(anonymous_7)
FN:52,(anonymous_8)
FN:55,(anonymous_9)
FN:58,(anonymous_10)
FN:59,(anonymous_11)
FN:81,(anonymous_12)
FN:82,(anonymous_13)
FN:87,(anonymous_14)
FN:94,(anonymous_15)
FN:96,(anonymous_16)
FN:103,(anonymous_17)
FN:106,(anonymous_18)
FNF:19
FNH:15
FNDA:6,(anonymous_0)
FNDA:6,(anonymous_1)
FNDA:9,fulfilled
FNDA:0,rejected
FNDA:15,step
FNDA:9,(anonymous_5)
FNDA:3,(anonymous_6)
FNDA:0,(anonymous_7)
FNDA:0,(anonymous_8)
FNDA:9,(anonymous_9)
FNDA:3,(anonymous_10)
FNDA:3,(anonymous_11)
FNDA:3,(anonymous_12)
FNDA:3,(anonymous_13)
FNDA:9,(anonymous_14)
FNDA:0,(anonymous_15)
FNDA:30,(anonymous_16)
FNDA:1,(anonymous_17)
FNDA:1,(anonymous_18)
DA:22,1
DA:23,6
DA:24,9
DA:25,0
DA:26,15
DA:27,6
DA:30,1
DA:31,1
DA:32,1
DA:33,1
DA:34,1
DA:35,1
DA:36,1
DA:37,1
DA:38,1
DA:41,3
DA:42,3
DA:43,0
DA:45,3
DA:53,0
DA:56,9
DA:59,3
DA:60,3
DA:61,3
DA:62,3
DA:63,3
DA:64,3
DA:65,3
DA:66,15
DA:67,15
DA:68,15
DA:69,15
DA:77,3
DA:78,3
DA:82,3
DA:83,3
DA:84,3
DA:88,9
DA:95,0
DA:97,30
DA:104,1
DA:107,1
DA:111,1
LF:43
LH:39
BRDA:22,0,0,1
BRDA:22,0,1,1
BRDA:22,0,2,1
BRDA:23,1,0,6
BRDA:23,1,1,6
BRDA:26,2,0,6
BRDA:26,2,1,9
BRDA:27,3,0,6
BRDA:27,3,1,6
BRDA:66,4,0,15
BRDA:66,4,1,15
BRDA:67,5,0,15
BRDA:67,5,1,15
BRDA:68,6,0,15
BRDA:68,6,1,15
BRDA:107,7,0,1
BRDA:107,7,1,1
BRF:17
BRH:17
end_of_record
TN:
SF:/home/travis/build/wasdk/WebAssemblyStudio/src/components/Problems.tsx
FN:31,(anonymous_0)
FN:46,(anonymous_1)
FN:49,(anonymous_2)
FN:59,(anonymous_3)
FN:64,(anonymous_4)
FN:70,(anonymous_5)
FN:76,(anonymous_6)
FN:82,(anonymous_7)
FN:83,(anonymous_8)
FN:86,(anonymous_9)
FN:89,(anonymous_10)
FN:105,(anonymous_11)
FN:111,(anonymous_12)
FN:123,(anonymous_13)
FN:126,(anonymous_14)
FN:141,(anonymous_15)
FN:149,(anonymous_16)
FN:158,(anonymous_17)
FN:161,(anonymous_18)
FN:164,(anonymous_19)
FN:171,(anonymous_20)
FN:177,(anonymous_21)
FN:180,(anonymous_22)
FN:185,(anonymous_23)
FN:189,(anonymous_24)
FN:193,(anonymous_25)
FN:197,(anonymous_26)
FN:198,(anonymous_27)
FNF:28
FNH:0
FNDA:0,(anonymous_0)
FNDA:0,(anonymous_1)
FNDA:0,(anonymous_2)
FNDA:0,(anonymous_3)
FNDA:0,(anonymous_4)
FNDA:0,(anonymous_5)
FNDA:0,(anonymous_6)
FNDA:0,(anonymous_7)
FNDA:0,(anonymous_8)
FNDA:0,(anonymous_9)
FNDA:0,(anonymous_10)
FNDA:0,(anonymous_11)
FNDA:0,(anonymous_12)
FNDA:0,(anonymous_13)
FNDA:0,(anonymous_14)
FNDA:0,(anonymous_15)
FNDA:0,(anonymous_16)
FNDA:0,(anonymous_17)
FNDA:0,(anonymous_18)
FNDA:0,(anonymous_19)
FNDA:0,(anonymous_20)
FNDA:0,(anonymous_21)
FNDA:0,(anonymous_22)
FNDA:0,(anonymous_23)
FNDA:0,(anonymous_24)
FNDA:0,(anonymous_25)
FNDA:0,(anonymous_26)
FNDA:0,(anonymous_27)
DA:22,1
DA:23,1
DA:24,1
DA:25,1
DA:26,1
DA:27,1
DA:28,1
DA:29,1
DA:32,0
DA:33,0
DA:34,0
DA:35,0
DA:36,0
DA:37,0
DA:38,0
DA:39,0
DA:40,0
DA:41,0
DA:42,0
DA:43,0
DA:44,0
DA:50,0
DA:51,0
DA:52,0
DA:53,0
DA:54,0
DA:55,0
DA:60,0
DA:61,0
DA:62,0
DA:65,0
DA:66,0
DA:68,0
DA:71,0
DA:72,0
DA:74,0
DA:77,0
DA:78,0
DA:79,0
DA:80,0
DA:81,0
DA:82,0
DA:84,0
DA:87,0
DA:90,0
DA:91,0
DA:95,0
DA:96,0
DA:99,0
DA:106,0
DA:112,0
DA:113,0
DA:115,0
DA:116,0
DA:118,0
DA:124,0
DA:125,0
DA:126,0
DA:127,0
DA:128,0
DA:131,0
DA:133,0
DA:134,0
DA:136,0
DA:142,0
DA:143,0
DA:145,0
DA:150,0
DA:153,0
DA:154,0
DA:156,0
DA:159,0
DA:162,0
DA:165,0
DA:172,0
DA:173,0
DA:175,0
DA:178,0
DA:179,0
DA:180,0
DA:181,0
DA:182,0
DA:185,0
DA:186,0
DA:187,0
DA:189,0
DA:190,0
DA:194,0
DA:195,0
DA:198,0
DA:201,1
LF:91
LH:9
BRDA:65,0,0,0
BRDA:65,0,1,0
BRDA:71,1,0,0
BRDA:71,1,1,0
BRDA:90,2,0,0
BRDA:90,2,1,0
BRDA:112,3,0,0
BRDA:112,3,1,0
BRDA:112,4,0,0
BRDA:112,4,1,0
BRDA:115,5,0,0
BRDA:115,5,1,0
BRDA:124,6,0,0
BRDA:124,6,1,0
BRDA:124,7,0,0
BRDA:124,7,1,0
BRDA:127,8,0,0
BRDA:127,8,1,0
BRDA:133,9,0,0
BRDA:133,9,1,0
BRDA:142,10,0,0
BRDA:142,10,1,0
BRDA:153,11,0,0
BRDA:153,11,1,0
BRDA:159,12,0,0
BRDA:159,12,1,0
BRDA:172,13,0,0
BRDA:172,13,1,0
BRDA:181,14,0,0
BRDA:181,14,1,0
BRF:30
BRH:0
end_of_record
TN:
SF:/home/travis/build/wasdk/WebAssemblyStudio/src/components/Sandbox.tsx
FN:29,(anonymous_0)
FN:31,(anonymous_1)
FN:34,(anonymous_2)
FN:37,(anonymous_3)
FN:41,(anonymous_4)
FN:47,(anonymous_5)
FN:52,(anonymous_6)
FN:57,(anonymous_7)
FN:68,(anonymous_8)
FN:68,(anonymous_9)
FN:72,(anonymous_10)
FN:72,(anonymous_11)
FN:76,(anonymous_12)
FN:76,(anonymous_13)
FN:80,(anonymous_14)
FN:80,(anonymous_15)
FN:85,(anonymous_16)
FN:99,(anonymous_17)
FN:108,(anonymous_18)
FN:109,(anonymous_19)
FN:114,(anonymous_20)
FN:115,(anonymous_21)
FNF:22
FNH:0
FNDA:0,(anonymous_0)
FNDA:0,(anonymous_1)
FNDA:0,(anonymous_2)
FNDA:0,(anonymous_3)
FNDA:0,(anonymous_4)
FNDA:0,(anonymous_5)
FNDA:0,(anonymous_6)
FNDA:0,(anonymous_7)
FNDA:0,(anonymous_8)
FNDA:0,(anonymous_9)
FNDA:0,(anonymous_10)
FNDA:0,(anonymous_11)
FNDA:0,(anonymous_12)
FNDA:0,(anonymous_13)
FNDA:0,(anonymous_14)
FNDA:0,(anonymous_15)
FNDA:0,(anonymous_16)
FNDA:0,(anonymous_17)
FNDA:0,(anonymous_18)
FNDA:0,(anonymous_19)
FNDA:0,(anonymous_20)
FNDA:0,(anonymous_21)
DA:22,1
DA:23,1
DA:24,1
DA:25,1
DA:26,1
DA:27,1
DA:30,0
DA:31,0
DA:32,0
DA:34,0
DA:35,0
DA:37,0
DA:38,0
DA:42,0
DA:43,0
DA:45,0
DA:48,0
DA:49,0
DA:50,0
DA:53,0
DA:54,0
DA:55,0
DA:58,0
DA:59,0
DA:60,0
DA:61,0
DA:62,0
DA:64,0
DA:65,0
DA:66,0
DA:68,0
DA:69,0
DA:70,0
DA:72,0
DA:73,0
DA:74,0
DA:76,0
DA:77,0
DA:78,0
DA:80,0
DA:81,0
DA:82,0
DA:85,0
DA:86,0
DA:87,0
DA:88,0
DA:89,0
DA:97,0
DA:99,0
DA:100,0
DA:101,0
DA:102,0
DA:103,0
DA:105,0
DA:106,0
DA:108,0
DA:109,0
DA:110,0
DA:115,0
DA:118,1
LF:60
LH:7
BRDA:42,0,0,0
BRDA:42,0,1,0
BRDA:61,1,0,0
BRDA:61,1,1,0
BRDA:88,2,0,0
BRDA:88,2,1,0
BRDA:101,3,0,0
BRDA:101,3,1,0
BRF:8
BRH:0
end_of_record
TN:
SF:/home/travis/build/wasdk/WebAssemblyStudio/src/components/ShareDialog.tsx
FN:29,(anonymous_0)
FN:33,(anonymous_1)
FN:42,(anonymous_2)
FNF:3
FNH:0
FNDA:0,(anonymous_0)
FNDA:0,(anonymous_1)
FNDA:0,(anonymous_2)
DA:22,0
DA:23,0
DA:24,0
DA:25,0
DA:26,0
DA:27,0
DA:30,0
DA:31,0
DA:34,0
DA:35,0
DA:43,0
DA:47,0
LF:12
LH:0
BRF:0
BRH:0
end_of_record
TN:
SF:/home/travis/build/wasdk/WebAssemblyStudio/src/components/Split.tsx
FN:27,arrayEqual
FN:41,toCSSPercent
FN:44,toCSSPx
FN:47,isCSSPercentage
FN:50,parseCSSPercentage
FN:53,clone
FN:56,sum
FN:66,assignObject
FN:75,(anonymous_8)
FN:79,splitInfoEquals
FN:82,splitInfoArrayEquals
FN:94,(anonymous_11)
FN:100,(anonymous_12)
FN:111,(anonymous_13)
FN:131,(anonymous_14)
FN:137,(anonymous_15)
FN:143,(anonymous_16)
FN:149,(anonymous_17)
FN:152,(anonymous_18)
FN:174,(anonymous_19)
FN:180,eq
FN:183,geq
FN:186,leq
FN:216,(anonymous_23)
FN:235,(anonymous_24)
FN:243,(anonymous_25)
FN:247,(anonymous_26)
FN:259,(anonymous_27)
FN:272,(anonymous_28)
FNF:29
FNH:1
FNDA:0,arrayEqual
FNDA:0,toCSSPercent
FNDA:0,toCSSPx
FNDA:0,isCSSPercentage
FNDA:0,parseCSSPercentage
FNDA:0,clone
FNDA:0,sum
FNDA:0,assignObject
FNDA:1,(anonymous_8)
FNDA:0,splitInfoEquals
FNDA:0,splitInfoArrayEquals
FNDA:0,(anonymous_11)
FNDA:0,(anonymous_12)
FNDA:0,(anonymous_13)
FNDA:0,(anonymous_14)
FNDA:0,(anonymous_15)
FNDA:0,(anonymous_16)
FNDA:0,(anonymous_17)
FNDA:0,(anonymous_18)
FNDA:0,(anonymous_19)
FNDA:0,eq
FNDA:0,geq
FNDA:0,leq
FNDA:0,(anonymous_23)
FNDA:0,(anonymous_24)
FNDA:0,(anonymous_25)
FNDA:0,(anonymous_26)
FNDA:0,(anonymous_27)
FNDA:0,(anonymous_28)
DA:22,1
DA:23,1
DA:24,1
DA:25,1
DA:26,1
DA:28,0
DA:29,0
DA:31,0
DA:32,0
DA:34,0
DA:35,0
DA:36,0
DA:39,0
DA:42,0
DA:45,0
DA:48,0
DA:51,0
DA:54,0
DA:57,0
DA:58,0
DA:59,0
DA:61,0
DA:62,0
DA:64,0
DA:67,0
DA:68,0
DA:69,0
DA:72,0
DA:75,1
DA:76,1
DA:77,1
DA:80,0
DA:83,0
DA:84,0
DA:86,0
DA:87,0
DA:88,0
DA:91,0
DA:95,0
DA:96,0
DA:100,0
DA:101,0
DA:102,0
DA:104,0
DA:105,0
DA:106,0
DA:107,0
DA:108,0
DA:109,0
DA:111,0
DA:112,0
DA:113,0
DA:115,0
DA:116,0
DA:117,0
DA:118,0
DA:119,0
DA:120,0
DA:121,0
DA:122,0
DA:123,0
DA:124,0
DA:125,0
DA:127,0
DA:132,0
DA:133,0
DA:134,0
DA:135,0
DA:138,0
DA:139,0
DA:140,0
DA:144,0
DA:145,0
DA:146,0
DA:147,0
DA:150,0
DA:153,0
DA:154,0
DA:155,0
DA:156,0
DA:157,0
DA:158,0
DA:159,0
DA:161,0
DA:162,0
DA:164,0
DA:169,0
DA:175,0
DA:176,0
DA:177,0
DA:178,0
DA:179,0
DA:181,0
DA:184,0
DA:187,0
DA:191,0
DA:192,0
DA:194,0
DA:195,0
DA:197,0
DA:198,0
DA:199,0
DA:200,0
DA:201,0
DA:202,0
DA:203,0
DA:204,0
DA:205,0
DA:206,0
DA:207,0
DA:211,0
DA:212,0
DA:214,0
DA:217,0
DA:218,0
DA:219,0
DA:220,0
DA:221,0
DA:222,0
DA:223,0
DA:224,0
DA:227,0
DA:228,0
DA:230,0
DA:231,0
DA:236,0
DA:237,0
DA:238,0
DA:239,0
DA:240,0
DA:241,0
DA:244,0
DA:245,0
DA:248,0
DA:249,0
DA:250,0
DA:251,0
DA:252,0
DA:255,0
DA:257,0
DA:258,0
DA:259,0
DA:260,0
DA:261,0
DA:262,0
DA:265,0
DA:267,0
DA:268,0
DA:269,0
DA:272,0
DA:275,1
DA:276,1
DA:277,1
DA:278,1
LF:154
LH:12
BRDA:28,0,0,0
BRDA:28,0,1,0
BRDA:31,1,0,0
BRDA:31,1,1,0
BRDA:35,2,0,0
BRDA:35,2,1,0
BRDA:58,3,0,0
BRDA:58,3,1,0
BRDA:68,4,0,0
BRDA:68,4,1,0
BRDA:78,5,0,1
BRDA:78,5,1,1
BRDA:80,6,0,0
BRDA:80,6,1,0
BRDA:80,6,2,0
BRDA:80,6,3,0
BRDA:83,7,0,0
BRDA:83,7,1,0
BRDA:87,8,0,0
BRDA:87,8,1,0
BRDA:101,9,0,0
BRDA:101,9,1,0
BRDA:109,10,0,0
BRDA:109,10,1,0
BRDA:112,11,0,0
BRDA:112,11,1,0
BRDA:119,12,0,0
BRDA:119,12,1,0
BRDA:150,13,0,0
BRDA:150,13,1,0
BRDA:158,14,0,0
BRDA:158,14,1,0
BRDA:158,15,0,0
BRDA:158,15,1,0
BRDA:161,16,0,0
BRDA:161,16,1,0
BRDA:181,17,0,0
BRDA:181,17,1,0
BRDA:181,18,0,0
BRDA:181,18,1,0
BRDA:221,19,0,0
BRDA:221,19,1,0
BRDA:222,20,0,0
BRDA:222,20,1,0
BRDA:251,21,0,0
BRDA:251,21,1,0
BRDA:261,22,0,0
BRDA:261,22,1,0
BRDA:261,23,0,0
BRDA:261,23,1,0
BRDA:268,24,0,0
BRDA:268,24,1,0
BRDA:272,25,0,0
BRDA:272,25,1,0
BRF:54
BRH:2
end_of_record
TN:
SF:/home/travis/build/wasdk/WebAssemblyStudio/src/components/StatusBar.tsx
FN:26,(anonymous_0)
FN:28,(anonymous_1)
FN:39,(anonymous_2)
FN:42,(anonymous_3)
FN:45,(anonymous_4)
FNF:5
FNH:4
FNDA:3,(anonymous_0)
FNDA:3,(anonymous_1)
FNDA:3,(anonymous_2)
FNDA:0,(anonymous_3)
FNDA:6,(anonymous_4)
DA:22,1
DA:23,1
DA:24,1
DA:27,3
DA:28,3
DA:29,3
DA:34,3
DA:40,3
DA:43,0
DA:46,6
DA:47,6
DA:48,3
DA:50,6
DA:54,1
LF:14
LH:13
BRDA:47,0,0,3
BRDA:47,0,1,3
BRF:2
BRH:2
end_of_record
TN:
SF:/home/travis/build/wasdk/WebAssemblyStudio/src/components/Toasts.tsx
FN:27,(anonymous_0)
FN:33,(anonymous_1)
FN:38,(anonymous_2)
FN:39,(anonymous_3)
FN:40,(anonymous_4)
FN:43,(anonymous_5)
FN:47,(anonymous_6)
FN:52,(anonymous_7)
FN:65,(anonymous_8)
FNF:9
FNH:8
FNDA:3,(anonymous_0)
FNDA:3,(anonymous_1)
FNDA:1,(anonymous_2)
FNDA:1,(anonymous_3)
FNDA:1,(anonymous_4)
FNDA:7,(anonymous_5)
FNDA:4,(anonymous_6)
FNDA:2,(anonymous_7)
FNDA:0,(anonymous_8)
DA:22,1
DA:23,1
DA:24,1
DA:25,1
DA:28,3
DA:29,3
DA:34,3
DA:35,3
DA:36,3
DA:39,1
DA:40,1
DA:44,7
DA:45,4
DA:47,4
DA:50,1
DA:53,2
DA:54,2
DA:55,2
DA:61,1
DA:67,1
LF:20
LH:20
BRDA:33,0,0,3
BRDA:44,1,0,4
BRDA:44,1,1,3
BRF:3
BRH:3
end_of_record
TN:
SF:/home/travis/build/wasdk/WebAssemblyStudio/src/components/Toolbar.tsx
FN:25,(anonymous_0)
FNF:1
FNH:0
FNDA:0,(anonymous_0)
DA:22,0
DA:23,0
DA:26,0
DA:29,0
LF:4
LH:0
BRF:0
BRH:0
end_of_record
TN:
SF:/home/travis/build/wasdk/WebAssemblyStudio/src/components/UploadFileDialog.tsx
FN:22,(anonymous_0)
FN:23,(anonymous_1)
FN:24,fulfilled
FN:25,rejected
FN:26,step
FN:26,(anonymous_5)
FN:40,(anonymous_6)
FN:43,(anonymous_7)
FN:47,(anonymous_8)
FN:48,(anonymous_9)
FN:51,(anonymous_10)
FN:51,(anonymous_11)
FN:68,(anonymous_12)
FN:70,(anonymous_13)
FN:71,(anonymous_14)
FN:75,(anonymous_15)
FN:89,(anonymous_16)
FN:98,(anonymous_17)
FN:98,(anonymous_18)
FN:100,(anonymous_19)
FN:104,(anonymous_20)
FN:107,(anonymous_21)
FN:110,(anonymous_22)
FN:113,(anonymous_23)
FN:116,(anonymous_24)
FNF:25
FNH:0
FNDA:0,(anonymous_0)
FNDA:0,(anonymous_1)
FNDA:0,fulfilled
FNDA:0,rejected
FNDA:0,step
FNDA:0,(anonymous_5)
FNDA:0,(anonymous_6)
FNDA:0,(anonymous_7)
FNDA:0,(anonymous_8)
FNDA:0,(anonymous_9)
FNDA:0,(anonymous_10)
FNDA:0,(anonymous_11)
FNDA:0,(anonymous_12)
FNDA:0,(anonymous_13)
FNDA:0,(anonymous_14)
FNDA:0,(anonymous_15)
FNDA:0,(anonymous_16)
FNDA:0,(anonymous_17)
FNDA:0,(anonymous_18)
FNDA:0,(anonymous_19)
FNDA:0,(anonymous_20)
FNDA:0,(anonymous_21)
FNDA:0,(anonymous_22)
FNDA:0,(anonymous_23)
FNDA:0,(anonymous_24)
DA:22,0
DA:23,0
DA:24,0
DA:25,0
DA:26,0
DA:27,0
DA:30,0
DA:31,0
DA:32,0
DA:33,0
DA:34,0
DA:35,0
DA:36,0
DA:37,0
DA:38,0
DA:41,0
DA:42,0
DA:43,0
DA:44,0
DA:48,0
DA:49,0
DA:50,0
DA:51,0
DA:52,0
DA:53,0
DA:54,0
DA:56,0
DA:57,0
DA:58,0
DA:59,0
DA:62,0
DA:65,0
DA:69,0
DA:70,0
DA:71,0
DA:72,0
DA:73,0
DA:75,0
DA:76,0
DA:78,0
DA:79,0
DA:81,0
DA:82,0
DA:85,0
DA:90,0
DA:91,0
DA:98,0
DA:101,0
DA:105,0
DA:108,0
DA:111,0
DA:114,0
DA:117,0
DA:121,0
LF:54
LH:0
BRDA:22,0,0,0
BRDA:22,0,1,0
BRDA:22,0,2,0
BRDA:23,1,0,0
BRDA:23,1,1,0
BRDA:26,2,0,0
BRDA:26,2,1,0
BRDA:27,3,0,0
BRDA:27,3,1,0
BRDA:53,4,0,0
BRDA:53,4,1,0
BRDA:57,5,0,0
BRDA:57,5,1,0
BRDA:78,6,0,0
BRDA:78,6,1,0
BRDA:81,7,0,0
BRDA:81,7,1,0
BRDA:114,8,0,0
BRDA:114,8,1,0
BRDA:116,9,0,0
BRDA:116,9,1,0
BRDA:116,9,2,0
BRDA:117,10,0,0
BRDA:117,10,1,0
BRF:24
BRH:0
end_of_record
TN:
SF:/home/travis/build/wasdk/WebAssemblyStudio/src/components/Viz.tsx
FN:22,(anonymous_0)
FN:23,(anonymous_1)
FN:24,fulfilled
FN:25,rejected
FN:26,step
FN:26,(anonymous_5)
FN:33,isVizLoaded
FN:36,loadViz
FN:37,(anonymous_8)
FN:43,(anonymous_9)
FN:46,(anonymous_10)
FN:50,(anonymous_11)
FN:62,(anonymous_12)
FN:63,(anonymous_13)
FN:72,(anonymous_14)
FN:75,(anonymous_15)
FN:78,(anonymous_16)
FN:86,(anonymous_17)
FNF:18
FNH:0
FNDA:0,(anonymous_0)
FNDA:0,(anonymous_1)
FNDA:0,fulfilled
FNDA:0,rejected
FNDA:0,step
FNDA:0,(anonymous_5)
FNDA:0,isVizLoaded
FNDA:0,loadViz
FNDA:0,(anonymous_8)
FNDA:0,(anonymous_9)
FNDA:0,(anonymous_10)
FNDA:0,(anonymous_11)
FNDA:0,(anonymous_12)
FNDA:0,(anonymous_13)
FNDA:0,(anonymous_14)
FNDA:0,(anonymous_15)
FNDA:0,(anonymous_16)
FNDA:0,(anonymous_17)
DA:22,1
DA:23,0
DA:24,0
DA:25,0
DA:26,0
DA:27,0
DA:30,1
DA:31,1
DA:32,1
DA:34,0
DA:37,0
DA:38,0
DA:41,1
DA:44,0
DA:45,0
DA:46,0
DA:47,0
DA:48,0
DA:50,0
DA:51,0
DA:52,0
DA:57,0
DA:63,0
DA:64,0
DA:65,0
DA:66,0
DA:73,0
DA:76,0
DA:79,0
DA:80,0
DA:81,0
DA:82,0
DA:83,0
DA:87,0
DA:88,0
DA:90,0
DA:91,0
DA:92,0
DA:95,0
DA:99,1
LF:40
LH:6
BRDA:22,0,0,1
BRDA:22,0,1,1
BRDA:22,0,2,1
BRDA:23,1,0,0
BRDA:23,1,1,0
BRDA:26,2,0,0
BRDA:26,2,1,0
BRDA:27,3,0,0
BRDA:27,3,1,0
BRDA:47,4,0,0
BRDA:47,4,1,0
BRDA:64,5,0,0
BRDA:64,5,1,0
BRDA:81,6,0,0
BRDA:81,6,1,0
BRDA:87,7,0,0
BRDA:87,7,1,0
BRF:17
BRH:3
end_of_record
TN:
SF:/home/travis/build/wasdk/WebAssemblyStudio/src/components/Widgets.tsx
FN:25,(anonymous_0)
FN:31,(anonymous_1)
FN:40,(anonymous_2)
FN:43,(anonymous_3)
FN:58,(anonymous_4)
FN:61,(anonymous_5)
FN:64,(anonymous_6)
FN:77,(anonymous_7)
FN:78,(anonymous_8)
FN:83,(anonymous_9)
FN:101,(anonymous_10)
FN:104,(anonymous_11)
FN:106,(anonymous_12)
FN:108,(anonymous_13)
FNF:14
FNH:0
FNDA:0,(anonymous_0)
FNDA:0,(anonymous_1)
FNDA:0,(anonymous_2)
FNDA:0,(anonymous_3)
FNDA:0,(anonymous_4)
FNDA:0,(anonymous_5)
FNDA:0,(anonymous_6)
FNDA:0,(anonymous_7)
FNDA:0,(anonymous_8)
FNDA:0,(anonymous_9)
FNDA:0,(anonymous_10)
FNDA:0,(anonymous_11)
FNDA:0,(anonymous_12)
FNDA:0,(anonymous_13)
DA:22,2
DA:23,2
DA:26,0
DA:29,2
DA:32,0
DA:38,2
DA:41,0
DA:44,0
DA:45,0
DA:46,0
DA:52,0
DA:56,2
DA:59,0
DA:62,0
DA:65,0
DA:66,0
DA:67,0
DA:68,0
DA:71,0
DA:72,0
DA:73,0
DA:75,0
DA:78,0
DA:81,2
DA:84,0
DA:85,0
DA:86,0
DA:88,0
DA:89,0
DA:90,0
DA:94,0
DA:99,2
DA:102,0
DA:105,0
DA:106,0
DA:107,0
DA:109,0
DA:114,0
DA:119,2
LF:39
LH:8
BRDA:45,0,0,0
BRDA:45,0,1,0
BRDA:49,1,0,0
BRDA:49,1,1,0
BRDA:65,2,0,0
BRDA:65,2,1,0
BRDA:65,3,0,0
BRDA:65,3,1,0
BRDA:85,4,0,0
BRDA:85,4,1,0
BRDA:89,5,0,0
BRDA:89,5,1,0
BRDA:109,6,0,0
BRDA:109,6,1,0
BRF:14
BRH:0
end_of_record
TN:
SF:/home/travis/build/wasdk/WebAssemblyStudio/src/components/Workspace.tsx
FN:29,(anonymous_0)
FN:31,(anonymous_1)
FN:35,(anonymous_2)
FN:45,(anonymous_3)
FN:49,(anonymous_4)
FN:53,(anonymous_5)
FN:58,(anonymous_6)
FN:62,(anonymous_7)
FN:64,(anonymous_8)
FNF:9
FNH:0
FNDA:0,(anonymous_0)
FNDA:0,(anonymous_1)
FNDA:0,(anonymous_2)
FNDA:0,(anonymous_3)
FNDA:0,(anonymous_4)
FNDA:0,(anonymous_5)
FNDA:0,(anonymous_6)
FNDA:0,(anonymous_7)
FNDA:0,(anonymous_8)
DA:22,0
DA:23,0
DA:24,0
DA:25,0
DA:26,0
DA:27,0
DA:30,0
DA:31,0
DA:33,0
DA:35,0
DA:37,0
DA:39,0
DA:46,0
DA:47,0
DA:50,0
DA:51,0
DA:54,0
DA:55,0
DA:59,0
DA:63,0
DA:65,0
DA:69,0
LF:22
LH:0
BRF:0
BRH:0
end_of_record
TN:
SF:/home/travis/build/wasdk/WebAssemblyStudio/src/components/WorkspaceEntry.tsx
FN:25,(anonymous_0)
FNF:1
FNH:0
FNDA:0,(anonymous_0)
DA:22,0
DA:23,0
DA:26,0
DA:36,0
LF:4
LH:0
BRDA:32,0,0,0
BRDA:32,0,1,0
BRF:2
BRH:0
end_of_record
TN:
SF:/home/travis/build/wasdk/WebAssemblyStudio/src/components/editor/Editor.tsx
FN:28,(anonymous_0)
FN:30,(anonymous_1)
FN:39,(anonymous_2)
FN:42,(anonymous_3)
FN:54,(anonymous_4)
FN:60,(anonymous_5)
FN:66,(anonymous_6)
FN:75,(anonymous_7)
FN:80,(anonymous_8)
FN:90,(anonymous_9)
FN:98,(anonymous_10)
FN:101,(anonymous_11)
FN:104,(anonymous_12)
FN:108,(anonymous_13)
FN:128,(anonymous_14)
FN:134,(anonymous_15)
FN:135,(anonymous_16)
FN:140,(anonymous_17)
FN:143,(anonymous_18)
FN:146,(anonymous_19)
FN:153,(anonymous_20)
FN:158,(anonymous_21)
FNF:22
FNH:0
FNDA:0,(anonymous_0)
FNDA:0,(anonymous_1)
FNDA:0,(anonymous_2)
FNDA:0,(anonymous_3)
FNDA:0,(anonymous_4)
FNDA:0,(anonymous_5)
FNDA:0,(anonymous_6)
FNDA:0,(anonymous_7)
FNDA:0,(anonymous_8)
FNDA:0,(anonymous_9)
FNDA:0,(anonymous_10)
FNDA:0,(anonymous_11)
FNDA:0,(anonymous_12)
FNDA:0,(anonymous_13)
FNDA:0,(anonymous_14)
FNDA:0,(anonymous_15)
FNDA:0,(anonymous_16)
FNDA:0,(anonymous_17)
FNDA:0,(anonymous_18)
FNDA:0,(anonymous_19)
FNDA:0,(anonymous_20)
FNDA:0,(anonymous_21)
DA:22,1
DA:23,1
DA:24,1
DA:25,1
DA:26,1
DA:29,0
DA:30,0
DA:31,0
DA:33,0
DA:40,0
DA:43,0
DA:44,0
DA:45,0
DA:46,0
DA:48,0
DA:49,0
DA:50,0
DA:52,0
DA:55,0
DA:57,0
DA:61,0
DA:62,0
DA:64,0
DA:67,0
DA:68,0
DA:69,0
DA:70,0
DA:71,0
DA:72,0
DA:76,0
DA:78,0
DA:81,0
DA:82,0
DA:91,0
DA:92,0
DA:93,0
DA:95,0
DA:98,0
DA:99,0
DA:101,0
DA:102,0
DA:104,0
DA:105,0
DA:109,0
DA:110,0
DA:112,0
DA:121,0
DA:122,0
DA:124,0
DA:125,0
DA:126,0
DA:129,0
DA:130,0
DA:132,0
DA:135,0
DA:138,1
DA:141,0
DA:144,0
DA:147,0
DA:148,0
DA:149,0
DA:153,0
DA:157,0
DA:158,0
DA:162,1
LF:65
LH:7
BRDA:44,0,0,0
BRDA:44,0,1,0
BRDA:55,1,0,0
BRDA:55,1,1,0
BRDA:61,2,0,0
BRDA:61,2,1,0
BRDA:68,3,0,0
BRDA:68,3,1,0
BRDA:92,4,0,0
BRDA:92,4,1,0
BRDA:92,5,0,0
BRDA:92,5,1,0
BRDA:109,6,0,0
BRDA:109,6,1,0
BRDA:121,7,0,0
BRDA:121,7,1,0
BRDA:129,8,0,0
BRDA:129,8,1,0
BRDA:148,9,0,0
BRDA:148,9,1,0
BRF:20
BRH:0
end_of_record
TN:
SF:/home/travis/build/wasdk/WebAssemblyStudio/src/components/editor/Tabs.tsx
FN:27,(anonymous_0)
FN:32,(anonymous_1)
FN:41,(anonymous_2)
FN:42,(anonymous_3)
FN:44,(anonymous_4)
FN:50,(anonymous_5)
FN:56,(anonymous_6)
FN:60,(anonymous_7)
FN:62,(anonymous_8)
FN:66,(anonymous_9)
FN:69,(anonymous_10)
FN:72,(anonymous_11)
FN:76,(anonymous_12)
FN:96,(anonymous_13)
FN:98,(anonymous_14)
FN:100,(anonymous_15)
FNF:16
FNH:0
FNDA:0,(anonymous_0)
FNDA:0,(anonymous_1)
FNDA:0,(anonymous_2)
FNDA:0,(anonymous_3)
FNDA:0,(anonymous_4)
FNDA:0,(anonymous_5)
FNDA:0,(anonymous_6)
FNDA:0,(anonymous_7)
FNDA:0,(anonymous_8)
FNDA:0,(anonymous_9)
FNDA:0,(anonymous_10)
FNDA:0,(anonymous_11)
FNDA:0,(anonymous_12)
FNDA:0,(anonymous_13)
FNDA:0,(anonymous_14)
FNDA:0,(anonymous_15)
DA:22,1
DA:23,1
DA:24,1
DA:25,1
DA:28,0
DA:29,0
DA:32,0
DA:33,0
DA:34,0
DA:35,0
DA:37,0
DA:38,0
DA:39,0
DA:41,0
DA:42,0
DA:45,0
DA:46,0
DA:51,0
DA:54,1
DA:58,1
DA:61,0
DA:62,0
DA:63,0
DA:64,0
DA:66,0
DA:67,0
DA:69,0
DA:70,0
DA:72,0
DA:73,0
DA:77,0
DA:78,0
DA:79,0
DA:80,0
DA:82,0
DA:83,0
DA:85,0
DA:86,0
DA:88,0
DA:94,1
DA:102,1
LF:41
LH:8
BRDA:79,0,0,0
BRDA:79,0,1,0
BRDA:82,1,0,0
BRDA:82,1,1,0
BRDA:85,2,0,0
BRDA:85,2,1,0
BRF:6
BRH:0
end_of_record
TN:
SF:/home/travis/build/wasdk/WebAssemblyStudio/src/components/editor/View.tsx
FN:25,(anonymous_0)
FN:31,defaultViewTypeForFileType
FN:43,(anonymous_2)
FN:47,(anonymous_3)
FNF:4
FNH:2
FNDA:5,(anonymous_0)
FNDA:0,defaultViewTypeForFileType
FNDA:11,(anonymous_2)
FNDA:0,(anonymous_3)
DA:22,5
DA:23,5
DA:25,5
DA:26,5
DA:27,5
DA:28,5
DA:29,5
DA:32,0
DA:34,0
DA:36,0
DA:38,0
DA:41,5
DA:44,11
DA:45,11
DA:48,0
DA:51,5
LF:16
LH:11
BRDA:30,0,0,5
BRDA:30,0,1,5
BRDA:32,1,0,0
BRDA:32,1,1,0
BRDA:32,1,2,0
BRDA:43,2,0,8
BRF:6
BRH:3
end_of_record
TN:
SF:/home/travis/build/wasdk/WebAssemblyStudio/src/components/editor/ViewTabs.tsx
FN:39,diff
FN:41,(anonymous_1)
FN:42,(anonymous_2)
FN:46,(anonymous_3)
FN:48,(anonymous_4)
FN:58,(anonymous_5)
FN:61,(anonymous_6)
FN:64,(anonymous_7)
FN:70,(anonymous_8)
FN:74,(anonymous_9)
FN:78,(anonymous_10)
FN:81,(anonymous_11)
FN:84,(anonymous_12)
FN:111,(anonymous_13)
FN:113,(anonymous_14)
FN:131,(anonymous_15)
FN:133,(anonymous_16)
FN:135,(anonymous_17)
FNF:18
FNH:0
FNDA:0,diff
FNDA:0,(anonymous_1)
FNDA:0,(anonymous_2)
FNDA:0,(anonymous_3)
FNDA:0,(anonymous_4)
FNDA:0,(anonymous_5)
FNDA:0,(anonymous_6)
FNDA:0,(anonymous_7)
FNDA:0,(anonymous_8)
FNDA:0,(anonymous_9)
FNDA:0,(anonymous_10)
FNDA:0,(anonymous_11)
FNDA:0,(anonymous_12)
FNDA:0,(anonymous_13)
FNDA:0,(anonymous_14)
FNDA:0,(anonymous_15)
FNDA:0,(anonymous_16)
FNDA:0,(anonymous_17)
DA:22,1
DA:23,1
DA:24,1
DA:25,1
DA:26,1
DA:27,1
DA:28,1
DA:29,1
DA:30,1
DA:31,1
DA:32,1
DA:33,1
DA:34,1
DA:35,1
DA:38,1
DA:40,0
DA:41,0
DA:42,0
DA:47,0
DA:48,0
DA:50,0
DA:52,0
DA:59,0
DA:60,0
DA:62,0
DA:65,0
DA:68,0
DA:69,0
DA:70,0
DA:72,0
DA:73,0
DA:74,0
DA:76,0
DA:79,0
DA:82,0
DA:85,0
DA:86,0
DA:87,0
DA:89,0
DA:91,0
DA:92,0
DA:94,0
DA:95,0
DA:97,0
DA:98,0
DA:100,0
DA:101,0
DA:104,0
DA:106,0
DA:107,0
DA:108,0
DA:110,0
DA:112,0
DA:114,0
DA:115,0
DA:116,0
DA:117,0
DA:119,0
DA:120,0
DA:122,0
DA:127,1
DA:137,1
LF:62
LH:17
BRDA:64,0,0,0
BRDA:64,0,1,0
BRDA:68,1,0,0
BRDA:68,1,1,0
BRDA:70,2,0,0
BRDA:70,2,1,0
BRDA:70,3,0,0
BRDA:70,3,1,0
BRDA:70,4,0,0
BRDA:70,4,1,0
BRDA:72,5,0,0
BRDA:72,5,1,0
BRDA:74,6,0,0
BRDA:74,6,1,0
BRDA:74,7,0,0
BRDA:74,7,1,0
BRDA:74,8,0,0
BRDA:74,8,1,0
BRDA:86,9,0,0
BRDA:86,9,1,0
BRDA:91,10,0,0
BRDA:91,10,1,0
BRDA:91,11,0,0
BRDA:91,11,1,0
BRDA:91,11,2,0
BRDA:94,12,0,0
BRDA:94,12,1,0
BRDA:94,13,0,0
BRDA:94,13,1,0
BRDA:94,13,2,0
BRDA:97,14,0,0
BRDA:97,14,1,0
BRDA:100,15,0,0
BRDA:100,15,1,0
BRDA:107,16,0,0
BRDA:107,16,1,0
BRDA:116,17,0,0
BRDA:116,17,1,0
BRDA:119,18,0,0
BRDA:119,18,1,0
BRDA:119,19,0,0
BRDA:119,19,1,0
BRF:42
BRH:0
end_of_record
TN:
SF:/home/travis/build/wasdk/WebAssemblyStudio/src/components/editor/index.ts
FNF:0
FNH:0
DA:22,1
DA:23,1
DA:24,1
DA:25,1
DA:26,1
DA:27,1
DA:28,1
DA:29,1
DA:30,1
DA:31,1
LF:10
LH:10
BRF:0
BRH:0
end_of_record
TN:
SF:/home/travis/build/wasdk/WebAssemblyStudio/src/components/shared/Button.tsx
FN:25,(anonymous_0)
FN:33,(anonymous_1)
FNF:2
FNH:2
FNDA:2,(anonymous_0)
FNDA:1,(anonymous_1)
DA:22,5
DA:23,5
DA:26,2
DA:27,2
DA:28,1
DA:30,2
DA:31,0
DA:33,2
DA:34,1
DA:35,1
DA:43,5
LF:11
LH:10
BRDA:27,0,0,1
BRDA:27,0,1,1
BRDA:30,1,0,0
BRDA:30,1,1,2
BRDA:34,2,0,1
BRDA:34,2,1,0
BRDA:34,3,0,1
BRDA:34,3,1,1
BRF:8
BRH:6
end_of_record
TN:
SF:/home/travis/build/wasdk/WebAssemblyStudio/src/components/shared/Icons.tsx
FN:25,(anonymous_0)
FN:34,(anonymous_1)
FN:41,(anonymous_2)
FN:48,(anonymous_3)
FN:55,(anonymous_4)
FN:70,(anonymous_5)
FN:77,(anonymous_6)
FN:84,(anonymous_7)
FN:91,(anonymous_8)
FN:98,(anonymous_9)
FN:105,(anonymous_10)
FN:112,(anonymous_11)
FN:119,(anonymous_12)
FN:126,(anonymous_13)
FN:133,(anonymous_14)
FN:140,(anonymous_15)
FN:147,(anonymous_16)
FN:154,(anonymous_17)
FN:161,(anonymous_18)
FN:168,(anonymous_19)
FN:175,(anonymous_20)
FN:182,(anonymous_21)
FN:189,(anonymous_22)
FN:196,(anonymous_23)
FN:203,(anonymous_24)
FN:210,(anonymous_25)
FN:217,(anonymous_26)
FNF:27
FNH:21
FNDA:1,(anonymous_0)
FNDA:1,(anonymous_1)
FNDA:1,(anonymous_2)
FNDA:1,(anonymous_3)
FNDA:1,(anonymous_4)
FNDA:1,(anonymous_5)
FNDA:1,(anonymous_6)
FNDA:1,(anonymous_7)
FNDA:1,(anonymous_8)
FNDA:1,(anonymous_9)
FNDA:1,(anonymous_10)
FNDA:1,(anonymous_11)
FNDA:1,(anonymous_12)
FNDA:0,(anonymous_13)
FNDA:1,(anonymous_14)
FNDA:1,(anonymous_15)
FNDA:2,(anonymous_16)
FNDA:1,(anonymous_17)
FNDA:1,(anonymous_18)
FNDA:1,(anonymous_19)
FNDA:1,(anonymous_20)
FNDA:1,(anonymous_21)
FNDA:0,(anonymous_22)
FNDA:0,(anonymous_23)
FNDA:0,(anonymous_24)
FNDA:0,(anonymous_25)
FNDA:0,(anonymous_26)
DA:22,5
DA:23,5
DA:26,1
DA:32,5
DA:35,1
DA:39,5
DA:42,1
DA:46,5
DA:49,1
DA:53,5
DA:56,1
DA:68,5
DA:71,1
DA:75,5
DA:78,1
DA:82,5
DA:85,1
DA:89,5
DA:92,1
DA:96,5
DA:99,1
DA:103,5
DA:106,1
DA:110,5
DA:113,1
DA:117,5
DA:120,1
DA:124,5
DA:127,0
DA:131,5
DA:134,1
DA:138,5
DA:141,1
DA:145,5
DA:148,2
DA:152,5
DA:155,1
DA:159,5
DA:162,1
DA:166,5
DA:169,1
DA:173,5
DA:176,1
DA:180,5
DA:183,1
DA:187,5
DA:190,0
DA:194,5
DA:197,0
DA:201,5
DA:204,0
DA:208,5
DA:211,0
DA:215,5
DA:218,0
DA:222,5
LF:56
LH:50
BRF:0
BRH:0
end_of_record
TN:
SF:/home/travis/build/wasdk/WebAssemblyStudio/src/languages/cton.ts
FN:25,getCompletionItems
FN:103,(anonymous_1)
FN:108,(anonymous_2)
FNF:3
FNH:0
FNDA:0,getCompletionItems
FNDA:0,(anonymous_1)
FNDA:0,(anonymous_2)
DA:22,0
DA:23,0
DA:24,0
DA:26,0
DA:27,0
DA:28,0
DA:30,0
DA:32,0
DA:56,0
DA:99,0
DA:104,0
DA:109,0
LF:12
LH:0
BRDA:27,0,0,0
BRDA:27,0,1,0
BRF:2
BRH:0
end_of_record
TN:
SF:/home/travis/build/wasdk/WebAssemblyStudio/src/languages/log.ts
FNF:0
FNH:0
DA:22,0
DA:23,0
DA:24,0
LF:3
LH:0
BRF:0
BRH:0
end_of_record
TN:
SF:/home/travis/build/wasdk/WebAssemblyStudio/src/languages/rust.ts
FN:30,getCompletionItems
FN:210,(anonymous_1)
FN:215,(anonymous_2)
FNF:3
FNH:0
FNDA:0,getCompletionItems
FNDA:0,(anonymous_1)
FNDA:0,(anonymous_2)
DA:25,0
DA:28,0
DA:29,0
DA:31,0
DA:32,0
DA:33,0
DA:35,0
DA:37,0
DA:63,0
DA:206,0
DA:211,0
DA:216,0
LF:12
LH:0
BRDA:32,0,0,0
BRDA:32,0,1,0
BRF:2
BRH:0
end_of_record
TN:
SF:/home/travis/build/wasdk/WebAssemblyStudio/src/languages/wat.ts
FN:25,getWatCompletionItems
FN:414,watWordAt
FN:427,(anonymous_2)
FN:432,(anonymous_3)
FN:438,(anonymous_4)
FNF:5
FNH:2
FNDA:1,getWatCompletionItems
FNDA:163,watWordAt
FNDA:0,(anonymous_2)
FNDA:0,(anonymous_3)
FNDA:0,(anonymous_4)
DA:22,1
DA:23,1
DA:24,1
DA:26,1
DA:27,1
DA:28,0
DA:30,1
DA:181,1
DA:182,1
DA:210,1
DA:415,163
DA:416,163
DA:417,163
DA:418,1
DA:420,162
DA:422,1
DA:423,1
DA:428,0
DA:433,0
DA:434,0
DA:435,0
DA:436,0
DA:438,0
DA:439,0
DA:440,0
DA:442,0
LF:26
LH:16
BRDA:27,0,0,0
BRDA:27,0,1,1
BRDA:417,1,0,1
BRDA:417,1,1,162
BRDA:435,2,0,0
BRDA:435,2,1,0
BRDA:439,3,0,0
BRDA:439,3,1,0
BRF:8
BRH:3
end_of_record
TN:
SF:/home/travis/build/wasdk/WebAssemblyStudio/src/languages/x86.ts
FN:25,getCompletionItems
FN:126,(anonymous_1)
FN:131,(anonymous_2)
FNF:3
FNH:0
FNDA:0,getCompletionItems
FNDA:0,(anonymous_1)
FNDA:0,(anonymous_2)
DA:22,0
DA:23,0
DA:24,0
DA:26,0
DA:27,0
DA:28,0
DA:30,0
DA:32,0
DA:56,0
DA:122,0
DA:127,0
DA:132,0
LF:12
LH:0
BRDA:27,0,0,0
BRDA:27,0,1,0
BRF:2
BRH:0
end_of_record
TN:
SF:/home/travis/build/wasdk/WebAssemblyStudio/src/stores/AppStore.ts
FN:30,(anonymous_0)
FN:48,(anonymous_1)
FN:56,(anonymous_2)
FN:62,(anonymous_3)
FN:63,(anonymous_4)
FN:64,(anonymous_5)
FN:65,(anonymous_6)
FN:66,(anonymous_7)
FN:67,(anonymous_8)
FN:68,(anonymous_9)
FN:72,(anonymous_10)
FN:73,(anonymous_11)
FN:78,(anonymous_12)
FN:85,(anonymous_13)
FN:91,(anonymous_14)
FN:94,(anonymous_15)
FN:97,(anonymous_16)
FN:100,(anonymous_17)
FN:103,(anonymous_18)
FN:106,(anonymous_19)
FN:109,(anonymous_20)
FN:112,(anonymous_21)
FN:116,(anonymous_22)
FN:119,(anonymous_23)
FN:122,(anonymous_24)
FN:126,(anonymous_25)
FN:130,(anonymous_26)
FN:133,(anonymous_27)
FN:136,(anonymous_28)
FN:139,(anonymous_29)
FN:153,(anonymous_30)
FN:158,(anonymous_31)
FN:166,(anonymous_32)
FN:170,(anonymous_33)
FN:174,(anonymous_34)
FN:182,(anonymous_35)
FN:185,(anonymous_36)
FN:186,(anonymous_37)
FN:192,(anonymous_38)
FN:197,(anonymous_39)
FN:210,(anonymous_40)
FN:211,(anonymous_41)
FN:212,(anonymous_42)
FN:223,(anonymous_43)
FN:232,(anonymous_44)
FN:238,(anonymous_45)
FN:332,(anonymous_46)
FNF:47
FNH:12
FNDA:4,(anonymous_0)
FNDA:6,(anonymous_1)
FNDA:0,(anonymous_2)
FNDA:6,(anonymous_3)
FNDA:1,(anonymous_4)
FNDA:0,(anonymous_5)
FNDA:0,(anonymous_6)
FNDA:0,(anonymous_7)
FNDA:0,(anonymous_8)
FNDA:0,(anonymous_9)
FNDA:0,(anonymous_10)
FNDA:0,(anonymous_11)
FNDA:0,(anonymous_12)
FNDA:0,(anonymous_13)
FNDA:0,(anonymous_14)
FNDA:0,(anonymous_15)
FNDA:0,(anonymous_16)
FNDA:0,(anonymous_17)
FNDA:3,(anonymous_18)
FNDA:0,(anonymous_19)
FNDA:4,(anonymous_20)
FNDA:0,(anonymous_21)
FNDA:0,(anonymous_22)
FNDA:0,(anonymous_23)
FNDA:0,(anonymous_24)
FNDA:4,(anonymous_25)
FNDA:0,(anonymous_26)
FNDA:3,(anonymous_27)
FNDA:3,(anonymous_28)
FNDA:2,(anonymous_29)
FNDA:0,(anonymous_30)
FNDA:0,(anonymous_31)
FNDA:0,(anonymous_32)
FNDA:0,(anonymous_33)
FNDA:0,(anonymous_34)
FNDA:0,(anonymous_35)
FNDA:0,(anonymous_36)
FNDA:0,(anonymous_37)
FNDA:0,(anonymous_38)
FNDA:0,(anonymous_39)
FNDA:0,(anonymous_40)
FNDA:0,(anonymous_41)
FNDA:0,(anonymous_42)
FNDA:0,(anonymous_43)
FNDA:0,(anonymous_44)
FNDA:8,(anonymous_45)
FNDA:8,(anonymous_46)
DA:22,4
DA:23,4
DA:24,4
DA:25,4
DA:26,4
DA:27,4
DA:28,4
DA:31,4
DA:32,4
DA:33,4
DA:34,4
DA:35,4
DA:36,4
DA:37,4
DA:38,4
DA:39,4
DA:40,4
DA:41,4
DA:42,4
DA:43,4
DA:44,4
DA:45,4
DA:46,4
DA:49,6
DA:50,6
DA:51,6
DA:52,6
DA:53,6
DA:54,6
DA:57,0
DA:58,0
DA:59,0
DA:60,0
DA:63,6
DA:64,6
DA:65,6
DA:66,6
DA:67,6
DA:68,6
DA:69,0
DA:70,0
DA:72,6
DA:73,6
DA:74,0
DA:75,0
DA:79,0
DA:80,0
DA:82,0
DA:83,0
DA:86,0
DA:87,0
DA:89,0
DA:92,0
DA:95,0
DA:98,0
DA:101,0
DA:104,3
DA:107,0
DA:110,4
DA:113,0
DA:114,0
DA:117,0
DA:120,0
DA:123,0
DA:124,0
DA:127,4
DA:128,4
DA:131,0
DA:134,3
DA:137,3
DA:140,2
DA:141,2
DA:142,2
DA:144,2
DA:145,2
DA:146,2
DA:147,2
DA:148,2
DA:151,2
DA:154,0
DA:155,0
DA:156,0
DA:158,0
DA:160,0
DA:161,0
DA:162,0
DA:163,0
DA:164,0
DA:167,0
DA:168,0
DA:171,0
DA:172,0
DA:175,0
DA:176,0
DA:177,0
DA:178,0
DA:180,0
DA:183,0
DA:184,0
DA:185,0
DA:186,0
DA:187,0
DA:188,0
DA:189,0
DA:192,0
DA:193,0
DA:195,0
DA:198,0
DA:199,0
DA:200,0
DA:201,0
DA:203,0
DA:204,0
DA:205,0
DA:206,0
DA:207,0
DA:211,0
DA:212,0
DA:213,0
DA:214,0
DA:216,0
DA:217,0
DA:219,0
DA:220,0
DA:221,0
DA:229,0
DA:230,0
DA:233,0
DA:239,8
DA:241,0
DA:242,0
DA:243,0
DA:246,0
DA:247,0
DA:248,0
DA:251,0
DA:252,0
DA:253,0
DA:256,0
DA:257,0
DA:258,0
DA:259,0
DA:262,0
DA:263,0
DA:264,0
DA:267,0
DA:268,0
DA:269,0
DA:272,0
DA:273,0
DA:276,0
DA:277,0
DA:278,0
DA:281,0
DA:282,0
DA:283,0
DA:286,0
DA:287,0
DA:288,0
DA:291,0
DA:292,0
DA:293,0
DA:296,0
DA:297,0
DA:300,6
DA:301,6
DA:304,0
DA:305,0
DA:306,0
DA:309,2
DA:310,2
DA:311,2
DA:314,0
DA:315,0
DA:316,0
DA:319,0
DA:320,0
DA:323,0
DA:324,0
DA:325,0
DA:330,4
DA:331,4
DA:332,8
DA:333,4
LF:184
LH:62
BRDA:79,0,0,0
BRDA:79,0,1,0
BRDA:86,1,0,0
BRDA:86,1,1,0
BRDA:114,2,0,0
BRDA:114,2,1,0
BRDA:124,3,0,0
BRDA:124,3,1,0
BRDA:128,4,0,2
BRDA:128,4,1,2
BRDA:139,5,0,0
BRDA:141,6,0,2
BRDA:141,6,1,0
BRDA:155,7,0,0
BRDA:155,7,1,0
BRDA:177,8,0,0
BRDA:177,8,1,0
BRDA:188,9,0,0
BRDA:188,9,1,0
BRDA:200,10,0,0
BRDA:200,10,1,0
BRDA:200,11,0,0
BRDA:200,11,1,0
BRDA:204,12,0,0
BRDA:204,12,1,0
BRDA:206,13,0,0
BRDA:206,13,1,0
BRDA:239,14,0,0
BRDA:239,14,1,0
BRDA:239,14,2,0
BRDA:239,14,3,0
BRDA:239,14,4,0
BRDA:239,14,5,0
BRDA:239,14,6,0
BRDA:239,14,7,0
BRDA:239,14,8,0
BRDA:239,14,9,0
BRDA:239,14,10,0
BRDA:239,14,11,0
BRDA:239,14,12,6
BRDA:239,14,13,0
BRDA:239,14,14,2
BRDA:239,14,15,0
BRDA:239,14,16,0
BRDA:239,14,17,0
BRF:45
BRH:5
end_of_record
TN:
SF:/home/travis/build/wasdk/WebAssemblyStudio/src/utils/download.ts
FN:22,(anonymous_0)
FN:23,(anonymous_1)
FN:24,fulfilled
FN:25,rejected
FN:26,step
FN:26,(anonymous_5)
FN:33,downloadProject
FN:34,(anonymous_7)
FN:41,(anonymous_8)
FN:46,(anonymous_9)
FN:52,(anonymous_10)
FNF:11
FNH:0
FNDA:0,(anonymous_0)
FNDA:0,(anonymous_1)
FNDA:0,fulfilled
FNDA:0,rejected
FNDA:0,step
FNDA:0,(anonymous_5)
FNDA:0,downloadProject
FNDA:0,(anonymous_7)
FNDA:0,(anonymous_8)
FNDA:0,(anonymous_9)
FNDA:0,(anonymous_10)
DA:22,0
DA:23,0
DA:24,0
DA:25,0
DA:26,0
DA:27,0
DA:30,0
DA:31,0
DA:32,0
DA:34,0
DA:35,0
DA:36,0
DA:37,0
DA:38,0
DA:40,0
DA:41,0
DA:42,0
DA:43,0
DA:44,0
DA:45,0
DA:46,0
DA:47,0
DA:48,0
DA:50,0
DA:52,0
DA:54,0
DA:55,0
DA:56,0
DA:59,0
DA:60,0
DA:61,0
DA:65,0
LF:32
LH:0
BRDA:22,0,0,0
BRDA:22,0,1,0
BRDA:22,0,2,0
BRDA:23,1,0,0
BRDA:23,1,1,0
BRDA:26,2,0,0
BRDA:26,2,1,0
BRDA:27,3,0,0
BRDA:27,3,1,0
BRDA:37,4,0,0
BRDA:37,4,1,0
BRDA:45,5,0,0
BRDA:45,5,1,0
BRF:13
BRH:0
end_of_record
TN:
SF:/home/travis/build/wasdk/WebAssemblyStudio/src/utils/fetchTemplates.ts
FN:22,(anonymous_0)
FN:23,(anonymous_1)
FN:24,fulfilled
FN:25,rejected
FN:26,step
FN:26,(anonymous_5)
FN:31,fetchTemplates
FN:32,(anonymous_7)
FNF:8
FNH:0
FNDA:0,(anonymous_0)
FNDA:0,(anonymous_1)
FNDA:0,fulfilled
FNDA:0,rejected
FNDA:0,step
FNDA:0,(anonymous_5)
FNDA:0,fetchTemplates
FNDA:0,(anonymous_7)
DA:22,0
DA:23,0
DA:24,0
DA:25,0
DA:26,0
DA:27,0
DA:30,0
DA:32,0
DA:33,0
DA:34,0
DA:37,0
LF:11
LH:0
BRDA:22,0,0,0
BRDA:22,0,1,0
BRDA:22,0,2,0
BRDA:23,1,0,0
BRDA:23,1,1,0
BRDA:26,2,0,0
BRDA:26,2,1,0
BRDA:27,3,0,0
BRDA:27,3,1,0
BRF:9
BRH:0
end_of_record
TN:
SF:/home/travis/build/wasdk/WebAssemblyStudio/src/utils/ga.ts
FN:23,gaEvent
FNF:1
FNH:0
FNDA:0,gaEvent
DA:22,7
DA:24,0
DA:25,0
DA:27,0
DA:33,7
LF:5
LH:2
BRDA:24,0,0,0
BRDA:24,0,1,0
BRF:2
BRH:0
end_of_record
TN:
SF:/home/travis/build/wasdk/WebAssemblyStudio/src/utils/group.ts
FN:26,(anonymous_0)
FN:30,(anonymous_1)
FN:59,(anonymous_2)
FN:60,(anonymous_3)
FN:64,(anonymous_4)
FNF:5
FNH:5
FNDA:9,(anonymous_0)
FNDA:4,(anonymous_1)
FNDA:3,(anonymous_2)
FNDA:6,(anonymous_3)
FNDA:1,(anonymous_4)
DA:22,5
DA:23,5
DA:24,5
DA:27,9
DA:28,9
DA:31,4
DA:32,4
DA:33,4
DA:35,1
DA:36,1
DA:37,0
DA:39,1
DA:41,3
DA:42,3
DA:44,0
DA:45,0
DA:46,0
DA:49,3
DA:50,3
DA:54,0
DA:55,0
DA:56,0
DA:60,6
DA:61,3
DA:62,3
DA:65,1
DA:66,1
DA:67,0
DA:69,1
DA:73,1
DA:74,1
DA:75,1
DA:76,1
DA:80,5
LF:34
LH:26
BRDA:26,0,0,0
BRDA:30,1,0,1
BRDA:33,2,0,1
BRDA:33,2,1,3
BRDA:36,3,0,0
BRDA:36,3,1,1
BRDA:36,4,0,1
BRDA:36,4,1,0
BRDA:41,5,0,3
BRDA:41,5,1,0
BRDA:42,6,0,0
BRDA:42,6,1,3
BRDA:59,7,0,3
BRDA:59,8,0,3
BRDA:60,9,0,6
BRDA:60,9,1,0
BRDA:61,10,0,0
BRDA:61,10,1,3
BRDA:66,11,0,0
BRDA:66,11,1,1
BRDA:74,12,0,1
BRDA:74,12,1,0
BRDA:75,13,0,1
BRDA:75,13,1,0
BRF:24
BRH:14
end_of_record
TN:
SF:/home/travis/build/wasdk/WebAssemblyStudio/src/utils/registerLanguages.ts
FN:22,(anonymous_0)
FN:23,(anonymous_1)
FN:24,fulfilled
FN:25,rejected
FN:26,step
FN:26,(anonymous_5)
FN:36,registerLanguages
FN:37,(anonymous_7)
FN:48,(anonymous_8)
FN:58,(anonymous_9)
FN:65,(anonymous_10)
FN:72,(anonymous_11)
FN:79,(anonymous_12)
FNF:13
FNH:0
FNDA:0,(anonymous_0)
FNDA:0,(anonymous_1)
FNDA:0,fulfilled
FNDA:0,rejected
FNDA:0,step
FNDA:0,(anonymous_5)
FNDA:0,registerLanguages
FNDA:0,(anonymous_7)
FNDA:0,(anonymous_8)
FNDA:0,(anonymous_9)
FNDA:0,(anonymous_10)
FNDA:0,(anonymous_11)
FNDA:0,(anonymous_12)
DA:22,0
DA:23,0
DA:24,0
DA:25,0
DA:26,0
DA:27,0
DA:30,0
DA:31,0
DA:32,0
DA:33,0
DA:34,0
DA:35,0
DA:37,0
DA:38,0
DA:48,0
DA:49,0
DA:50,0
DA:51,0
DA:52,0
DA:54,0
DA:58,0
DA:59,0
DA:61,0
DA:65,0
DA:66,0
DA:68,0
DA:72,0
DA:73,0
DA:75,0
DA:79,0
DA:80,0
DA:82,0
DA:85,0
DA:86,0
DA:87,0
DA:88,0
DA:89,0
DA:90,0
DA:93,0
LF:39
LH:0
BRDA:22,0,0,0
BRDA:22,0,1,0
BRDA:22,0,2,0
BRDA:23,1,0,0
BRDA:23,1,1,0
BRDA:26,2,0,0
BRDA:26,2,1,0
BRDA:27,3,0,0
BRDA:27,3,1,0
BRF:9
BRH:0
end_of_record
TN:
SF:/home/travis/build/wasdk/WebAssemblyStudio/src/utils/zlib.ts
FN:22,(anonymous_0)
FN:23,(anonymous_1)
FN:24,fulfilled
FN:25,rejected
FN:26,step
FN:26,(anonymous_5)
FN:31,isZlibData
FN:36,decompressZlib
FN:37,(anonymous_8)
FN:38,(anonymous_9)
FNF:10
FNH:0
FNDA:0,(anonymous_0)
FNDA:0,(anonymous_1)
FNDA:0,fulfilled
FNDA:0,rejected
FNDA:0,step
FNDA:0,(anonymous_5)
FNDA:0,isZlibData
FNDA:0,decompressZlib
FNDA:0,(anonymous_8)
FNDA:0,(anonymous_9)
DA:22,7
DA:23,0
DA:24,0
DA:25,0
DA:26,0
DA:27,0
DA:30,7
DA:32,0
DA:33,0
DA:35,7
DA:37,0
DA:38,0
DA:39,0
DA:42,7
LF:14
LH:4
BRDA:22,0,0,7
BRDA:22,0,1,7
BRDA:22,0,2,7
BRDA:23,1,0,0
BRDA:23,1,1,0
BRDA:26,2,0,0
BRDA:26,2,1,0
BRDA:27,3,0,0
BRDA:27,3,1,0
BRDA:33,4,0,0
BRDA:33,4,1,0
BRDA:33,4,2,0
BRDA:33,4,3,0
BRF:13
BRH:3
end_of_record
